<?xml version="1.0" encoding="UTF-8"?>
<testng-results ignored="0" total="1" passed="0" failed="0" skipped="1">
  <reporter-output>
  </reporter-output>
  <suite started-at="2026-02-20T00:31:29 IST" name="Default suite" finished-at="2026-02-20T00:31:29 IST" duration-ms="188">
    <groups>
    </groups>
    <test started-at="2026-02-20T00:31:29 IST" name="Default test" finished-at="2026-02-20T00:31:29 IST" duration-ms="188">
      <class name="test.LoginTest">
        <test-method is-config="true" signature="lunchUrl()[pri:0, instance:test.LoginTest@619713e5]" started-at="2026-02-20T00:31:29 IST" name="lunchUrl" finished-at="2026-02-20T00:31:29 IST" duration-ms="44" status="FAIL">
          <exception class="java.lang.StackOverflowError">
            <full-stacktrace>
              <![CDATA[java.lang.StackOverflowError
at test.LoginTest.lunchUrl(LoginTest.java:12)
at test.LoginTest.lunchUrl(LoginTest.java:12)
at test.LoginTest.lunchUrl(LoginTest.java:12)
at test.LoginTest.lunchUrl(LoginTest.java:12)
at test.LoginTest.lunchUrl(LoginTest.java:12)
at test.LoginTest.lunchUrl(LoginTest.java:12)
at test.LoginTest.lunchUrl(LoginTest.java:12)
at test.LoginTest.lunchUrl(LoginTest.java:12)
at test.LoginTest.lunchUrl(LoginTest.java:12)
at test.LoginTest.lunchUrl(LoginTest.java:12)
at test.LoginTest.lunchUrl(LoginTest.java:12)
at test.LoginTest.lunchUrl(LoginTest.java:12)
at test.LoginTest.lunchUrl(LoginTest.java:12)
at test.LoginTest.lunchUrl(LoginTest.java:12)
at test.LoginTest.lunchUrl(LoginTest.java:12)
at test.LoginTest.lunchUrl(LoginTest.java:12)
at test.LoginTest.lunchUrl(LoginTest.java:12)
at test.LoginTest.lunchUrl(LoginTest.java:12)
at test.LoginTest.lunchUrl(LoginTest.java:12)
at test.LoginTest.lunchUrl(LoginTest.java:12)
at test.LoginTest.lunchUrl(LoginTest.java:12)
at test.LoginTest.lunchUrl(LoginTest.java:12)
at test.LoginTest.lunchUrl(LoginTest.java:12)
at test.LoginTest.lunchUrl(LoginTest.java:12)
at test.LoginTest.lunchUrl(LoginTest.java:12)
at test.LoginTest.lunchUrl(LoginTest.java:12)
at test.LoginTest.lunchUrl(LoginTest.java:12)
at test.LoginTest.lunchUrl(LoginTest.java:12)
at test.LoginTest.lunchUrl(LoginTest.java:12)
at test.LoginTest.lunchUrl(LoginTest.java:12)
at test.LoginTest.lunchUrl(LoginTest.java:12)
at test.LoginTest.lunchUrl(LoginTest.java:12)
at test.LoginTest.lunchUrl(LoginTest.java:12)
at test.LoginTest.lunchUrl(LoginTest.java:12)
at test.LoginTest.lunchUrl(LoginTest.java:12)
at test.LoginTest.lunchUrl(LoginTest.java:12)
at test.LoginTest.lunchUrl(LoginTest.java:12)
at test.LoginTest.lunchUrl(LoginTest.java:12)
at test.LoginTest.lunchUrl(LoginTest.java:12)
at test.LoginTest.lunchUrl(LoginTest.java:12)
at test.LoginTest.lunchUrl(LoginTest.java:12)
at test.LoginTest.lunchUrl(LoginTest.java:12)
at test.LoginTest.lunchUrl(LoginTest.java:12)
at test.LoginTest.lunchUrl(LoginTest.java:12)
at test.LoginTest.lunchUrl(LoginTest.java:12)
at test.LoginTest.lunchUrl(LoginTest.java:12)
at test.LoginTest.lunchUrl(LoginTest.java:12)
at test.LoginTest.lunchUrl(LoginTest.java:12)
at test.LoginTest.lunchUrl(LoginTest.java:12)
at test.LoginTest.lunchUrl(LoginTest.java:12)
at test.LoginTest.lunchUrl(LoginTest.java:12)
at test.LoginTest.lunchUrl(LoginTest.java:12)
at test.LoginTest.lunchUrl(LoginTest.java:12)
at test.LoginTest.lunchUrl(LoginTest.java:12)
at test.LoginTest.lunchUrl(LoginTest.java:12)
at test.LoginTest.lunchUrl(LoginTest.java:12)
at test.LoginTest.lunchUrl(LoginTest.java:12)
at test.LoginTest.lunchUrl(LoginTest.java:12)
at test.LoginTest.lunchUrl(LoginTest.java:12)
at test.LoginTest.lunchUrl(LoginTest.java:12)
at test.LoginTest.lunchUrl(LoginTest.java:12)
at test.LoginTest.lunchUrl(LoginTest.java:12)
at test.LoginTest.lunchUrl(LoginTest.java:12)
at test.LoginTest.lunchUrl(LoginTest.java:12)
at test.LoginTest.lunchUrl(LoginTest.java:12)
at test.LoginTest.lunchUrl(LoginTest.java:12)
at test.LoginTest.lunchUrl(LoginTest.java:12)
at test.LoginTest.lunchUrl(LoginTest.java:12)
at test.LoginTest.lunchUrl(LoginTest.java:12)
at test.LoginTest.lunchUrl(LoginTest.java:12)
at test.LoginTest.lunchUrl(LoginTest.java:12)
at test.LoginTest.lunchUrl(LoginTest.java:12)
at test.LoginTest.lunchUrl(LoginTest.java:12)
at test.LoginTest.lunchUrl(LoginTest.java:12)
at test.LoginTest.lunchUrl(LoginTest.java:12)
at test.LoginTest.lunchUrl(LoginTest.java:12)
at test.LoginTest.lunchUrl(LoginTest.java:12)
at test.LoginTest.lunchUrl(LoginTest.java:12)
at test.LoginTest.lunchUrl(LoginTest.java:12)
at test.LoginTest.lunchUrl(LoginTest.java:12)
at test.LoginTest.lunchUrl(LoginTest.java:12)
at test.LoginTest.lunchUrl(LoginTest.java:12)
at test.LoginTest.lunchUrl(LoginTest.java:12)
at test.LoginTest.lunchUrl(LoginTest.java:12)
at test.LoginTest.lunchUrl(LoginTest.java:12)
at test.LoginTest.lunchUrl(LoginTest.java:12)
at test.LoginTest.lunchUrl(LoginTest.java:12)
at test.LoginTest.lunchUrl(LoginTest.java:12)
at test.LoginTest.lunchUrl(LoginTest.java:12)
at test.LoginTest.lunchUrl(LoginTest.java:12)
at test.LoginTest.lunchUrl(LoginTest.java:12)
at test.LoginTest.lunchUrl(LoginTest.java:12)
at test.LoginTest.lunchUrl(LoginTest.java:12)
at test.LoginTest.lunchUrl(LoginTest.java:12)
at test.LoginTest.lunchUrl(LoginTest.java:12)
at test.LoginTest.lunchUrl(LoginTest.java:12)
at test.LoginTest.lunchUrl(LoginTest.java:12)
at test.LoginTest.lunchUrl(LoginTest.java:12)
at test.LoginTest.lunchUrl(LoginTest.java:12)
at test.LoginTest.lunchUrl(LoginTest.java:12)
at test.LoginTest.lunchUrl(LoginTest.java:12)
at test.LoginTest.lunchUrl(LoginTest.java:12)
at test.LoginTest.lunchUrl(LoginTest.java:12)
at test.LoginTest.lunchUrl(LoginTest.java:12)
at test.LoginTest.lunchUrl(LoginTest.java:12)
at test.LoginTest.lunchUrl(LoginTest.java:12)
at test.LoginTest.lunchUrl(LoginTest.java:12)
at test.LoginTest.lunchUrl(LoginTest.java:12)
at test.LoginTest.lunchUrl(LoginTest.java:12)
at test.LoginTest.lunchUrl(LoginTest.java:12)
at test.LoginTest.lunchUrl(LoginTest.java:12)
at test.LoginTest.lunchUrl(LoginTest.java:12)
at test.LoginTest.lunchUrl(LoginTest.java:12)
at test.LoginTest.lunchUrl(LoginTest.java:12)
at test.LoginTest.lunchUrl(LoginTest.java:12)
at test.LoginTest.lunchUrl(LoginTest.java:12)
at test.LoginTest.lunchUrl(LoginTest.java:12)
at test.LoginTest.lunchUrl(LoginTest.java:12)
at test.LoginTest.lunchUrl(LoginTest.java:12)
at test.LoginTest.lunchUrl(LoginTest.java:12)
at test.LoginTest.lunchUrl(LoginTest.java:12)
at test.LoginTest.lunchUrl(LoginTest.java:12)
at test.LoginTest.lunchUrl(LoginTest.java:12)
at test.LoginTest.lunchUrl(LoginTest.java:12)
at test.LoginTest.lunchUrl(LoginTest.java:12)
at test.LoginTest.lunchUrl(LoginTest.java:12)
at test.LoginTest.lunchUrl(LoginTest.java:12)
at test.LoginTest.lunchUrl(LoginTest.java:12)
at test.LoginTest.lunchUrl(LoginTest.java:12)
at test.LoginTest.lunchUrl(LoginTest.java:12)
at test.LoginTest.lunchUrl(LoginTest.java:12)
at test.LoginTest.lunchUrl(LoginTest.java:12)
at test.LoginTest.lunchUrl(LoginTest.java:12)
at test.LoginTest.lunchUrl(LoginTest.java:12)
at test.LoginTest.lunchUrl(LoginTest.java:12)
at test.LoginTest.lunchUrl(LoginTest.java:12)
at test.LoginTest.lunchUrl(LoginTest.java:12)
at test.LoginTest.lunchUrl(LoginTest.java:12)
at test.LoginTest.lunchUrl(LoginTest.java:12)
at test.LoginTest.lunchUrl(LoginTest.java:12)
at test.LoginTest.lunchUrl(LoginTest.java:12)
at test.LoginTest.lunchUrl(LoginTest.java:12)
at test.LoginTest.lunchUrl(LoginTest.java:12)
at test.LoginTest.lunchUrl(LoginTest.java:12)
at test.LoginTest.lunchUrl(LoginTest.java:12)
at test.LoginTest.lunchUrl(LoginTest.java:12)
at test.LoginTest.lunchUrl(LoginTest.java:12)
at test.LoginTest.lunchUrl(LoginTest.java:12)
at test.LoginTest.lunchUrl(LoginTest.java:12)
at test.LoginTest.lunchUrl(LoginTest.java:12)
at test.LoginTest.lunchUrl(LoginTest.java:12)
at test.LoginTest.lunchUrl(LoginTest.java:12)
at test.LoginTest.lunchUrl(LoginTest.java:12)
at test.LoginTest.lunchUrl(LoginTest.java:12)
at test.LoginTest.lunchUrl(LoginTest.java:12)
at test.LoginTest.lunchUrl(LoginTest.java:12)
at test.LoginTest.lunchUrl(LoginTest.java:12)
at test.LoginTest.lunchUrl(LoginTest.java:12)
at test.LoginTest.lunchUrl(LoginTest.java:12)
at test.LoginTest.lunchUrl(LoginTest.java:12)
at test.LoginTest.lunchUrl(LoginTest.java:12)
at test.LoginTest.lunchUrl(LoginTest.java:12)
at test.LoginTest.lunchUrl(LoginTest.java:12)
at test.LoginTest.lunchUrl(LoginTest.java:12)
at test.LoginTest.lunchUrl(LoginTest.java:12)
at test.LoginTest.lunchUrl(LoginTest.java:12)
at test.LoginTest.lunchUrl(LoginTest.java:12)
at test.LoginTest.lunchUrl(LoginTest.java:12)
at test.LoginTest.lunchUrl(LoginTest.java:12)
at test.LoginTest.lunchUrl(LoginTest.java:12)
at test.LoginTest.lunchUrl(LoginTest.java:12)
at test.LoginTest.lunchUrl(LoginTest.java:12)
at test.LoginTest.lunchUrl(LoginTest.java:12)
at test.LoginTest.lunchUrl(LoginTest.java:12)
at test.LoginTest.lunchUrl(LoginTest.java:12)
at test.LoginTest.lunchUrl(LoginTest.java:12)
at test.LoginTest.lunchUrl(LoginTest.java:12)
at test.LoginTest.lunchUrl(LoginTest.java:12)
at test.LoginTest.lunchUrl(LoginTest.java:12)
at test.LoginTest.lunchUrl(LoginTest.java:12)
at test.LoginTest.lunchUrl(LoginTest.java:12)
at test.LoginTest.lunchUrl(LoginTest.java:12)
at test.LoginTest.lunchUrl(LoginTest.java:12)
at test.LoginTest.lunchUrl(LoginTest.java:12)
at test.LoginTest.lunchUrl(LoginTest.java:12)
at test.LoginTest.lunchUrl(LoginTest.java:12)
at test.LoginTest.lunchUrl(LoginTest.java:12)
at test.LoginTest.lunchUrl(LoginTest.java:12)
at test.LoginTest.lunchUrl(LoginTest.java:12)
at test.LoginTest.lunchUrl(LoginTest.java:12)
at test.LoginTest.lunchUrl(LoginTest.java:12)
at test.LoginTest.lunchUrl(LoginTest.java:12)
at test.LoginTest.lunchUrl(LoginTest.java:12)
at test.LoginTest.lunchUrl(LoginTest.java:12)
at test.LoginTest.lunchUrl(LoginTest.java:12)
at test.LoginTest.lunchUrl(LoginTest.java:12)
at test.LoginTest.lunchUrl(LoginTest.java:12)
at test.LoginTest.lunchUrl(LoginTest.java:12)
at test.LoginTest.lunchUrl(LoginTest.java:12)
at test.LoginTest.lunchUrl(LoginTest.java:12)
at test.LoginTest.lunchUrl(LoginTest.java:12)
at test.LoginTest.lunchUrl(LoginTest.java:12)
at test.LoginTest.lunchUrl(LoginTest.java:12)
at test.LoginTest.lunchUrl(LoginTest.java:12)
at test.LoginTest.lunchUrl(LoginTest.java:12)
at test.LoginTest.lunchUrl(LoginTest.java:12)
at test.LoginTest.lunchUrl(LoginTest.java:12)
at test.LoginTest.lunchUrl(LoginTest.java:12)
at test.LoginTest.lunchUrl(LoginTest.java:12)
at test.LoginTest.lunchUrl(LoginTest.java:12)
at test.LoginTest.lunchUrl(LoginTest.java:12)
at test.LoginTest.lunchUrl(LoginTest.java:12)
at test.LoginTest.lunchUrl(LoginTest.java:12)
at test.LoginTest.lunchUrl(LoginTest.java:12)
at test.LoginTest.lunchUrl(LoginTest.java:12)
at test.LoginTest.lunchUrl(LoginTest.java:12)
at test.LoginTest.lunchUrl(LoginTest.java:12)
at test.LoginTest.lunchUrl(LoginTest.java:12)
at test.LoginTest.lunchUrl(LoginTest.java:12)
at test.LoginTest.lunchUrl(LoginTest.java:12)
at test.LoginTest.lunchUrl(LoginTest.java:12)
at test.LoginTest.lunchUrl(LoginTest.java:12)
at test.LoginTest.lunchUrl(LoginTest.java:12)
at test.LoginTest.lunchUrl(LoginTest.java:12)
at test.LoginTest.lunchUrl(LoginTest.java:12)
at test.LoginTest.lunchUrl(LoginTest.java:12)
at test.LoginTest.lunchUrl(LoginTest.java:12)
at test.LoginTest.lunchUrl(LoginTest.java:12)
at test.LoginTest.lunchUrl(LoginTest.java:12)
at test.LoginTest.lunchUrl(LoginTest.java:12)
at test.LoginTest.lunchUrl(LoginTest.java:12)
at test.LoginTest.lunchUrl(LoginTest.java:12)
at test.LoginTest.lunchUrl(LoginTest.java:12)
at test.LoginTest.lunchUrl(LoginTest.java:12)
at test.LoginTest.lunchUrl(LoginTest.java:12)
at test.LoginTest.lunchUrl(LoginTest.java:12)
at test.LoginTest.lunchUrl(LoginTest.java:12)
at test.LoginTest.lunchUrl(LoginTest.java:12)
at test.LoginTest.lunchUrl(LoginTest.java:12)
at test.LoginTest.lunchUrl(LoginTest.java:12)
at test.LoginTest.lunchUrl(LoginTest.java:12)
at test.LoginTest.lunchUrl(LoginTest.java:12)
at test.LoginTest.lunchUrl(LoginTest.java:12)
at test.LoginTest.lunchUrl(LoginTest.java:12)
at test.LoginTest.lunchUrl(LoginTest.java:12)
at test.LoginTest.lunchUrl(LoginTest.java:12)
at test.LoginTest.lunchUrl(LoginTest.java:12)
at test.LoginTest.lunchUrl(LoginTest.java:12)
at test.LoginTest.lunchUrl(LoginTest.java:12)
at test.LoginTest.lunchUrl(LoginTest.java:12)
at test.LoginTest.lunchUrl(LoginTest.java:12)
at test.LoginTest.lunchUrl(LoginTest.java:12)
at test.LoginTest.lunchUrl(LoginTest.java:12)
at test.LoginTest.lunchUrl(LoginTest.java:12)
at test.LoginTest.lunchUrl(LoginTest.java:12)
at test.LoginTest.lunchUrl(LoginTest.java:12)
at test.LoginTest.lunchUrl(LoginTest.java:12)
at test.LoginTest.lunchUrl(LoginTest.java:12)
at test.LoginTest.lunchUrl(LoginTest.java:12)
at test.LoginTest.lunchUrl(LoginTest.java:12)
at test.LoginTest.lunchUrl(LoginTest.java:12)
at test.LoginTest.lunchUrl(LoginTest.java:12)
at test.LoginTest.lunchUrl(LoginTest.java:12)
at test.LoginTest.lunchUrl(LoginTest.java:12)
at test.LoginTest.lunchUrl(LoginTest.java:12)
at test.LoginTest.lunchUrl(LoginTest.java:12)
at test.LoginTest.lunchUrl(LoginTest.java:12)
at test.LoginTest.lunchUrl(LoginTest.java:12)
at test.LoginTest.lunchUrl(LoginTest.java:12)
at test.LoginTest.lunchUrl(LoginTest.java:12)
at test.LoginTest.lunchUrl(LoginTest.java:12)
at test.LoginTest.lunchUrl(LoginTest.java:12)
at test.LoginTest.lunchUrl(LoginTest.java:12)
at test.LoginTest.lunchUrl(LoginTest.java:12)
at test.LoginTest.lunchUrl(LoginTest.java:12)
at test.LoginTest.lunchUrl(LoginTest.java:12)
at test.LoginTest.lunchUrl(LoginTest.java:12)
at test.LoginTest.lunchUrl(LoginTest.java:12)
at test.LoginTest.lunchUrl(LoginTest.java:12)
at test.LoginTest.lunchUrl(LoginTest.java:12)
at test.LoginTest.lunchUrl(LoginTest.java:12)
at test.LoginTest.lunchUrl(LoginTest.java:12)
at test.LoginTest.lunchUrl(LoginTest.java:12)
at test.LoginTest.lunchUrl(LoginTest.java:12)
at test.LoginTest.lunchUrl(LoginTest.java:12)
at test.LoginTest.lunchUrl(LoginTest.java:12)
at test.LoginTest.lunchUrl(LoginTest.java:12)
at test.LoginTest.lunchUrl(LoginTest.java:12)
at test.LoginTest.lunchUrl(LoginTest.java:12)
at test.LoginTest.lunchUrl(LoginTest.java:12)
at test.LoginTest.lunchUrl(LoginTest.java:12)
at test.LoginTest.lunchUrl(LoginTest.java:12)
at test.LoginTest.lunchUrl(LoginTest.java:12)
at test.LoginTest.lunchUrl(LoginTest.java:12)
at test.LoginTest.lunchUrl(LoginTest.java:12)
at test.LoginTest.lunchUrl(LoginTest.java:12)
at test.LoginTest.lunchUrl(LoginTest.java:12)
at test.LoginTest.lunchUrl(LoginTest.java:12)
at test.LoginTest.lunchUrl(LoginTest.java:12)
at test.LoginTest.lunchUrl(LoginTest.java:12)
at test.LoginTest.lunchUrl(LoginTest.java:12)
at test.LoginTest.lunchUrl(LoginTest.java:12)
at test.LoginTest.lunchUrl(LoginTest.java:12)
at test.LoginTest.lunchUrl(LoginTest.java:12)
at test.LoginTest.lunchUrl(LoginTest.java:12)
at test.LoginTest.lunchUrl(LoginTest.java:12)
at test.LoginTest.lunchUrl(LoginTest.java:12)
at test.LoginTest.lunchUrl(LoginTest.java:12)
at test.LoginTest.lunchUrl(LoginTest.java:12)
at test.LoginTest.lunchUrl(LoginTest.java:12)
at test.LoginTest.lunchUrl(LoginTest.java:12)
at test.LoginTest.lunchUrl(LoginTest.java:12)
at test.LoginTest.lunchUrl(LoginTest.java:12)
at test.LoginTest.lunchUrl(LoginTest.java:12)
at test.LoginTest.lunchUrl(LoginTest.java:12)
at test.LoginTest.lunchUrl(LoginTest.java:12)
at test.LoginTest.lunchUrl(LoginTest.java:12)
at test.LoginTest.lunchUrl(LoginTest.java:12)
at test.LoginTest.lunchUrl(LoginTest.java:12)
at test.LoginTest.lunchUrl(LoginTest.java:12)
at test.LoginTest.lunchUrl(LoginTest.java:12)
at test.LoginTest.lunchUrl(LoginTest.java:12)
at test.LoginTest.lunchUrl(LoginTest.java:12)
at test.LoginTest.lunchUrl(LoginTest.java:12)
at test.LoginTest.lunchUrl(LoginTest.java:12)
at test.LoginTest.lunchUrl(LoginTest.java:12)
at test.LoginTest.lunchUrl(LoginTest.java:12)
at test.LoginTest.lunchUrl(LoginTest.java:12)
at test.LoginTest.lunchUrl(LoginTest.java:12)
at test.LoginTest.lunchUrl(LoginTest.java:12)
at test.LoginTest.lunchUrl(LoginTest.java:12)
at test.LoginTest.lunchUrl(LoginTest.java:12)
at test.LoginTest.lunchUrl(LoginTest.java:12)
at test.LoginTest.lunchUrl(LoginTest.java:12)
at test.LoginTest.lunchUrl(LoginTest.java:12)
at test.LoginTest.lunchUrl(LoginTest.java:12)
at test.LoginTest.lunchUrl(LoginTest.java:12)
at test.LoginTest.lunchUrl(LoginTest.java:12)
at test.LoginTest.lunchUrl(LoginTest.java:12)
at test.LoginTest.lunchUrl(LoginTest.java:12)
at test.LoginTest.lunchUrl(LoginTest.java:12)
at test.LoginTest.lunchUrl(LoginTest.java:12)
at test.LoginTest.lunchUrl(LoginTest.java:12)
at test.LoginTest.lunchUrl(LoginTest.java:12)
at test.LoginTest.lunchUrl(LoginTest.java:12)
at test.LoginTest.lunchUrl(LoginTest.java:12)
at test.LoginTest.lunchUrl(LoginTest.java:12)
at test.LoginTest.lunchUrl(LoginTest.java:12)
at test.LoginTest.lunchUrl(LoginTest.java:12)
at test.LoginTest.lunchUrl(LoginTest.java:12)
at test.LoginTest.lunchUrl(LoginTest.java:12)
at test.LoginTest.lunchUrl(LoginTest.java:12)
at test.LoginTest.lunchUrl(LoginTest.java:12)
at test.LoginTest.lunchUrl(LoginTest.java:12)
at test.LoginTest.lunchUrl(LoginTest.java:12)
at test.LoginTest.lunchUrl(LoginTest.java:12)
at test.LoginTest.lunchUrl(LoginTest.java:12)
at test.LoginTest.lunchUrl(LoginTest.java:12)
at test.LoginTest.lunchUrl(LoginTest.java:12)
at test.LoginTest.lunchUrl(LoginTest.java:12)
at test.LoginTest.lunchUrl(LoginTest.java:12)
at test.LoginTest.lunchUrl(LoginTest.java:12)
at test.LoginTest.lunchUrl(LoginTest.java:12)
at test.LoginTest.lunchUrl(LoginTest.java:12)
at test.LoginTest.lunchUrl(LoginTest.java:12)
at test.LoginTest.lunchUrl(LoginTest.java:12)
at test.LoginTest.lunchUrl(LoginTest.java:12)
at test.LoginTest.lunchUrl(LoginTest.java:12)
at test.LoginTest.lunchUrl(LoginTest.java:12)
at test.LoginTest.lunchUrl(LoginTest.java:12)
at test.LoginTest.lunchUrl(LoginTest.java:12)
at test.LoginTest.lunchUrl(LoginTest.java:12)
at test.LoginTest.lunchUrl(LoginTest.java:12)
at test.LoginTest.lunchUrl(LoginTest.java:12)
at test.LoginTest.lunchUrl(LoginTest.java:12)
at test.LoginTest.lunchUrl(LoginTest.java:12)
at test.LoginTest.lunchUrl(LoginTest.java:12)
at test.LoginTest.lunchUrl(LoginTest.java:12)
at test.LoginTest.lunchUrl(LoginTest.java:12)
at test.LoginTest.lunchUrl(LoginTest.java:12)
at test.LoginTest.lunchUrl(LoginTest.java:12)
at test.LoginTest.lunchUrl(LoginTest.java:12)
at test.LoginTest.lunchUrl(LoginTest.java:12)
at test.LoginTest.lunchUrl(LoginTest.java:12)
at test.LoginTest.lunchUrl(LoginTest.java:12)
at test.LoginTest.lunchUrl(LoginTest.java:12)
at test.LoginTest.lunchUrl(LoginTest.java:12)
at test.LoginTest.lunchUrl(LoginTest.java:12)
at test.LoginTest.lunchUrl(LoginTest.java:12)
at test.LoginTest.lunchUrl(LoginTest.java:12)
at test.LoginTest.lunchUrl(LoginTest.java:12)
at test.LoginTest.lunchUrl(LoginTest.java:12)
at test.LoginTest.lunchUrl(LoginTest.java:12)
at test.LoginTest.lunchUrl(LoginTest.java:12)
at test.LoginTest.lunchUrl(LoginTest.java:12)
at test.LoginTest.lunchUrl(LoginTest.java:12)
at test.LoginTest.lunchUrl(LoginTest.java:12)
at test.LoginTest.lunchUrl(LoginTest.java:12)
at test.LoginTest.lunchUrl(LoginTest.java:12)
at test.LoginTest.lunchUrl(LoginTest.java:12)
at test.LoginTest.lunchUrl(LoginTest.java:12)
at test.LoginTest.lunchUrl(LoginTest.java:12)
at test.LoginTest.lunchUrl(LoginTest.java:12)
at test.LoginTest.lunchUrl(LoginTest.java:12)
at test.LoginTest.lunchUrl(LoginTest.java:12)
at test.LoginTest.lunchUrl(LoginTest.java:12)
at test.LoginTest.lunchUrl(LoginTest.java:12)
at test.LoginTest.lunchUrl(LoginTest.java:12)
at test.LoginTest.lunchUrl(LoginTest.java:12)
at test.LoginTest.lunchUrl(LoginTest.java:12)
at test.LoginTest.lunchUrl(LoginTest.java:12)
at test.LoginTest.lunchUrl(LoginTest.java:12)
at test.LoginTest.lunchUrl(LoginTest.java:12)
at test.LoginTest.lunchUrl(LoginTest.java:12)
at test.LoginTest.lunchUrl(LoginTest.java:12)
at test.LoginTest.lunchUrl(LoginTest.java:12)
at test.LoginTest.lunchUrl(LoginTest.java:12)
at test.LoginTest.lunchUrl(LoginTest.java:12)
at test.LoginTest.lunchUrl(LoginTest.java:12)
at test.LoginTest.lunchUrl(LoginTest.java:12)
at test.LoginTest.lunchUrl(LoginTest.java:12)
at test.LoginTest.lunchUrl(LoginTest.java:12)
at test.LoginTest.lunchUrl(LoginTest.java:12)
at test.LoginTest.lunchUrl(LoginTest.java:12)
at test.LoginTest.lunchUrl(LoginTest.java:12)
at test.LoginTest.lunchUrl(LoginTest.java:12)
at test.LoginTest.lunchUrl(LoginTest.java:12)
at test.LoginTest.lunchUrl(LoginTest.java:12)
at test.LoginTest.lunchUrl(LoginTest.java:12)
at test.LoginTest.lunchUrl(LoginTest.java:12)
at test.LoginTest.lunchUrl(LoginTest.java:12)
at test.LoginTest.lunchUrl(LoginTest.java:12)
at test.LoginTest.lunchUrl(LoginTest.java:12)
at test.LoginTest.lunchUrl(LoginTest.java:12)
at test.LoginTest.lunchUrl(LoginTest.java:12)
at test.LoginTest.lunchUrl(LoginTest.java:12)
at test.LoginTest.lunchUrl(LoginTest.java:12)
at test.LoginTest.lunchUrl(LoginTest.java:12)
at test.LoginTest.lunchUrl(LoginTest.java:12)
at test.LoginTest.lunchUrl(LoginTest.java:12)
at test.LoginTest.lunchUrl(LoginTest.java:12)
at test.LoginTest.lunchUrl(LoginTest.java:12)
at test.LoginTest.lunchUrl(LoginTest.java:12)
at test.LoginTest.lunchUrl(LoginTest.java:12)
at test.LoginTest.lunchUrl(LoginTest.java:12)
at test.LoginTest.lunchUrl(LoginTest.java:12)
at test.LoginTest.lunchUrl(LoginTest.java:12)
at test.LoginTest.lunchUrl(LoginTest.java:12)
at test.LoginTest.lunchUrl(LoginTest.java:12)
at test.LoginTest.lunchUrl(LoginTest.java:12)
at test.LoginTest.lunchUrl(LoginTest.java:12)
at test.LoginTest.lunchUrl(LoginTest.java:12)
at test.LoginTest.lunchUrl(LoginTest.java:12)
at test.LoginTest.lunchUrl(LoginTest.java:12)
at test.LoginTest.lunchUrl(LoginTest.java:12)
at test.LoginTest.lunchUrl(LoginTest.java:12)
at test.LoginTest.lunchUrl(LoginTest.java:12)
at test.LoginTest.lunchUrl(LoginTest.java:12)
at test.LoginTest.lunchUrl(LoginTest.java:12)
at test.LoginTest.lunchUrl(LoginTest.java:12)
at test.LoginTest.lunchUrl(LoginTest.java:12)
at test.LoginTest.lunchUrl(LoginTest.java:12)
at test.LoginTest.lunchUrl(LoginTest.java:12)
at test.LoginTest.lunchUrl(LoginTest.java:12)
at test.LoginTest.lunchUrl(LoginTest.java:12)
at test.LoginTest.lunchUrl(LoginTest.java:12)
at test.LoginTest.lunchUrl(LoginTest.java:12)
at test.LoginTest.lunchUrl(LoginTest.java:12)
at test.LoginTest.lunchUrl(LoginTest.java:12)
at test.LoginTest.lunchUrl(LoginTest.java:12)
at test.LoginTest.lunchUrl(LoginTest.java:12)
at test.LoginTest.lunchUrl(LoginTest.java:12)
at test.LoginTest.lunchUrl(LoginTest.java:12)
at test.LoginTest.lunchUrl(LoginTest.java:12)
at test.LoginTest.lunchUrl(LoginTest.java:12)
at test.LoginTest.lunchUrl(LoginTest.java:12)
at test.LoginTest.lunchUrl(LoginTest.java:12)
at test.LoginTest.lunchUrl(LoginTest.java:12)
at test.LoginTest.lunchUrl(LoginTest.java:12)
at test.LoginTest.lunchUrl(LoginTest.java:12)
at test.LoginTest.lunchUrl(LoginTest.java:12)
at test.LoginTest.lunchUrl(LoginTest.java:12)
at test.LoginTest.lunchUrl(LoginTest.java:12)
at test.LoginTest.lunchUrl(LoginTest.java:12)
at test.LoginTest.lunchUrl(LoginTest.java:12)
at test.LoginTest.lunchUrl(LoginTest.java:12)
at test.LoginTest.lunchUrl(LoginTest.java:12)
at test.LoginTest.lunchUrl(LoginTest.java:12)
at test.LoginTest.lunchUrl(LoginTest.java:12)
at test.LoginTest.lunchUrl(LoginTest.java:12)
at test.LoginTest.lunchUrl(LoginTest.java:12)
at test.LoginTest.lunchUrl(LoginTest.java:12)
at test.LoginTest.lunchUrl(LoginTest.java:12)
at test.LoginTest.lunchUrl(LoginTest.java:12)
at test.LoginTest.lunchUrl(LoginTest.java:12)
at test.LoginTest.lunchUrl(LoginTest.java:12)
at test.LoginTest.lunchUrl(LoginTest.java:12)
at test.LoginTest.lunchUrl(LoginTest.java:12)
at test.LoginTest.lunchUrl(LoginTest.java:12)
at test.LoginTest.lunchUrl(LoginTest.java:12)
at test.LoginTest.lunchUrl(LoginTest.java:12)
at test.LoginTest.lunchUrl(LoginTest.java:12)
at test.LoginTest.lunchUrl(LoginTest.java:12)
at test.LoginTest.lunchUrl(LoginTest.java:12)
at test.LoginTest.lunchUrl(LoginTest.java:12)
at test.LoginTest.lunchUrl(LoginTest.java:12)
at test.LoginTest.lunchUrl(LoginTest.java:12)
at test.LoginTest.lunchUrl(LoginTest.java:12)
at test.LoginTest.lunchUrl(LoginTest.java:12)
at test.LoginTest.lunchUrl(LoginTest.java:12)
at test.LoginTest.lunchUrl(LoginTest.java:12)
at test.LoginTest.lunchUrl(LoginTest.java:12)
at test.LoginTest.lunchUrl(LoginTest.java:12)
at test.LoginTest.lunchUrl(LoginTest.java:12)
at test.LoginTest.lunchUrl(LoginTest.java:12)
at test.LoginTest.lunchUrl(LoginTest.java:12)
at test.LoginTest.lunchUrl(LoginTest.java:12)
at test.LoginTest.lunchUrl(LoginTest.java:12)
at test.LoginTest.lunchUrl(LoginTest.java:12)
at test.LoginTest.lunchUrl(LoginTest.java:12)
at test.LoginTest.lunchUrl(LoginTest.java:12)
at test.LoginTest.lunchUrl(LoginTest.java:12)
at test.LoginTest.lunchUrl(LoginTest.java:12)
at test.LoginTest.lunchUrl(LoginTest.java:12)
at test.LoginTest.lunchUrl(LoginTest.java:12)
at test.LoginTest.lunchUrl(LoginTest.java:12)
at test.LoginTest.lunchUrl(LoginTest.java:12)
at test.LoginTest.lunchUrl(LoginTest.java:12)
at test.LoginTest.lunchUrl(LoginTest.java:12)
at test.LoginTest.lunchUrl(LoginTest.java:12)
at test.LoginTest.lunchUrl(LoginTest.java:12)
at test.LoginTest.lunchUrl(LoginTest.java:12)
at test.LoginTest.lunchUrl(LoginTest.java:12)
at test.LoginTest.lunchUrl(LoginTest.java:12)
at test.LoginTest.lunchUrl(LoginTest.java:12)
at test.LoginTest.lunchUrl(LoginTest.java:12)
at test.LoginTest.lunchUrl(LoginTest.java:12)
at test.LoginTest.lunchUrl(LoginTest.java:12)
at test.LoginTest.lunchUrl(LoginTest.java:12)
at test.LoginTest.lunchUrl(LoginTest.java:12)
at test.LoginTest.lunchUrl(LoginTest.java:12)
at test.LoginTest.lunchUrl(LoginTest.java:12)
at test.LoginTest.lunchUrl(LoginTest.java:12)
at test.LoginTest.lunchUrl(LoginTest.java:12)
at test.LoginTest.lunchUrl(LoginTest.java:12)
at test.LoginTest.lunchUrl(LoginTest.java:12)
at test.LoginTest.lunchUrl(LoginTest.java:12)
at test.LoginTest.lunchUrl(LoginTest.java:12)
at test.LoginTest.lunchUrl(LoginTest.java:12)
at test.LoginTest.lunchUrl(LoginTest.java:12)
at test.LoginTest.lunchUrl(LoginTest.java:12)
at test.LoginTest.lunchUrl(LoginTest.java:12)
at test.LoginTest.lunchUrl(LoginTest.java:12)
at test.LoginTest.lunchUrl(LoginTest.java:12)
at test.LoginTest.lunchUrl(LoginTest.java:12)
at test.LoginTest.lunchUrl(LoginTest.java:12)
at test.LoginTest.lunchUrl(LoginTest.java:12)
at test.LoginTest.lunchUrl(LoginTest.java:12)
at test.LoginTest.lunchUrl(LoginTest.java:12)
at test.LoginTest.lunchUrl(LoginTest.java:12)
at test.LoginTest.lunchUrl(LoginTest.java:12)
at test.LoginTest.lunchUrl(LoginTest.java:12)
at test.LoginTest.lunchUrl(LoginTest.java:12)
at test.LoginTest.lunchUrl(LoginTest.java:12)
at test.LoginTest.lunchUrl(LoginTest.java:12)
at test.LoginTest.lunchUrl(LoginTest.java:12)
at test.LoginTest.lunchUrl(LoginTest.java:12)
at test.LoginTest.lunchUrl(LoginTest.java:12)
at test.LoginTest.lunchUrl(LoginTest.java:12)
at test.LoginTest.lunchUrl(LoginTest.java:12)
at test.LoginTest.lunchUrl(LoginTest.java:12)
at test.LoginTest.lunchUrl(LoginTest.java:12)
at test.LoginTest.lunchUrl(LoginTest.java:12)
at test.LoginTest.lunchUrl(LoginTest.java:12)
at test.LoginTest.lunchUrl(LoginTest.java:12)
at test.LoginTest.lunchUrl(LoginTest.java:12)
at test.LoginTest.lunchUrl(LoginTest.java:12)
at test.LoginTest.lunchUrl(LoginTest.java:12)
at test.LoginTest.lunchUrl(LoginTest.java:12)
at test.LoginTest.lunchUrl(LoginTest.java:12)
at test.LoginTest.lunchUrl(LoginTest.java:12)
at test.LoginTest.lunchUrl(LoginTest.java:12)
at test.LoginTest.lunchUrl(LoginTest.java:12)
at test.LoginTest.lunchUrl(LoginTest.java:12)
at test.LoginTest.lunchUrl(LoginTest.java:12)
at test.LoginTest.lunchUrl(LoginTest.java:12)
at test.LoginTest.lunchUrl(LoginTest.java:12)
at test.LoginTest.lunchUrl(LoginTest.java:12)
at test.LoginTest.lunchUrl(LoginTest.java:12)
at test.LoginTest.lunchUrl(LoginTest.java:12)
at test.LoginTest.lunchUrl(LoginTest.java:12)
at test.LoginTest.lunchUrl(LoginTest.java:12)
at test.LoginTest.lunchUrl(LoginTest.java:12)
at test.LoginTest.lunchUrl(LoginTest.java:12)
at test.LoginTest.lunchUrl(LoginTest.java:12)
at test.LoginTest.lunchUrl(LoginTest.java:12)
at test.LoginTest.lunchUrl(LoginTest.java:12)
at test.LoginTest.lunchUrl(LoginTest.java:12)
at test.LoginTest.lunchUrl(LoginTest.java:12)
at test.LoginTest.lunchUrl(LoginTest.java:12)
at test.LoginTest.lunchUrl(LoginTest.java:12)
at test.LoginTest.lunchUrl(LoginTest.java:12)
at test.LoginTest.lunchUrl(LoginTest.java:12)
at test.LoginTest.lunchUrl(LoginTest.java:12)
at test.LoginTest.lunchUrl(LoginTest.java:12)
at test.LoginTest.lunchUrl(LoginTest.java:12)
at test.LoginTest.lunchUrl(LoginTest.java:12)
at test.LoginTest.lunchUrl(LoginTest.java:12)
at test.LoginTest.lunchUrl(LoginTest.java:12)
at test.LoginTest.lunchUrl(LoginTest.java:12)
at test.LoginTest.lunchUrl(LoginTest.java:12)
at test.LoginTest.lunchUrl(LoginTest.java:12)
at test.LoginTest.lunchUrl(LoginTest.java:12)
at test.LoginTest.lunchUrl(LoginTest.java:12)
at test.LoginTest.lunchUrl(LoginTest.java:12)
at test.LoginTest.lunchUrl(LoginTest.java:12)
at test.LoginTest.lunchUrl(LoginTest.java:12)
at test.LoginTest.lunchUrl(LoginTest.java:12)
at test.LoginTest.lunchUrl(LoginTest.java:12)
at test.LoginTest.lunchUrl(LoginTest.java:12)
at test.LoginTest.lunchUrl(LoginTest.java:12)
at test.LoginTest.lunchUrl(LoginTest.java:12)
at test.LoginTest.lunchUrl(LoginTest.java:12)
at test.LoginTest.lunchUrl(LoginTest.java:12)
at test.LoginTest.lunchUrl(LoginTest.java:12)
at test.LoginTest.lunchUrl(LoginTest.java:12)
at test.LoginTest.lunchUrl(LoginTest.java:12)
at test.LoginTest.lunchUrl(LoginTest.java:12)
at test.LoginTest.lunchUrl(LoginTest.java:12)
at test.LoginTest.lunchUrl(LoginTest.java:12)
at test.LoginTest.lunchUrl(LoginTest.java:12)
at test.LoginTest.lunchUrl(LoginTest.java:12)
at test.LoginTest.lunchUrl(LoginTest.java:12)
at test.LoginTest.lunchUrl(LoginTest.java:12)
at test.LoginTest.lunchUrl(LoginTest.java:12)
at test.LoginTest.lunchUrl(LoginTest.java:12)
at test.LoginTest.lunchUrl(LoginTest.java:12)
at test.LoginTest.lunchUrl(LoginTest.java:12)
at test.LoginTest.lunchUrl(LoginTest.java:12)
at test.LoginTest.lunchUrl(LoginTest.java:12)
at test.LoginTest.lunchUrl(LoginTest.java:12)
at test.LoginTest.lunchUrl(LoginTest.java:12)
at test.LoginTest.lunchUrl(LoginTest.java:12)
at test.LoginTest.lunchUrl(LoginTest.java:12)
at test.LoginTest.lunchUrl(LoginTest.java:12)
at test.LoginTest.lunchUrl(LoginTest.java:12)
at test.LoginTest.lunchUrl(LoginTest.java:12)
at test.LoginTest.lunchUrl(LoginTest.java:12)
at test.LoginTest.lunchUrl(LoginTest.java:12)
at test.LoginTest.lunchUrl(LoginTest.java:12)
at test.LoginTest.lunchUrl(LoginTest.java:12)
at test.LoginTest.lunchUrl(LoginTest.java:12)
at test.LoginTest.lunchUrl(LoginTest.java:12)
at test.LoginTest.lunchUrl(LoginTest.java:12)
at test.LoginTest.lunchUrl(LoginTest.java:12)
at test.LoginTest.lunchUrl(LoginTest.java:12)
at test.LoginTest.lunchUrl(LoginTest.java:12)
at test.LoginTest.lunchUrl(LoginTest.java:12)
at test.LoginTest.lunchUrl(LoginTest.java:12)
at test.LoginTest.lunchUrl(LoginTest.java:12)
at test.LoginTest.lunchUrl(LoginTest.java:12)
at test.LoginTest.lunchUrl(LoginTest.java:12)
at test.LoginTest.lunchUrl(LoginTest.java:12)
at test.LoginTest.lunchUrl(LoginTest.java:12)
at test.LoginTest.lunchUrl(LoginTest.java:12)
at test.LoginTest.lunchUrl(LoginTest.java:12)
at test.LoginTest.lunchUrl(LoginTest.java:12)
at test.LoginTest.lunchUrl(LoginTest.java:12)
at test.LoginTest.lunchUrl(LoginTest.java:12)
at test.LoginTest.lunchUrl(LoginTest.java:12)
at test.LoginTest.lunchUrl(LoginTest.java:12)
at test.LoginTest.lunchUrl(LoginTest.java:12)
at test.LoginTest.lunchUrl(LoginTest.java:12)
at test.LoginTest.lunchUrl(LoginTest.java:12)
at test.LoginTest.lunchUrl(LoginTest.java:12)
at test.LoginTest.lunchUrl(LoginTest.java:12)
at test.LoginTest.lunchUrl(LoginTest.java:12)
at test.LoginTest.lunchUrl(LoginTest.java:12)
at test.LoginTest.lunchUrl(LoginTest.java:12)
at test.LoginTest.lunchUrl(LoginTest.java:12)
at test.LoginTest.lunchUrl(LoginTest.java:12)
at test.LoginTest.lunchUrl(LoginTest.java:12)
at test.LoginTest.lunchUrl(LoginTest.java:12)
at test.LoginTest.lunchUrl(LoginTest.java:12)
at test.LoginTest.lunchUrl(LoginTest.java:12)
at test.LoginTest.lunchUrl(LoginTest.java:12)
at test.LoginTest.lunchUrl(LoginTest.java:12)
at test.LoginTest.lunchUrl(LoginTest.java:12)
at test.LoginTest.lunchUrl(LoginTest.java:12)
at test.LoginTest.lunchUrl(LoginTest.java:12)
at test.LoginTest.lunchUrl(LoginTest.java:12)
at test.LoginTest.lunchUrl(LoginTest.java:12)
at test.LoginTest.lunchUrl(LoginTest.java:12)
at test.LoginTest.lunchUrl(LoginTest.java:12)
at test.LoginTest.lunchUrl(LoginTest.java:12)
at test.LoginTest.lunchUrl(LoginTest.java:12)
at test.LoginTest.lunchUrl(LoginTest.java:12)
at test.LoginTest.lunchUrl(LoginTest.java:12)
at test.LoginTest.lunchUrl(LoginTest.java:12)
at test.LoginTest.lunchUrl(LoginTest.java:12)
at test.LoginTest.lunchUrl(LoginTest.java:12)
at test.LoginTest.lunchUrl(LoginTest.java:12)
at test.LoginTest.lunchUrl(LoginTest.java:12)
at test.LoginTest.lunchUrl(LoginTest.java:12)
at test.LoginTest.lunchUrl(LoginTest.java:12)
at test.LoginTest.lunchUrl(LoginTest.java:12)
at test.LoginTest.lunchUrl(LoginTest.java:12)
at test.LoginTest.lunchUrl(LoginTest.java:12)
at test.LoginTest.lunchUrl(LoginTest.java:12)
at test.LoginTest.lunchUrl(LoginTest.java:12)
at test.LoginTest.lunchUrl(LoginTest.java:12)
at test.LoginTest.lunchUrl(LoginTest.java:12)
at test.LoginTest.lunchUrl(LoginTest.java:12)
at test.LoginTest.lunchUrl(LoginTest.java:12)
at test.LoginTest.lunchUrl(LoginTest.java:12)
at test.LoginTest.lunchUrl(LoginTest.java:12)
at test.LoginTest.lunchUrl(LoginTest.java:12)
at test.LoginTest.lunchUrl(LoginTest.java:12)
at test.LoginTest.lunchUrl(LoginTest.java:12)
at test.LoginTest.lunchUrl(LoginTest.java:12)
at test.LoginTest.lunchUrl(LoginTest.java:12)
at test.LoginTest.lunchUrl(LoginTest.java:12)
at test.LoginTest.lunchUrl(LoginTest.java:12)
at test.LoginTest.lunchUrl(LoginTest.java:12)
at test.LoginTest.lunchUrl(LoginTest.java:12)
at test.LoginTest.lunchUrl(LoginTest.java:12)
at test.LoginTest.lunchUrl(LoginTest.java:12)
at test.LoginTest.lunchUrl(LoginTest.java:12)
at test.LoginTest.lunchUrl(LoginTest.java:12)
at test.LoginTest.lunchUrl(LoginTest.java:12)
at test.LoginTest.lunchUrl(LoginTest.java:12)
at test.LoginTest.lunchUrl(LoginTest.java:12)
at test.LoginTest.lunchUrl(LoginTest.java:12)
at test.LoginTest.lunchUrl(LoginTest.java:12)
at test.LoginTest.lunchUrl(LoginTest.java:12)
at test.LoginTest.lunchUrl(LoginTest.java:12)
at test.LoginTest.lunchUrl(LoginTest.java:12)
at test.LoginTest.lunchUrl(LoginTest.java:12)
at test.LoginTest.lunchUrl(LoginTest.java:12)
at test.LoginTest.lunchUrl(LoginTest.java:12)
at test.LoginTest.lunchUrl(LoginTest.java:12)
at test.LoginTest.lunchUrl(LoginTest.java:12)
at test.LoginTest.lunchUrl(LoginTest.java:12)
at test.LoginTest.lunchUrl(LoginTest.java:12)
at test.LoginTest.lunchUrl(LoginTest.java:12)
at test.LoginTest.lunchUrl(LoginTest.java:12)
at test.LoginTest.lunchUrl(LoginTest.java:12)
at test.LoginTest.lunchUrl(LoginTest.java:12)
at test.LoginTest.lunchUrl(LoginTest.java:12)
at test.LoginTest.lunchUrl(LoginTest.java:12)
at test.LoginTest.lunchUrl(LoginTest.java:12)
at test.LoginTest.lunchUrl(LoginTest.java:12)
at test.LoginTest.lunchUrl(LoginTest.java:12)
at test.LoginTest.lunchUrl(LoginTest.java:12)
at test.LoginTest.lunchUrl(LoginTest.java:12)
at test.LoginTest.lunchUrl(LoginTest.java:12)
at test.LoginTest.lunchUrl(LoginTest.java:12)
at test.LoginTest.lunchUrl(LoginTest.java:12)
at test.LoginTest.lunchUrl(LoginTest.java:12)
at test.LoginTest.lunchUrl(LoginTest.java:12)
at test.LoginTest.lunchUrl(LoginTest.java:12)
at test.LoginTest.lunchUrl(LoginTest.java:12)
at test.LoginTest.lunchUrl(LoginTest.java:12)
at test.LoginTest.lunchUrl(LoginTest.java:12)
at test.LoginTest.lunchUrl(LoginTest.java:12)
at test.LoginTest.lunchUrl(LoginTest.java:12)
at test.LoginTest.lunchUrl(LoginTest.java:12)
at test.LoginTest.lunchUrl(LoginTest.java:12)
at test.LoginTest.lunchUrl(LoginTest.java:12)
at test.LoginTest.lunchUrl(LoginTest.java:12)
at test.LoginTest.lunchUrl(LoginTest.java:12)
at test.LoginTest.lunchUrl(LoginTest.java:12)
at test.LoginTest.lunchUrl(LoginTest.java:12)
at test.LoginTest.lunchUrl(LoginTest.java:12)
at test.LoginTest.lunchUrl(LoginTest.java:12)
at test.LoginTest.lunchUrl(LoginTest.java:12)
at test.LoginTest.lunchUrl(LoginTest.java:12)
at test.LoginTest.lunchUrl(LoginTest.java:12)
at test.LoginTest.lunchUrl(LoginTest.java:12)
at test.LoginTest.lunchUrl(LoginTest.java:12)
at test.LoginTest.lunchUrl(LoginTest.java:12)
at test.LoginTest.lunchUrl(LoginTest.java:12)
at test.LoginTest.lunchUrl(LoginTest.java:12)
at test.LoginTest.lunchUrl(LoginTest.java:12)
at test.LoginTest.lunchUrl(LoginTest.java:12)
at test.LoginTest.lunchUrl(LoginTest.java:12)
at test.LoginTest.lunchUrl(LoginTest.java:12)
at test.LoginTest.lunchUrl(LoginTest.java:12)
at test.LoginTest.lunchUrl(LoginTest.java:12)
at test.LoginTest.lunchUrl(LoginTest.java:12)
at test.LoginTest.lunchUrl(LoginTest.java:12)
at test.LoginTest.lunchUrl(LoginTest.java:12)
at test.LoginTest.lunchUrl(LoginTest.java:12)
at test.LoginTest.lunchUrl(LoginTest.java:12)
at test.LoginTest.lunchUrl(LoginTest.java:12)
at test.LoginTest.lunchUrl(LoginTest.java:12)
at test.LoginTest.lunchUrl(LoginTest.java:12)
at test.LoginTest.lunchUrl(LoginTest.java:12)
at test.LoginTest.lunchUrl(LoginTest.java:12)
at test.LoginTest.lunchUrl(LoginTest.java:12)
at test.LoginTest.lunchUrl(LoginTest.java:12)
at test.LoginTest.lunchUrl(LoginTest.java:12)
at test.LoginTest.lunchUrl(LoginTest.java:12)
at test.LoginTest.lunchUrl(LoginTest.java:12)
at test.LoginTest.lunchUrl(LoginTest.java:12)
at test.LoginTest.lunchUrl(LoginTest.java:12)
at test.LoginTest.lunchUrl(LoginTest.java:12)
at test.LoginTest.lunchUrl(LoginTest.java:12)
at test.LoginTest.lunchUrl(LoginTest.java:12)
at test.LoginTest.lunchUrl(LoginTest.java:12)
at test.LoginTest.lunchUrl(LoginTest.java:12)
at test.LoginTest.lunchUrl(LoginTest.java:12)
at test.LoginTest.lunchUrl(LoginTest.java:12)
at test.LoginTest.lunchUrl(LoginTest.java:12)
at test.LoginTest.lunchUrl(LoginTest.java:12)
at test.LoginTest.lunchUrl(LoginTest.java:12)
at test.LoginTest.lunchUrl(LoginTest.java:12)
at test.LoginTest.lunchUrl(LoginTest.java:12)
at test.LoginTest.lunchUrl(LoginTest.java:12)
at test.LoginTest.lunchUrl(LoginTest.java:12)
at test.LoginTest.lunchUrl(LoginTest.java:12)
at test.LoginTest.lunchUrl(LoginTest.java:12)
at test.LoginTest.lunchUrl(LoginTest.java:12)
at test.LoginTest.lunchUrl(LoginTest.java:12)
at test.LoginTest.lunchUrl(LoginTest.java:12)
at test.LoginTest.lunchUrl(LoginTest.java:12)
at test.LoginTest.lunchUrl(LoginTest.java:12)
at test.LoginTest.lunchUrl(LoginTest.java:12)
at test.LoginTest.lunchUrl(LoginTest.java:12)
at test.LoginTest.lunchUrl(LoginTest.java:12)
at test.LoginTest.lunchUrl(LoginTest.java:12)
at test.LoginTest.lunchUrl(LoginTest.java:12)
at test.LoginTest.lunchUrl(LoginTest.java:12)
at test.LoginTest.lunchUrl(LoginTest.java:12)
at test.LoginTest.lunchUrl(LoginTest.java:12)
at test.LoginTest.lunchUrl(LoginTest.java:12)
at test.LoginTest.lunchUrl(LoginTest.java:12)
at test.LoginTest.lunchUrl(LoginTest.java:12)
at test.LoginTest.lunchUrl(LoginTest.java:12)
at test.LoginTest.lunchUrl(LoginTest.java:12)
at test.LoginTest.lunchUrl(LoginTest.java:12)
at test.LoginTest.lunchUrl(LoginTest.java:12)
at test.LoginTest.lunchUrl(LoginTest.java:12)
at test.LoginTest.lunchUrl(LoginTest.java:12)
at test.LoginTest.lunchUrl(LoginTest.java:12)
at test.LoginTest.lunchUrl(LoginTest.java:12)
at test.LoginTest.lunchUrl(LoginTest.java:12)
at test.LoginTest.lunchUrl(LoginTest.java:12)
at test.LoginTest.lunchUrl(LoginTest.java:12)
at test.LoginTest.lunchUrl(LoginTest.java:12)
at test.LoginTest.lunchUrl(LoginTest.java:12)
at test.LoginTest.lunchUrl(LoginTest.java:12)
at test.LoginTest.lunchUrl(LoginTest.java:12)
at test.LoginTest.lunchUrl(LoginTest.java:12)
at test.LoginTest.lunchUrl(LoginTest.java:12)
at test.LoginTest.lunchUrl(LoginTest.java:12)
at test.LoginTest.lunchUrl(LoginTest.java:12)
at test.LoginTest.lunchUrl(LoginTest.java:12)
at test.LoginTest.lunchUrl(LoginTest.java:12)
at test.LoginTest.lunchUrl(LoginTest.java:12)
at test.LoginTest.lunchUrl(LoginTest.java:12)
at test.LoginTest.lunchUrl(LoginTest.java:12)
at test.LoginTest.lunchUrl(LoginTest.java:12)
at test.LoginTest.lunchUrl(LoginTest.java:12)
at test.LoginTest.lunchUrl(LoginTest.java:12)
at test.LoginTest.lunchUrl(LoginTest.java:12)
at test.LoginTest.lunchUrl(LoginTest.java:12)
at test.LoginTest.lunchUrl(LoginTest.java:12)
at test.LoginTest.lunchUrl(LoginTest.java:12)
at test.LoginTest.lunchUrl(LoginTest.java:12)
at test.LoginTest.lunchUrl(LoginTest.java:12)
at test.LoginTest.lunchUrl(LoginTest.java:12)
at test.LoginTest.lunchUrl(LoginTest.java:12)
at test.LoginTest.lunchUrl(LoginTest.java:12)
at test.LoginTest.lunchUrl(LoginTest.java:12)
at test.LoginTest.lunchUrl(LoginTest.java:12)
at test.LoginTest.lunchUrl(LoginTest.java:12)
at test.LoginTest.lunchUrl(LoginTest.java:12)
at test.LoginTest.lunchUrl(LoginTest.java:12)
at test.LoginTest.lunchUrl(LoginTest.java:12)
at test.LoginTest.lunchUrl(LoginTest.java:12)
at test.LoginTest.lunchUrl(LoginTest.java:12)
at test.LoginTest.lunchUrl(LoginTest.java:12)
at test.LoginTest.lunchUrl(LoginTest.java:12)
at test.LoginTest.lunchUrl(LoginTest.java:12)
at test.LoginTest.lunchUrl(LoginTest.java:12)
at test.LoginTest.lunchUrl(LoginTest.java:12)
at test.LoginTest.lunchUrl(LoginTest.java:12)
at test.LoginTest.lunchUrl(LoginTest.java:12)
at test.LoginTest.lunchUrl(LoginTest.java:12)
at test.LoginTest.lunchUrl(LoginTest.java:12)
at test.LoginTest.lunchUrl(LoginTest.java:12)
at test.LoginTest.lunchUrl(LoginTest.java:12)
at test.LoginTest.lunchUrl(LoginTest.java:12)
at test.LoginTest.lunchUrl(LoginTest.java:12)
at test.LoginTest.lunchUrl(LoginTest.java:12)
at test.LoginTest.lunchUrl(LoginTest.java:12)
at test.LoginTest.lunchUrl(LoginTest.java:12)
at test.LoginTest.lunchUrl(LoginTest.java:12)
at test.LoginTest.lunchUrl(LoginTest.java:12)
at test.LoginTest.lunchUrl(LoginTest.java:12)
at test.LoginTest.lunchUrl(LoginTest.java:12)
at test.LoginTest.lunchUrl(LoginTest.java:12)
at test.LoginTest.lunchUrl(LoginTest.java:12)
at test.LoginTest.lunchUrl(LoginTest.java:12)
at test.LoginTest.lunchUrl(LoginTest.java:12)
at test.LoginTest.lunchUrl(LoginTest.java:12)
at test.LoginTest.lunchUrl(LoginTest.java:12)
at test.LoginTest.lunchUrl(LoginTest.java:12)
at test.LoginTest.lunchUrl(LoginTest.java:12)
at test.LoginTest.lunchUrl(LoginTest.java:12)
at test.LoginTest.lunchUrl(LoginTest.java:12)
at test.LoginTest.lunchUrl(LoginTest.java:12)
at test.LoginTest.lunchUrl(LoginTest.java:12)
at test.LoginTest.lunchUrl(LoginTest.java:12)
at test.LoginTest.lunchUrl(LoginTest.java:12)
at test.LoginTest.lunchUrl(LoginTest.java:12)
at test.LoginTest.lunchUrl(LoginTest.java:12)
at test.LoginTest.lunchUrl(LoginTest.java:12)
at test.LoginTest.lunchUrl(LoginTest.java:12)
at test.LoginTest.lunchUrl(LoginTest.java:12)
at test.LoginTest.lunchUrl(LoginTest.java:12)
at test.LoginTest.lunchUrl(LoginTest.java:12)
at test.LoginTest.lunchUrl(LoginTest.java:12)
at test.LoginTest.lunchUrl(LoginTest.java:12)
at test.LoginTest.lunchUrl(LoginTest.java:12)
at test.LoginTest.lunchUrl(LoginTest.java:12)
at test.LoginTest.lunchUrl(LoginTest.java:12)
at test.LoginTest.lunchUrl(LoginTest.java:12)
at test.LoginTest.lunchUrl(LoginTest.java:12)
at test.LoginTest.lunchUrl(LoginTest.java:12)
at test.LoginTest.lunchUrl(LoginTest.java:12)
at test.LoginTest.lunchUrl(LoginTest.java:12)
at test.LoginTest.lunchUrl(LoginTest.java:12)
at test.LoginTest.lunchUrl(LoginTest.java:12)
at test.LoginTest.lunchUrl(LoginTest.java:12)
at test.LoginTest.lunchUrl(LoginTest.java:12)
at test.LoginTest.lunchUrl(LoginTest.java:12)
at test.LoginTest.lunchUrl(LoginTest.java:12)
at test.LoginTest.lunchUrl(LoginTest.java:12)
at test.LoginTest.lunchUrl(LoginTest.java:12)
at test.LoginTest.lunchUrl(LoginTest.java:12)
at test.LoginTest.lunchUrl(LoginTest.java:12)
at test.LoginTest.lunchUrl(LoginTest.java:12)
at test.LoginTest.lunchUrl(LoginTest.java:12)
at test.LoginTest.lunchUrl(LoginTest.java:12)
at test.LoginTest.lunchUrl(LoginTest.java:12)
at test.LoginTest.lunchUrl(LoginTest.java:12)
at test.LoginTest.lunchUrl(LoginTest.java:12)
at test.LoginTest.lunchUrl(LoginTest.java:12)
at test.LoginTest.lunchUrl(LoginTest.java:12)
at test.LoginTest.lunchUrl(LoginTest.java:12)
at test.LoginTest.lunchUrl(LoginTest.java:12)
at test.LoginTest.lunchUrl(LoginTest.java:12)
at test.LoginTest.lunchUrl(LoginTest.java:12)
at test.LoginTest.lunchUrl(LoginTest.java:12)
at test.LoginTest.lunchUrl(LoginTest.java:12)
at test.LoginTest.lunchUrl(LoginTest.java:12)
at test.LoginTest.lunchUrl(LoginTest.java:12)
at test.LoginTest.lunchUrl(LoginTest.java:12)
at test.LoginTest.lunchUrl(LoginTest.java:12)
at test.LoginTest.lunchUrl(LoginTest.java:12)
at test.LoginTest.lunchUrl(LoginTest.java:12)
at test.LoginTest.lunchUrl(LoginTest.java:12)
at test.LoginTest.lunchUrl(LoginTest.java:12)
at test.LoginTest.lunchUrl(LoginTest.java:12)
at test.LoginTest.lunchUrl(LoginTest.java:12)
at test.LoginTest.lunchUrl(LoginTest.java:12)
at test.LoginTest.lunchUrl(LoginTest.java:12)
at test.LoginTest.lunchUrl(LoginTest.java:12)
at test.LoginTest.lunchUrl(LoginTest.java:12)
at test.LoginTest.lunchUrl(LoginTest.java:12)
at test.LoginTest.lunchUrl(LoginTest.java:12)
at test.LoginTest.lunchUrl(LoginTest.java:12)
at test.LoginTest.lunchUrl(LoginTest.java:12)
at test.LoginTest.lunchUrl(LoginTest.java:12)
at test.LoginTest.lunchUrl(LoginTest.java:12)
at test.LoginTest.lunchUrl(LoginTest.java:12)
at test.LoginTest.lunchUrl(LoginTest.java:12)
at test.LoginTest.lunchUrl(LoginTest.java:12)
at test.LoginTest.lunchUrl(LoginTest.java:12)
at test.LoginTest.lunchUrl(LoginTest.java:12)
at test.LoginTest.lunchUrl(LoginTest.java:12)
at test.LoginTest.lunchUrl(LoginTest.java:12)
at test.LoginTest.lunchUrl(LoginTest.java:12)
at test.LoginTest.lunchUrl(LoginTest.java:12)
at test.LoginTest.lunchUrl(LoginTest.java:12)
at test.LoginTest.lunchUrl(LoginTest.java:12)
at test.LoginTest.lunchUrl(LoginTest.java:12)
at test.LoginTest.lunchUrl(LoginTest.java:12)
at test.LoginTest.lunchUrl(LoginTest.java:12)
at test.LoginTest.lunchUrl(LoginTest.java:12)
at test.LoginTest.lunchUrl(LoginTest.java:12)
at test.LoginTest.lunchUrl(LoginTest.java:12)
at test.LoginTest.lunchUrl(LoginTest.java:12)
at test.LoginTest.lunchUrl(LoginTest.java:12)
at test.LoginTest.lunchUrl(LoginTest.java:12)
at test.LoginTest.lunchUrl(LoginTest.java:12)
at test.LoginTest.lunchUrl(LoginTest.java:12)
at test.LoginTest.lunchUrl(LoginTest.java:12)
at test.LoginTest.lunchUrl(LoginTest.java:12)
at test.LoginTest.lunchUrl(LoginTest.java:12)
at test.LoginTest.lunchUrl(LoginTest.java:12)
at test.LoginTest.lunchUrl(LoginTest.java:12)
at test.LoginTest.lunchUrl(LoginTest.java:12)
at test.LoginTest.lunchUrl(LoginTest.java:12)
at test.LoginTest.lunchUrl(LoginTest.java:12)
at test.LoginTest.lunchUrl(LoginTest.java:12)
at test.LoginTest.lunchUrl(LoginTest.java:12)
at test.LoginTest.lunchUrl(LoginTest.java:12)
at test.LoginTest.lunchUrl(LoginTest.java:12)
at test.LoginTest.lunchUrl(LoginTest.java:12)
at test.LoginTest.lunchUrl(LoginTest.java:12)
at test.LoginTest.lunchUrl(LoginTest.java:12)
at test.LoginTest.lunchUrl(LoginTest.java:12)
at test.LoginTest.lunchUrl(LoginTest.java:12)
at test.LoginTest.lunchUrl(LoginTest.java:12)
at test.LoginTest.lunchUrl(LoginTest.java:12)
at test.LoginTest.lunchUrl(LoginTest.java:12)
at test.LoginTest.lunchUrl(LoginTest.java:12)
at test.LoginTest.lunchUrl(LoginTest.java:12)
at test.LoginTest.lunchUrl(LoginTest.java:12)
at test.LoginTest.lunchUrl(LoginTest.java:12)
at test.LoginTest.lunchUrl(LoginTest.java:12)
]]>
            </full-stacktrace>
          </exception> <!-- java.lang.StackOverflowError -->
          <reporter-output>
          </reporter-output>
        </test-method> <!-- lunchUrl -->
        <test-method signature="clickonclose()[pri:0, instance:test.LoginTest@619713e5]" started-at="2026-02-20T00:31:29 IST" name="clickonclose" finished-at="2026-02-20T00:31:29 IST" duration-ms="1" status="SKIP">
          <exception class="java.lang.StackOverflowError">
            <full-stacktrace>
              <![CDATA[java.lang.StackOverflowError
at test.LoginTest.lunchUrl(LoginTest.java:12)
at test.LoginTest.lunchUrl(LoginTest.java:12)
at test.LoginTest.lunchUrl(LoginTest.java:12)
at test.LoginTest.lunchUrl(LoginTest.java:12)
at test.LoginTest.lunchUrl(LoginTest.java:12)
at test.LoginTest.lunchUrl(LoginTest.java:12)
at test.LoginTest.lunchUrl(LoginTest.java:12)
at test.LoginTest.lunchUrl(LoginTest.java:12)
at test.LoginTest.lunchUrl(LoginTest.java:12)
at test.LoginTest.lunchUrl(LoginTest.java:12)
at test.LoginTest.lunchUrl(LoginTest.java:12)
at test.LoginTest.lunchUrl(LoginTest.java:12)
at test.LoginTest.lunchUrl(LoginTest.java:12)
at test.LoginTest.lunchUrl(LoginTest.java:12)
at test.LoginTest.lunchUrl(LoginTest.java:12)
at test.LoginTest.lunchUrl(LoginTest.java:12)
at test.LoginTest.lunchUrl(LoginTest.java:12)
at test.LoginTest.lunchUrl(LoginTest.java:12)
at test.LoginTest.lunchUrl(LoginTest.java:12)
at test.LoginTest.lunchUrl(LoginTest.java:12)
at test.LoginTest.lunchUrl(LoginTest.java:12)
at test.LoginTest.lunchUrl(LoginTest.java:12)
at test.LoginTest.lunchUrl(LoginTest.java:12)
at test.LoginTest.lunchUrl(LoginTest.java:12)
at test.LoginTest.lunchUrl(LoginTest.java:12)
at test.LoginTest.lunchUrl(LoginTest.java:12)
at test.LoginTest.lunchUrl(LoginTest.java:12)
at test.LoginTest.lunchUrl(LoginTest.java:12)
at test.LoginTest.lunchUrl(LoginTest.java:12)
at test.LoginTest.lunchUrl(LoginTest.java:12)
at test.LoginTest.lunchUrl(LoginTest.java:12)
at test.LoginTest.lunchUrl(LoginTest.java:12)
at test.LoginTest.lunchUrl(LoginTest.java:12)
at test.LoginTest.lunchUrl(LoginTest.java:12)
at test.LoginTest.lunchUrl(LoginTest.java:12)
at test.LoginTest.lunchUrl(LoginTest.java:12)
at test.LoginTest.lunchUrl(LoginTest.java:12)
at test.LoginTest.lunchUrl(LoginTest.java:12)
at test.LoginTest.lunchUrl(LoginTest.java:12)
at test.LoginTest.lunchUrl(LoginTest.java:12)
at test.LoginTest.lunchUrl(LoginTest.java:12)
at test.LoginTest.lunchUrl(LoginTest.java:12)
at test.LoginTest.lunchUrl(LoginTest.java:12)
at test.LoginTest.lunchUrl(LoginTest.java:12)
at test.LoginTest.lunchUrl(LoginTest.java:12)
at test.LoginTest.lunchUrl(LoginTest.java:12)
at test.LoginTest.lunchUrl(LoginTest.java:12)
at test.LoginTest.lunchUrl(LoginTest.java:12)
at test.LoginTest.lunchUrl(LoginTest.java:12)
at test.LoginTest.lunchUrl(LoginTest.java:12)
at test.LoginTest.lunchUrl(LoginTest.java:12)
at test.LoginTest.lunchUrl(LoginTest.java:12)
at test.LoginTest.lunchUrl(LoginTest.java:12)
at test.LoginTest.lunchUrl(LoginTest.java:12)
at test.LoginTest.lunchUrl(LoginTest.java:12)
at test.LoginTest.lunchUrl(LoginTest.java:12)
at test.LoginTest.lunchUrl(LoginTest.java:12)
at test.LoginTest.lunchUrl(LoginTest.java:12)
at test.LoginTest.lunchUrl(LoginTest.java:12)
at test.LoginTest.lunchUrl(LoginTest.java:12)
at test.LoginTest.lunchUrl(LoginTest.java:12)
at test.LoginTest.lunchUrl(LoginTest.java:12)
at test.LoginTest.lunchUrl(LoginTest.java:12)
at test.LoginTest.lunchUrl(LoginTest.java:12)
at test.LoginTest.lunchUrl(LoginTest.java:12)
at test.LoginTest.lunchUrl(LoginTest.java:12)
at test.LoginTest.lunchUrl(LoginTest.java:12)
at test.LoginTest.lunchUrl(LoginTest.java:12)
at test.LoginTest.lunchUrl(LoginTest.java:12)
at test.LoginTest.lunchUrl(LoginTest.java:12)
at test.LoginTest.lunchUrl(LoginTest.java:12)
at test.LoginTest.lunchUrl(LoginTest.java:12)
at test.LoginTest.lunchUrl(LoginTest.java:12)
at test.LoginTest.lunchUrl(LoginTest.java:12)
at test.LoginTest.lunchUrl(LoginTest.java:12)
at test.LoginTest.lunchUrl(LoginTest.java:12)
at test.LoginTest.lunchUrl(LoginTest.java:12)
at test.LoginTest.lunchUrl(LoginTest.java:12)
at test.LoginTest.lunchUrl(LoginTest.java:12)
at test.LoginTest.lunchUrl(LoginTest.java:12)
at test.LoginTest.lunchUrl(LoginTest.java:12)
at test.LoginTest.lunchUrl(LoginTest.java:12)
at test.LoginTest.lunchUrl(LoginTest.java:12)
at test.LoginTest.lunchUrl(LoginTest.java:12)
at test.LoginTest.lunchUrl(LoginTest.java:12)
at test.LoginTest.lunchUrl(LoginTest.java:12)
at test.LoginTest.lunchUrl(LoginTest.java:12)
at test.LoginTest.lunchUrl(LoginTest.java:12)
at test.LoginTest.lunchUrl(LoginTest.java:12)
at test.LoginTest.lunchUrl(LoginTest.java:12)
at test.LoginTest.lunchUrl(LoginTest.java:12)
at test.LoginTest.lunchUrl(LoginTest.java:12)
at test.LoginTest.lunchUrl(LoginTest.java:12)
at test.LoginTest.lunchUrl(LoginTest.java:12)
at test.LoginTest.lunchUrl(LoginTest.java:12)
at test.LoginTest.lunchUrl(LoginTest.java:12)
at test.LoginTest.lunchUrl(LoginTest.java:12)
at test.LoginTest.lunchUrl(LoginTest.java:12)
at test.LoginTest.lunchUrl(LoginTest.java:12)
at test.LoginTest.lunchUrl(LoginTest.java:12)
at test.LoginTest.lunchUrl(LoginTest.java:12)
at test.LoginTest.lunchUrl(LoginTest.java:12)
at test.LoginTest.lunchUrl(LoginTest.java:12)
at test.LoginTest.lunchUrl(LoginTest.java:12)
at test.LoginTest.lunchUrl(LoginTest.java:12)
at test.LoginTest.lunchUrl(LoginTest.java:12)
at test.LoginTest.lunchUrl(LoginTest.java:12)
at test.LoginTest.lunchUrl(LoginTest.java:12)
at test.LoginTest.lunchUrl(LoginTest.java:12)
at test.LoginTest.lunchUrl(LoginTest.java:12)
at test.LoginTest.lunchUrl(LoginTest.java:12)
at test.LoginTest.lunchUrl(LoginTest.java:12)
at test.LoginTest.lunchUrl(LoginTest.java:12)
at test.LoginTest.lunchUrl(LoginTest.java:12)
at test.LoginTest.lunchUrl(LoginTest.java:12)
at test.LoginTest.lunchUrl(LoginTest.java:12)
at test.LoginTest.lunchUrl(LoginTest.java:12)
at test.LoginTest.lunchUrl(LoginTest.java:12)
at test.LoginTest.lunchUrl(LoginTest.java:12)
at test.LoginTest.lunchUrl(LoginTest.java:12)
at test.LoginTest.lunchUrl(LoginTest.java:12)
at test.LoginTest.lunchUrl(LoginTest.java:12)
at test.LoginTest.lunchUrl(LoginTest.java:12)
at test.LoginTest.lunchUrl(LoginTest.java:12)
at test.LoginTest.lunchUrl(LoginTest.java:12)
at test.LoginTest.lunchUrl(LoginTest.java:12)
at test.LoginTest.lunchUrl(LoginTest.java:12)
at test.LoginTest.lunchUrl(LoginTest.java:12)
at test.LoginTest.lunchUrl(LoginTest.java:12)
at test.LoginTest.lunchUrl(LoginTest.java:12)
at test.LoginTest.lunchUrl(LoginTest.java:12)
at test.LoginTest.lunchUrl(LoginTest.java:12)
at test.LoginTest.lunchUrl(LoginTest.java:12)
at test.LoginTest.lunchUrl(LoginTest.java:12)
at test.LoginTest.lunchUrl(LoginTest.java:12)
at test.LoginTest.lunchUrl(LoginTest.java:12)
at test.LoginTest.lunchUrl(LoginTest.java:12)
at test.LoginTest.lunchUrl(LoginTest.java:12)
at test.LoginTest.lunchUrl(LoginTest.java:12)
at test.LoginTest.lunchUrl(LoginTest.java:12)
at test.LoginTest.lunchUrl(LoginTest.java:12)
at test.LoginTest.lunchUrl(LoginTest.java:12)
at test.LoginTest.lunchUrl(LoginTest.java:12)
at test.LoginTest.lunchUrl(LoginTest.java:12)
at test.LoginTest.lunchUrl(LoginTest.java:12)
at test.LoginTest.lunchUrl(LoginTest.java:12)
at test.LoginTest.lunchUrl(LoginTest.java:12)
at test.LoginTest.lunchUrl(LoginTest.java:12)
at test.LoginTest.lunchUrl(LoginTest.java:12)
at test.LoginTest.lunchUrl(LoginTest.java:12)
at test.LoginTest.lunchUrl(LoginTest.java:12)
at test.LoginTest.lunchUrl(LoginTest.java:12)
at test.LoginTest.lunchUrl(LoginTest.java:12)
at test.LoginTest.lunchUrl(LoginTest.java:12)
at test.LoginTest.lunchUrl(LoginTest.java:12)
at test.LoginTest.lunchUrl(LoginTest.java:12)
at test.LoginTest.lunchUrl(LoginTest.java:12)
at test.LoginTest.lunchUrl(LoginTest.java:12)
at test.LoginTest.lunchUrl(LoginTest.java:12)
at test.LoginTest.lunchUrl(LoginTest.java:12)
at test.LoginTest.lunchUrl(LoginTest.java:12)
at test.LoginTest.lunchUrl(LoginTest.java:12)
at test.LoginTest.lunchUrl(LoginTest.java:12)
at test.LoginTest.lunchUrl(LoginTest.java:12)
at test.LoginTest.lunchUrl(LoginTest.java:12)
at test.LoginTest.lunchUrl(LoginTest.java:12)
at test.LoginTest.lunchUrl(LoginTest.java:12)
at test.LoginTest.lunchUrl(LoginTest.java:12)
at test.LoginTest.lunchUrl(LoginTest.java:12)
at test.LoginTest.lunchUrl(LoginTest.java:12)
at test.LoginTest.lunchUrl(LoginTest.java:12)
at test.LoginTest.lunchUrl(LoginTest.java:12)
at test.LoginTest.lunchUrl(LoginTest.java:12)
at test.LoginTest.lunchUrl(LoginTest.java:12)
at test.LoginTest.lunchUrl(LoginTest.java:12)
at test.LoginTest.lunchUrl(LoginTest.java:12)
at test.LoginTest.lunchUrl(LoginTest.java:12)
at test.LoginTest.lunchUrl(LoginTest.java:12)
at test.LoginTest.lunchUrl(LoginTest.java:12)
at test.LoginTest.lunchUrl(LoginTest.java:12)
at test.LoginTest.lunchUrl(LoginTest.java:12)
at test.LoginTest.lunchUrl(LoginTest.java:12)
at test.LoginTest.lunchUrl(LoginTest.java:12)
at test.LoginTest.lunchUrl(LoginTest.java:12)
at test.LoginTest.lunchUrl(LoginTest.java:12)
at test.LoginTest.lunchUrl(LoginTest.java:12)
at test.LoginTest.lunchUrl(LoginTest.java:12)
at test.LoginTest.lunchUrl(LoginTest.java:12)
at test.LoginTest.lunchUrl(LoginTest.java:12)
at test.LoginTest.lunchUrl(LoginTest.java:12)
at test.LoginTest.lunchUrl(LoginTest.java:12)
at test.LoginTest.lunchUrl(LoginTest.java:12)
at test.LoginTest.lunchUrl(LoginTest.java:12)
at test.LoginTest.lunchUrl(LoginTest.java:12)
at test.LoginTest.lunchUrl(LoginTest.java:12)
at test.LoginTest.lunchUrl(LoginTest.java:12)
at test.LoginTest.lunchUrl(LoginTest.java:12)
at test.LoginTest.lunchUrl(LoginTest.java:12)
at test.LoginTest.lunchUrl(LoginTest.java:12)
at test.LoginTest.lunchUrl(LoginTest.java:12)
at test.LoginTest.lunchUrl(LoginTest.java:12)
at test.LoginTest.lunchUrl(LoginTest.java:12)
at test.LoginTest.lunchUrl(LoginTest.java:12)
at test.LoginTest.lunchUrl(LoginTest.java:12)
at test.LoginTest.lunchUrl(LoginTest.java:12)
at test.LoginTest.lunchUrl(LoginTest.java:12)
at test.LoginTest.lunchUrl(LoginTest.java:12)
at test.LoginTest.lunchUrl(LoginTest.java:12)
at test.LoginTest.lunchUrl(LoginTest.java:12)
at test.LoginTest.lunchUrl(LoginTest.java:12)
at test.LoginTest.lunchUrl(LoginTest.java:12)
at test.LoginTest.lunchUrl(LoginTest.java:12)
at test.LoginTest.lunchUrl(LoginTest.java:12)
at test.LoginTest.lunchUrl(LoginTest.java:12)
at test.LoginTest.lunchUrl(LoginTest.java:12)
at test.LoginTest.lunchUrl(LoginTest.java:12)
at test.LoginTest.lunchUrl(LoginTest.java:12)
at test.LoginTest.lunchUrl(LoginTest.java:12)
at test.LoginTest.lunchUrl(LoginTest.java:12)
at test.LoginTest.lunchUrl(LoginTest.java:12)
at test.LoginTest.lunchUrl(LoginTest.java:12)
at test.LoginTest.lunchUrl(LoginTest.java:12)
at test.LoginTest.lunchUrl(LoginTest.java:12)
at test.LoginTest.lunchUrl(LoginTest.java:12)
at test.LoginTest.lunchUrl(LoginTest.java:12)
at test.LoginTest.lunchUrl(LoginTest.java:12)
at test.LoginTest.lunchUrl(LoginTest.java:12)
at test.LoginTest.lunchUrl(LoginTest.java:12)
at test.LoginTest.lunchUrl(LoginTest.java:12)
at test.LoginTest.lunchUrl(LoginTest.java:12)
at test.LoginTest.lunchUrl(LoginTest.java:12)
at test.LoginTest.lunchUrl(LoginTest.java:12)
at test.LoginTest.lunchUrl(LoginTest.java:12)
at test.LoginTest.lunchUrl(LoginTest.java:12)
at test.LoginTest.lunchUrl(LoginTest.java:12)
at test.LoginTest.lunchUrl(LoginTest.java:12)
at test.LoginTest.lunchUrl(LoginTest.java:12)
at test.LoginTest.lunchUrl(LoginTest.java:12)
at test.LoginTest.lunchUrl(LoginTest.java:12)
at test.LoginTest.lunchUrl(LoginTest.java:12)
at test.LoginTest.lunchUrl(LoginTest.java:12)
at test.LoginTest.lunchUrl(LoginTest.java:12)
at test.LoginTest.lunchUrl(LoginTest.java:12)
at test.LoginTest.lunchUrl(LoginTest.java:12)
at test.LoginTest.lunchUrl(LoginTest.java:12)
at test.LoginTest.lunchUrl(LoginTest.java:12)
at test.LoginTest.lunchUrl(LoginTest.java:12)
at test.LoginTest.lunchUrl(LoginTest.java:12)
at test.LoginTest.lunchUrl(LoginTest.java:12)
at test.LoginTest.lunchUrl(LoginTest.java:12)
at test.LoginTest.lunchUrl(LoginTest.java:12)
at test.LoginTest.lunchUrl(LoginTest.java:12)
at test.LoginTest.lunchUrl(LoginTest.java:12)
at test.LoginTest.lunchUrl(LoginTest.java:12)
at test.LoginTest.lunchUrl(LoginTest.java:12)
at test.LoginTest.lunchUrl(LoginTest.java:12)
at test.LoginTest.lunchUrl(LoginTest.java:12)
at test.LoginTest.lunchUrl(LoginTest.java:12)
at test.LoginTest.lunchUrl(LoginTest.java:12)
at test.LoginTest.lunchUrl(LoginTest.java:12)
at test.LoginTest.lunchUrl(LoginTest.java:12)
at test.LoginTest.lunchUrl(LoginTest.java:12)
at test.LoginTest.lunchUrl(LoginTest.java:12)
at test.LoginTest.lunchUrl(LoginTest.java:12)
at test.LoginTest.lunchUrl(LoginTest.java:12)
at test.LoginTest.lunchUrl(LoginTest.java:12)
at test.LoginTest.lunchUrl(LoginTest.java:12)
at test.LoginTest.lunchUrl(LoginTest.java:12)
at test.LoginTest.lunchUrl(LoginTest.java:12)
at test.LoginTest.lunchUrl(LoginTest.java:12)
at test.LoginTest.lunchUrl(LoginTest.java:12)
at test.LoginTest.lunchUrl(LoginTest.java:12)
at test.LoginTest.lunchUrl(LoginTest.java:12)
at test.LoginTest.lunchUrl(LoginTest.java:12)
at test.LoginTest.lunchUrl(LoginTest.java:12)
at test.LoginTest.lunchUrl(LoginTest.java:12)
at test.LoginTest.lunchUrl(LoginTest.java:12)
at test.LoginTest.lunchUrl(LoginTest.java:12)
at test.LoginTest.lunchUrl(LoginTest.java:12)
at test.LoginTest.lunchUrl(LoginTest.java:12)
at test.LoginTest.lunchUrl(LoginTest.java:12)
at test.LoginTest.lunchUrl(LoginTest.java:12)
at test.LoginTest.lunchUrl(LoginTest.java:12)
at test.LoginTest.lunchUrl(LoginTest.java:12)
at test.LoginTest.lunchUrl(LoginTest.java:12)
at test.LoginTest.lunchUrl(LoginTest.java:12)
at test.LoginTest.lunchUrl(LoginTest.java:12)
at test.LoginTest.lunchUrl(LoginTest.java:12)
at test.LoginTest.lunchUrl(LoginTest.java:12)
at test.LoginTest.lunchUrl(LoginTest.java:12)
at test.LoginTest.lunchUrl(LoginTest.java:12)
at test.LoginTest.lunchUrl(LoginTest.java:12)
at test.LoginTest.lunchUrl(LoginTest.java:12)
at test.LoginTest.lunchUrl(LoginTest.java:12)
at test.LoginTest.lunchUrl(LoginTest.java:12)
at test.LoginTest.lunchUrl(LoginTest.java:12)
at test.LoginTest.lunchUrl(LoginTest.java:12)
at test.LoginTest.lunchUrl(LoginTest.java:12)
at test.LoginTest.lunchUrl(LoginTest.java:12)
at test.LoginTest.lunchUrl(LoginTest.java:12)
at test.LoginTest.lunchUrl(LoginTest.java:12)
at test.LoginTest.lunchUrl(LoginTest.java:12)
at test.LoginTest.lunchUrl(LoginTest.java:12)
at test.LoginTest.lunchUrl(LoginTest.java:12)
at test.LoginTest.lunchUrl(LoginTest.java:12)
at test.LoginTest.lunchUrl(LoginTest.java:12)
at test.LoginTest.lunchUrl(LoginTest.java:12)
at test.LoginTest.lunchUrl(LoginTest.java:12)
at test.LoginTest.lunchUrl(LoginTest.java:12)
at test.LoginTest.lunchUrl(LoginTest.java:12)
at test.LoginTest.lunchUrl(LoginTest.java:12)
at test.LoginTest.lunchUrl(LoginTest.java:12)
at test.LoginTest.lunchUrl(LoginTest.java:12)
at test.LoginTest.lunchUrl(LoginTest.java:12)
at test.LoginTest.lunchUrl(LoginTest.java:12)
at test.LoginTest.lunchUrl(LoginTest.java:12)
at test.LoginTest.lunchUrl(LoginTest.java:12)
at test.LoginTest.lunchUrl(LoginTest.java:12)
at test.LoginTest.lunchUrl(LoginTest.java:12)
at test.LoginTest.lunchUrl(LoginTest.java:12)
at test.LoginTest.lunchUrl(LoginTest.java:12)
at test.LoginTest.lunchUrl(LoginTest.java:12)
at test.LoginTest.lunchUrl(LoginTest.java:12)
at test.LoginTest.lunchUrl(LoginTest.java:12)
at test.LoginTest.lunchUrl(LoginTest.java:12)
at test.LoginTest.lunchUrl(LoginTest.java:12)
at test.LoginTest.lunchUrl(LoginTest.java:12)
at test.LoginTest.lunchUrl(LoginTest.java:12)
at test.LoginTest.lunchUrl(LoginTest.java:12)
at test.LoginTest.lunchUrl(LoginTest.java:12)
at test.LoginTest.lunchUrl(LoginTest.java:12)
at test.LoginTest.lunchUrl(LoginTest.java:12)
at test.LoginTest.lunchUrl(LoginTest.java:12)
at test.LoginTest.lunchUrl(LoginTest.java:12)
at test.LoginTest.lunchUrl(LoginTest.java:12)
at test.LoginTest.lunchUrl(LoginTest.java:12)
at test.LoginTest.lunchUrl(LoginTest.java:12)
at test.LoginTest.lunchUrl(LoginTest.java:12)
at test.LoginTest.lunchUrl(LoginTest.java:12)
at test.LoginTest.lunchUrl(LoginTest.java:12)
at test.LoginTest.lunchUrl(LoginTest.java:12)
at test.LoginTest.lunchUrl(LoginTest.java:12)
at test.LoginTest.lunchUrl(LoginTest.java:12)
at test.LoginTest.lunchUrl(LoginTest.java:12)
at test.LoginTest.lunchUrl(LoginTest.java:12)
at test.LoginTest.lunchUrl(LoginTest.java:12)
at test.LoginTest.lunchUrl(LoginTest.java:12)
at test.LoginTest.lunchUrl(LoginTest.java:12)
at test.LoginTest.lunchUrl(LoginTest.java:12)
at test.LoginTest.lunchUrl(LoginTest.java:12)
at test.LoginTest.lunchUrl(LoginTest.java:12)
at test.LoginTest.lunchUrl(LoginTest.java:12)
at test.LoginTest.lunchUrl(LoginTest.java:12)
at test.LoginTest.lunchUrl(LoginTest.java:12)
at test.LoginTest.lunchUrl(LoginTest.java:12)
at test.LoginTest.lunchUrl(LoginTest.java:12)
at test.LoginTest.lunchUrl(LoginTest.java:12)
at test.LoginTest.lunchUrl(LoginTest.java:12)
at test.LoginTest.lunchUrl(LoginTest.java:12)
at test.LoginTest.lunchUrl(LoginTest.java:12)
at test.LoginTest.lunchUrl(LoginTest.java:12)
at test.LoginTest.lunchUrl(LoginTest.java:12)
at test.LoginTest.lunchUrl(LoginTest.java:12)
at test.LoginTest.lunchUrl(LoginTest.java:12)
at test.LoginTest.lunchUrl(LoginTest.java:12)
at test.LoginTest.lunchUrl(LoginTest.java:12)
at test.LoginTest.lunchUrl(LoginTest.java:12)
at test.LoginTest.lunchUrl(LoginTest.java:12)
at test.LoginTest.lunchUrl(LoginTest.java:12)
at test.LoginTest.lunchUrl(LoginTest.java:12)
at test.LoginTest.lunchUrl(LoginTest.java:12)
at test.LoginTest.lunchUrl(LoginTest.java:12)
at test.LoginTest.lunchUrl(LoginTest.java:12)
at test.LoginTest.lunchUrl(LoginTest.java:12)
at test.LoginTest.lunchUrl(LoginTest.java:12)
at test.LoginTest.lunchUrl(LoginTest.java:12)
at test.LoginTest.lunchUrl(LoginTest.java:12)
at test.LoginTest.lunchUrl(LoginTest.java:12)
at test.LoginTest.lunchUrl(LoginTest.java:12)
at test.LoginTest.lunchUrl(LoginTest.java:12)
at test.LoginTest.lunchUrl(LoginTest.java:12)
at test.LoginTest.lunchUrl(LoginTest.java:12)
at test.LoginTest.lunchUrl(LoginTest.java:12)
at test.LoginTest.lunchUrl(LoginTest.java:12)
at test.LoginTest.lunchUrl(LoginTest.java:12)
at test.LoginTest.lunchUrl(LoginTest.java:12)
at test.LoginTest.lunchUrl(LoginTest.java:12)
at test.LoginTest.lunchUrl(LoginTest.java:12)
at test.LoginTest.lunchUrl(LoginTest.java:12)
at test.LoginTest.lunchUrl(LoginTest.java:12)
at test.LoginTest.lunchUrl(LoginTest.java:12)
at test.LoginTest.lunchUrl(LoginTest.java:12)
at test.LoginTest.lunchUrl(LoginTest.java:12)
at test.LoginTest.lunchUrl(LoginTest.java:12)
at test.LoginTest.lunchUrl(LoginTest.java:12)
at test.LoginTest.lunchUrl(LoginTest.java:12)
at test.LoginTest.lunchUrl(LoginTest.java:12)
at test.LoginTest.lunchUrl(LoginTest.java:12)
at test.LoginTest.lunchUrl(LoginTest.java:12)
at test.LoginTest.lunchUrl(LoginTest.java:12)
at test.LoginTest.lunchUrl(LoginTest.java:12)
at test.LoginTest.lunchUrl(LoginTest.java:12)
at test.LoginTest.lunchUrl(LoginTest.java:12)
at test.LoginTest.lunchUrl(LoginTest.java:12)
at test.LoginTest.lunchUrl(LoginTest.java:12)
at test.LoginTest.lunchUrl(LoginTest.java:12)
at test.LoginTest.lunchUrl(LoginTest.java:12)
at test.LoginTest.lunchUrl(LoginTest.java:12)
at test.LoginTest.lunchUrl(LoginTest.java:12)
at test.LoginTest.lunchUrl(LoginTest.java:12)
at test.LoginTest.lunchUrl(LoginTest.java:12)
at test.LoginTest.lunchUrl(LoginTest.java:12)
at test.LoginTest.lunchUrl(LoginTest.java:12)
at test.LoginTest.lunchUrl(LoginTest.java:12)
at test.LoginTest.lunchUrl(LoginTest.java:12)
at test.LoginTest.lunchUrl(LoginTest.java:12)
at test.LoginTest.lunchUrl(LoginTest.java:12)
at test.LoginTest.lunchUrl(LoginTest.java:12)
at test.LoginTest.lunchUrl(LoginTest.java:12)
at test.LoginTest.lunchUrl(LoginTest.java:12)
at test.LoginTest.lunchUrl(LoginTest.java:12)
at test.LoginTest.lunchUrl(LoginTest.java:12)
at test.LoginTest.lunchUrl(LoginTest.java:12)
at test.LoginTest.lunchUrl(LoginTest.java:12)
at test.LoginTest.lunchUrl(LoginTest.java:12)
at test.LoginTest.lunchUrl(LoginTest.java:12)
at test.LoginTest.lunchUrl(LoginTest.java:12)
at test.LoginTest.lunchUrl(LoginTest.java:12)
at test.LoginTest.lunchUrl(LoginTest.java:12)
at test.LoginTest.lunchUrl(LoginTest.java:12)
at test.LoginTest.lunchUrl(LoginTest.java:12)
at test.LoginTest.lunchUrl(LoginTest.java:12)
at test.LoginTest.lunchUrl(LoginTest.java:12)
at test.LoginTest.lunchUrl(LoginTest.java:12)
at test.LoginTest.lunchUrl(LoginTest.java:12)
at test.LoginTest.lunchUrl(LoginTest.java:12)
at test.LoginTest.lunchUrl(LoginTest.java:12)
at test.LoginTest.lunchUrl(LoginTest.java:12)
at test.LoginTest.lunchUrl(LoginTest.java:12)
at test.LoginTest.lunchUrl(LoginTest.java:12)
at test.LoginTest.lunchUrl(LoginTest.java:12)
at test.LoginTest.lunchUrl(LoginTest.java:12)
at test.LoginTest.lunchUrl(LoginTest.java:12)
at test.LoginTest.lunchUrl(LoginTest.java:12)
at test.LoginTest.lunchUrl(LoginTest.java:12)
at test.LoginTest.lunchUrl(LoginTest.java:12)
at test.LoginTest.lunchUrl(LoginTest.java:12)
at test.LoginTest.lunchUrl(LoginTest.java:12)
at test.LoginTest.lunchUrl(LoginTest.java:12)
at test.LoginTest.lunchUrl(LoginTest.java:12)
at test.LoginTest.lunchUrl(LoginTest.java:12)
at test.LoginTest.lunchUrl(LoginTest.java:12)
at test.LoginTest.lunchUrl(LoginTest.java:12)
at test.LoginTest.lunchUrl(LoginTest.java:12)
at test.LoginTest.lunchUrl(LoginTest.java:12)
at test.LoginTest.lunchUrl(LoginTest.java:12)
at test.LoginTest.lunchUrl(LoginTest.java:12)
at test.LoginTest.lunchUrl(LoginTest.java:12)
at test.LoginTest.lunchUrl(LoginTest.java:12)
at test.LoginTest.lunchUrl(LoginTest.java:12)
at test.LoginTest.lunchUrl(LoginTest.java:12)
at test.LoginTest.lunchUrl(LoginTest.java:12)
at test.LoginTest.lunchUrl(LoginTest.java:12)
at test.LoginTest.lunchUrl(LoginTest.java:12)
at test.LoginTest.lunchUrl(LoginTest.java:12)
at test.LoginTest.lunchUrl(LoginTest.java:12)
at test.LoginTest.lunchUrl(LoginTest.java:12)
at test.LoginTest.lunchUrl(LoginTest.java:12)
at test.LoginTest.lunchUrl(LoginTest.java:12)
at test.LoginTest.lunchUrl(LoginTest.java:12)
at test.LoginTest.lunchUrl(LoginTest.java:12)
at test.LoginTest.lunchUrl(LoginTest.java:12)
at test.LoginTest.lunchUrl(LoginTest.java:12)
at test.LoginTest.lunchUrl(LoginTest.java:12)
at test.LoginTest.lunchUrl(LoginTest.java:12)
at test.LoginTest.lunchUrl(LoginTest.java:12)
at test.LoginTest.lunchUrl(LoginTest.java:12)
at test.LoginTest.lunchUrl(LoginTest.java:12)
at test.LoginTest.lunchUrl(LoginTest.java:12)
at test.LoginTest.lunchUrl(LoginTest.java:12)
at test.LoginTest.lunchUrl(LoginTest.java:12)
at test.LoginTest.lunchUrl(LoginTest.java:12)
at test.LoginTest.lunchUrl(LoginTest.java:12)
at test.LoginTest.lunchUrl(LoginTest.java:12)
at test.LoginTest.lunchUrl(LoginTest.java:12)
at test.LoginTest.lunchUrl(LoginTest.java:12)
at test.LoginTest.lunchUrl(LoginTest.java:12)
at test.LoginTest.lunchUrl(LoginTest.java:12)
at test.LoginTest.lunchUrl(LoginTest.java:12)
at test.LoginTest.lunchUrl(LoginTest.java:12)
at test.LoginTest.lunchUrl(LoginTest.java:12)
at test.LoginTest.lunchUrl(LoginTest.java:12)
at test.LoginTest.lunchUrl(LoginTest.java:12)
at test.LoginTest.lunchUrl(LoginTest.java:12)
at test.LoginTest.lunchUrl(LoginTest.java:12)
at test.LoginTest.lunchUrl(LoginTest.java:12)
at test.LoginTest.lunchUrl(LoginTest.java:12)
at test.LoginTest.lunchUrl(LoginTest.java:12)
at test.LoginTest.lunchUrl(LoginTest.java:12)
at test.LoginTest.lunchUrl(LoginTest.java:12)
at test.LoginTest.lunchUrl(LoginTest.java:12)
at test.LoginTest.lunchUrl(LoginTest.java:12)
at test.LoginTest.lunchUrl(LoginTest.java:12)
at test.LoginTest.lunchUrl(LoginTest.java:12)
at test.LoginTest.lunchUrl(LoginTest.java:12)
at test.LoginTest.lunchUrl(LoginTest.java:12)
at test.LoginTest.lunchUrl(LoginTest.java:12)
at test.LoginTest.lunchUrl(LoginTest.java:12)
at test.LoginTest.lunchUrl(LoginTest.java:12)
at test.LoginTest.lunchUrl(LoginTest.java:12)
at test.LoginTest.lunchUrl(LoginTest.java:12)
at test.LoginTest.lunchUrl(LoginTest.java:12)
at test.LoginTest.lunchUrl(LoginTest.java:12)
at test.LoginTest.lunchUrl(LoginTest.java:12)
at test.LoginTest.lunchUrl(LoginTest.java:12)
at test.LoginTest.lunchUrl(LoginTest.java:12)
at test.LoginTest.lunchUrl(LoginTest.java:12)
at test.LoginTest.lunchUrl(LoginTest.java:12)
at test.LoginTest.lunchUrl(LoginTest.java:12)
at test.LoginTest.lunchUrl(LoginTest.java:12)
at test.LoginTest.lunchUrl(LoginTest.java:12)
at test.LoginTest.lunchUrl(LoginTest.java:12)
at test.LoginTest.lunchUrl(LoginTest.java:12)
at test.LoginTest.lunchUrl(LoginTest.java:12)
at test.LoginTest.lunchUrl(LoginTest.java:12)
at test.LoginTest.lunchUrl(LoginTest.java:12)
at test.LoginTest.lunchUrl(LoginTest.java:12)
at test.LoginTest.lunchUrl(LoginTest.java:12)
at test.LoginTest.lunchUrl(LoginTest.java:12)
at test.LoginTest.lunchUrl(LoginTest.java:12)
at test.LoginTest.lunchUrl(LoginTest.java:12)
at test.LoginTest.lunchUrl(LoginTest.java:12)
at test.LoginTest.lunchUrl(LoginTest.java:12)
at test.LoginTest.lunchUrl(LoginTest.java:12)
at test.LoginTest.lunchUrl(LoginTest.java:12)
at test.LoginTest.lunchUrl(LoginTest.java:12)
at test.LoginTest.lunchUrl(LoginTest.java:12)
at test.LoginTest.lunchUrl(LoginTest.java:12)
at test.LoginTest.lunchUrl(LoginTest.java:12)
at test.LoginTest.lunchUrl(LoginTest.java:12)
at test.LoginTest.lunchUrl(LoginTest.java:12)
at test.LoginTest.lunchUrl(LoginTest.java:12)
at test.LoginTest.lunchUrl(LoginTest.java:12)
at test.LoginTest.lunchUrl(LoginTest.java:12)
at test.LoginTest.lunchUrl(LoginTest.java:12)
at test.LoginTest.lunchUrl(LoginTest.java:12)
at test.LoginTest.lunchUrl(LoginTest.java:12)
at test.LoginTest.lunchUrl(LoginTest.java:12)
at test.LoginTest.lunchUrl(LoginTest.java:12)
at test.LoginTest.lunchUrl(LoginTest.java:12)
at test.LoginTest.lunchUrl(LoginTest.java:12)
at test.LoginTest.lunchUrl(LoginTest.java:12)
at test.LoginTest.lunchUrl(LoginTest.java:12)
at test.LoginTest.lunchUrl(LoginTest.java:12)
at test.LoginTest.lunchUrl(LoginTest.java:12)
at test.LoginTest.lunchUrl(LoginTest.java:12)
at test.LoginTest.lunchUrl(LoginTest.java:12)
at test.LoginTest.lunchUrl(LoginTest.java:12)
at test.LoginTest.lunchUrl(LoginTest.java:12)
at test.LoginTest.lunchUrl(LoginTest.java:12)
at test.LoginTest.lunchUrl(LoginTest.java:12)
at test.LoginTest.lunchUrl(LoginTest.java:12)
at test.LoginTest.lunchUrl(LoginTest.java:12)
at test.LoginTest.lunchUrl(LoginTest.java:12)
at test.LoginTest.lunchUrl(LoginTest.java:12)
at test.LoginTest.lunchUrl(LoginTest.java:12)
at test.LoginTest.lunchUrl(LoginTest.java:12)
at test.LoginTest.lunchUrl(LoginTest.java:12)
at test.LoginTest.lunchUrl(LoginTest.java:12)
at test.LoginTest.lunchUrl(LoginTest.java:12)
at test.LoginTest.lunchUrl(LoginTest.java:12)
at test.LoginTest.lunchUrl(LoginTest.java:12)
at test.LoginTest.lunchUrl(LoginTest.java:12)
at test.LoginTest.lunchUrl(LoginTest.java:12)
at test.LoginTest.lunchUrl(LoginTest.java:12)
at test.LoginTest.lunchUrl(LoginTest.java:12)
at test.LoginTest.lunchUrl(LoginTest.java:12)
at test.LoginTest.lunchUrl(LoginTest.java:12)
at test.LoginTest.lunchUrl(LoginTest.java:12)
at test.LoginTest.lunchUrl(LoginTest.java:12)
at test.LoginTest.lunchUrl(LoginTest.java:12)
at test.LoginTest.lunchUrl(LoginTest.java:12)
at test.LoginTest.lunchUrl(LoginTest.java:12)
at test.LoginTest.lunchUrl(LoginTest.java:12)
at test.LoginTest.lunchUrl(LoginTest.java:12)
at test.LoginTest.lunchUrl(LoginTest.java:12)
at test.LoginTest.lunchUrl(LoginTest.java:12)
at test.LoginTest.lunchUrl(LoginTest.java:12)
at test.LoginTest.lunchUrl(LoginTest.java:12)
at test.LoginTest.lunchUrl(LoginTest.java:12)
at test.LoginTest.lunchUrl(LoginTest.java:12)
at test.LoginTest.lunchUrl(LoginTest.java:12)
at test.LoginTest.lunchUrl(LoginTest.java:12)
at test.LoginTest.lunchUrl(LoginTest.java:12)
at test.LoginTest.lunchUrl(LoginTest.java:12)
at test.LoginTest.lunchUrl(LoginTest.java:12)
at test.LoginTest.lunchUrl(LoginTest.java:12)
at test.LoginTest.lunchUrl(LoginTest.java:12)
at test.LoginTest.lunchUrl(LoginTest.java:12)
at test.LoginTest.lunchUrl(LoginTest.java:12)
at test.LoginTest.lunchUrl(LoginTest.java:12)
at test.LoginTest.lunchUrl(LoginTest.java:12)
at test.LoginTest.lunchUrl(LoginTest.java:12)
at test.LoginTest.lunchUrl(LoginTest.java:12)
at test.LoginTest.lunchUrl(LoginTest.java:12)
at test.LoginTest.lunchUrl(LoginTest.java:12)
at test.LoginTest.lunchUrl(LoginTest.java:12)
at test.LoginTest.lunchUrl(LoginTest.java:12)
at test.LoginTest.lunchUrl(LoginTest.java:12)
at test.LoginTest.lunchUrl(LoginTest.java:12)
at test.LoginTest.lunchUrl(LoginTest.java:12)
at test.LoginTest.lunchUrl(LoginTest.java:12)
at test.LoginTest.lunchUrl(LoginTest.java:12)
at test.LoginTest.lunchUrl(LoginTest.java:12)
at test.LoginTest.lunchUrl(LoginTest.java:12)
at test.LoginTest.lunchUrl(LoginTest.java:12)
at test.LoginTest.lunchUrl(LoginTest.java:12)
at test.LoginTest.lunchUrl(LoginTest.java:12)
at test.LoginTest.lunchUrl(LoginTest.java:12)
at test.LoginTest.lunchUrl(LoginTest.java:12)
at test.LoginTest.lunchUrl(LoginTest.java:12)
at test.LoginTest.lunchUrl(LoginTest.java:12)
at test.LoginTest.lunchUrl(LoginTest.java:12)
at test.LoginTest.lunchUrl(LoginTest.java:12)
at test.LoginTest.lunchUrl(LoginTest.java:12)
at test.LoginTest.lunchUrl(LoginTest.java:12)
at test.LoginTest.lunchUrl(LoginTest.java:12)
at test.LoginTest.lunchUrl(LoginTest.java:12)
at test.LoginTest.lunchUrl(LoginTest.java:12)
at test.LoginTest.lunchUrl(LoginTest.java:12)
at test.LoginTest.lunchUrl(LoginTest.java:12)
at test.LoginTest.lunchUrl(LoginTest.java:12)
at test.LoginTest.lunchUrl(LoginTest.java:12)
at test.LoginTest.lunchUrl(LoginTest.java:12)
at test.LoginTest.lunchUrl(LoginTest.java:12)
at test.LoginTest.lunchUrl(LoginTest.java:12)
at test.LoginTest.lunchUrl(LoginTest.java:12)
at test.LoginTest.lunchUrl(LoginTest.java:12)
at test.LoginTest.lunchUrl(LoginTest.java:12)
at test.LoginTest.lunchUrl(LoginTest.java:12)
at test.LoginTest.lunchUrl(LoginTest.java:12)
at test.LoginTest.lunchUrl(LoginTest.java:12)
at test.LoginTest.lunchUrl(LoginTest.java:12)
at test.LoginTest.lunchUrl(LoginTest.java:12)
at test.LoginTest.lunchUrl(LoginTest.java:12)
at test.LoginTest.lunchUrl(LoginTest.java:12)
at test.LoginTest.lunchUrl(LoginTest.java:12)
at test.LoginTest.lunchUrl(LoginTest.java:12)
at test.LoginTest.lunchUrl(LoginTest.java:12)
at test.LoginTest.lunchUrl(LoginTest.java:12)
at test.LoginTest.lunchUrl(LoginTest.java:12)
at test.LoginTest.lunchUrl(LoginTest.java:12)
at test.LoginTest.lunchUrl(LoginTest.java:12)
at test.LoginTest.lunchUrl(LoginTest.java:12)
at test.LoginTest.lunchUrl(LoginTest.java:12)
at test.LoginTest.lunchUrl(LoginTest.java:12)
at test.LoginTest.lunchUrl(LoginTest.java:12)
at test.LoginTest.lunchUrl(LoginTest.java:12)
at test.LoginTest.lunchUrl(LoginTest.java:12)
at test.LoginTest.lunchUrl(LoginTest.java:12)
at test.LoginTest.lunchUrl(LoginTest.java:12)
at test.LoginTest.lunchUrl(LoginTest.java:12)
at test.LoginTest.lunchUrl(LoginTest.java:12)
at test.LoginTest.lunchUrl(LoginTest.java:12)
at test.LoginTest.lunchUrl(LoginTest.java:12)
at test.LoginTest.lunchUrl(LoginTest.java:12)
at test.LoginTest.lunchUrl(LoginTest.java:12)
at test.LoginTest.lunchUrl(LoginTest.java:12)
at test.LoginTest.lunchUrl(LoginTest.java:12)
at test.LoginTest.lunchUrl(LoginTest.java:12)
at test.LoginTest.lunchUrl(LoginTest.java:12)
at test.LoginTest.lunchUrl(LoginTest.java:12)
at test.LoginTest.lunchUrl(LoginTest.java:12)
at test.LoginTest.lunchUrl(LoginTest.java:12)
at test.LoginTest.lunchUrl(LoginTest.java:12)
at test.LoginTest.lunchUrl(LoginTest.java:12)
at test.LoginTest.lunchUrl(LoginTest.java:12)
at test.LoginTest.lunchUrl(LoginTest.java:12)
at test.LoginTest.lunchUrl(LoginTest.java:12)
at test.LoginTest.lunchUrl(LoginTest.java:12)
at test.LoginTest.lunchUrl(LoginTest.java:12)
at test.LoginTest.lunchUrl(LoginTest.java:12)
at test.LoginTest.lunchUrl(LoginTest.java:12)
at test.LoginTest.lunchUrl(LoginTest.java:12)
at test.LoginTest.lunchUrl(LoginTest.java:12)
at test.LoginTest.lunchUrl(LoginTest.java:12)
at test.LoginTest.lunchUrl(LoginTest.java:12)
at test.LoginTest.lunchUrl(LoginTest.java:12)
at test.LoginTest.lunchUrl(LoginTest.java:12)
at test.LoginTest.lunchUrl(LoginTest.java:12)
at test.LoginTest.lunchUrl(LoginTest.java:12)
at test.LoginTest.lunchUrl(LoginTest.java:12)
at test.LoginTest.lunchUrl(LoginTest.java:12)
at test.LoginTest.lunchUrl(LoginTest.java:12)
at test.LoginTest.lunchUrl(LoginTest.java:12)
at test.LoginTest.lunchUrl(LoginTest.java:12)
at test.LoginTest.lunchUrl(LoginTest.java:12)
at test.LoginTest.lunchUrl(LoginTest.java:12)
at test.LoginTest.lunchUrl(LoginTest.java:12)
at test.LoginTest.lunchUrl(LoginTest.java:12)
at test.LoginTest.lunchUrl(LoginTest.java:12)
at test.LoginTest.lunchUrl(LoginTest.java:12)
at test.LoginTest.lunchUrl(LoginTest.java:12)
at test.LoginTest.lunchUrl(LoginTest.java:12)
at test.LoginTest.lunchUrl(LoginTest.java:12)
at test.LoginTest.lunchUrl(LoginTest.java:12)
at test.LoginTest.lunchUrl(LoginTest.java:12)
at test.LoginTest.lunchUrl(LoginTest.java:12)
at test.LoginTest.lunchUrl(LoginTest.java:12)
at test.LoginTest.lunchUrl(LoginTest.java:12)
at test.LoginTest.lunchUrl(LoginTest.java:12)
at test.LoginTest.lunchUrl(LoginTest.java:12)
at test.LoginTest.lunchUrl(LoginTest.java:12)
at test.LoginTest.lunchUrl(LoginTest.java:12)
at test.LoginTest.lunchUrl(LoginTest.java:12)
at test.LoginTest.lunchUrl(LoginTest.java:12)
at test.LoginTest.lunchUrl(LoginTest.java:12)
at test.LoginTest.lunchUrl(LoginTest.java:12)
at test.LoginTest.lunchUrl(LoginTest.java:12)
at test.LoginTest.lunchUrl(LoginTest.java:12)
at test.LoginTest.lunchUrl(LoginTest.java:12)
at test.LoginTest.lunchUrl(LoginTest.java:12)
at test.LoginTest.lunchUrl(LoginTest.java:12)
at test.LoginTest.lunchUrl(LoginTest.java:12)
at test.LoginTest.lunchUrl(LoginTest.java:12)
at test.LoginTest.lunchUrl(LoginTest.java:12)
at test.LoginTest.lunchUrl(LoginTest.java:12)
at test.LoginTest.lunchUrl(LoginTest.java:12)
at test.LoginTest.lunchUrl(LoginTest.java:12)
at test.LoginTest.lunchUrl(LoginTest.java:12)
at test.LoginTest.lunchUrl(LoginTest.java:12)
at test.LoginTest.lunchUrl(LoginTest.java:12)
at test.LoginTest.lunchUrl(LoginTest.java:12)
at test.LoginTest.lunchUrl(LoginTest.java:12)
at test.LoginTest.lunchUrl(LoginTest.java:12)
at test.LoginTest.lunchUrl(LoginTest.java:12)
at test.LoginTest.lunchUrl(LoginTest.java:12)
at test.LoginTest.lunchUrl(LoginTest.java:12)
at test.LoginTest.lunchUrl(LoginTest.java:12)
at test.LoginTest.lunchUrl(LoginTest.java:12)
at test.LoginTest.lunchUrl(LoginTest.java:12)
at test.LoginTest.lunchUrl(LoginTest.java:12)
at test.LoginTest.lunchUrl(LoginTest.java:12)
at test.LoginTest.lunchUrl(LoginTest.java:12)
at test.LoginTest.lunchUrl(LoginTest.java:12)
at test.LoginTest.lunchUrl(LoginTest.java:12)
at test.LoginTest.lunchUrl(LoginTest.java:12)
at test.LoginTest.lunchUrl(LoginTest.java:12)
at test.LoginTest.lunchUrl(LoginTest.java:12)
at test.LoginTest.lunchUrl(LoginTest.java:12)
at test.LoginTest.lunchUrl(LoginTest.java:12)
at test.LoginTest.lunchUrl(LoginTest.java:12)
at test.LoginTest.lunchUrl(LoginTest.java:12)
at test.LoginTest.lunchUrl(LoginTest.java:12)
at test.LoginTest.lunchUrl(LoginTest.java:12)
at test.LoginTest.lunchUrl(LoginTest.java:12)
at test.LoginTest.lunchUrl(LoginTest.java:12)
at test.LoginTest.lunchUrl(LoginTest.java:12)
at test.LoginTest.lunchUrl(LoginTest.java:12)
at test.LoginTest.lunchUrl(LoginTest.java:12)
at test.LoginTest.lunchUrl(LoginTest.java:12)
at test.LoginTest.lunchUrl(LoginTest.java:12)
at test.LoginTest.lunchUrl(LoginTest.java:12)
at test.LoginTest.lunchUrl(LoginTest.java:12)
at test.LoginTest.lunchUrl(LoginTest.java:12)
at test.LoginTest.lunchUrl(LoginTest.java:12)
at test.LoginTest.lunchUrl(LoginTest.java:12)
at test.LoginTest.lunchUrl(LoginTest.java:12)
at test.LoginTest.lunchUrl(LoginTest.java:12)
at test.LoginTest.lunchUrl(LoginTest.java:12)
at test.LoginTest.lunchUrl(LoginTest.java:12)
at test.LoginTest.lunchUrl(LoginTest.java:12)
at test.LoginTest.lunchUrl(LoginTest.java:12)
at test.LoginTest.lunchUrl(LoginTest.java:12)
at test.LoginTest.lunchUrl(LoginTest.java:12)
at test.LoginTest.lunchUrl(LoginTest.java:12)
at test.LoginTest.lunchUrl(LoginTest.java:12)
at test.LoginTest.lunchUrl(LoginTest.java:12)
at test.LoginTest.lunchUrl(LoginTest.java:12)
at test.LoginTest.lunchUrl(LoginTest.java:12)
at test.LoginTest.lunchUrl(LoginTest.java:12)
at test.LoginTest.lunchUrl(LoginTest.java:12)
at test.LoginTest.lunchUrl(LoginTest.java:12)
at test.LoginTest.lunchUrl(LoginTest.java:12)
at test.LoginTest.lunchUrl(LoginTest.java:12)
at test.LoginTest.lunchUrl(LoginTest.java:12)
at test.LoginTest.lunchUrl(LoginTest.java:12)
at test.LoginTest.lunchUrl(LoginTest.java:12)
at test.LoginTest.lunchUrl(LoginTest.java:12)
at test.LoginTest.lunchUrl(LoginTest.java:12)
at test.LoginTest.lunchUrl(LoginTest.java:12)
at test.LoginTest.lunchUrl(LoginTest.java:12)
at test.LoginTest.lunchUrl(LoginTest.java:12)
at test.LoginTest.lunchUrl(LoginTest.java:12)
at test.LoginTest.lunchUrl(LoginTest.java:12)
at test.LoginTest.lunchUrl(LoginTest.java:12)
at test.LoginTest.lunchUrl(LoginTest.java:12)
at test.LoginTest.lunchUrl(LoginTest.java:12)
at test.LoginTest.lunchUrl(LoginTest.java:12)
at test.LoginTest.lunchUrl(LoginTest.java:12)
at test.LoginTest.lunchUrl(LoginTest.java:12)
at test.LoginTest.lunchUrl(LoginTest.java:12)
at test.LoginTest.lunchUrl(LoginTest.java:12)
at test.LoginTest.lunchUrl(LoginTest.java:12)
at test.LoginTest.lunchUrl(LoginTest.java:12)
at test.LoginTest.lunchUrl(LoginTest.java:12)
at test.LoginTest.lunchUrl(LoginTest.java:12)
at test.LoginTest.lunchUrl(LoginTest.java:12)
at test.LoginTest.lunchUrl(LoginTest.java:12)
at test.LoginTest.lunchUrl(LoginTest.java:12)
at test.LoginTest.lunchUrl(LoginTest.java:12)
at test.LoginTest.lunchUrl(LoginTest.java:12)
at test.LoginTest.lunchUrl(LoginTest.java:12)
at test.LoginTest.lunchUrl(LoginTest.java:12)
at test.LoginTest.lunchUrl(LoginTest.java:12)
at test.LoginTest.lunchUrl(LoginTest.java:12)
at test.LoginTest.lunchUrl(LoginTest.java:12)
at test.LoginTest.lunchUrl(LoginTest.java:12)
at test.LoginTest.lunchUrl(LoginTest.java:12)
at test.LoginTest.lunchUrl(LoginTest.java:12)
at test.LoginTest.lunchUrl(LoginTest.java:12)
at test.LoginTest.lunchUrl(LoginTest.java:12)
at test.LoginTest.lunchUrl(LoginTest.java:12)
at test.LoginTest.lunchUrl(LoginTest.java:12)
at test.LoginTest.lunchUrl(LoginTest.java:12)
at test.LoginTest.lunchUrl(LoginTest.java:12)
at test.LoginTest.lunchUrl(LoginTest.java:12)
at test.LoginTest.lunchUrl(LoginTest.java:12)
at test.LoginTest.lunchUrl(LoginTest.java:12)
at test.LoginTest.lunchUrl(LoginTest.java:12)
at test.LoginTest.lunchUrl(LoginTest.java:12)
at test.LoginTest.lunchUrl(LoginTest.java:12)
at test.LoginTest.lunchUrl(LoginTest.java:12)
at test.LoginTest.lunchUrl(LoginTest.java:12)
at test.LoginTest.lunchUrl(LoginTest.java:12)
at test.LoginTest.lunchUrl(LoginTest.java:12)
at test.LoginTest.lunchUrl(LoginTest.java:12)
at test.LoginTest.lunchUrl(LoginTest.java:12)
at test.LoginTest.lunchUrl(LoginTest.java:12)
at test.LoginTest.lunchUrl(LoginTest.java:12)
at test.LoginTest.lunchUrl(LoginTest.java:12)
at test.LoginTest.lunchUrl(LoginTest.java:12)
at test.LoginTest.lunchUrl(LoginTest.java:12)
at test.LoginTest.lunchUrl(LoginTest.java:12)
at test.LoginTest.lunchUrl(LoginTest.java:12)
at test.LoginTest.lunchUrl(LoginTest.java:12)
at test.LoginTest.lunchUrl(LoginTest.java:12)
at test.LoginTest.lunchUrl(LoginTest.java:12)
at test.LoginTest.lunchUrl(LoginTest.java:12)
at test.LoginTest.lunchUrl(LoginTest.java:12)
at test.LoginTest.lunchUrl(LoginTest.java:12)
at test.LoginTest.lunchUrl(LoginTest.java:12)
at test.LoginTest.lunchUrl(LoginTest.java:12)
at test.LoginTest.lunchUrl(LoginTest.java:12)
at test.LoginTest.lunchUrl(LoginTest.java:12)
at test.LoginTest.lunchUrl(LoginTest.java:12)
at test.LoginTest.lunchUrl(LoginTest.java:12)
at test.LoginTest.lunchUrl(LoginTest.java:12)
at test.LoginTest.lunchUrl(LoginTest.java:12)
at test.LoginTest.lunchUrl(LoginTest.java:12)
at test.LoginTest.lunchUrl(LoginTest.java:12)
at test.LoginTest.lunchUrl(LoginTest.java:12)
at test.LoginTest.lunchUrl(LoginTest.java:12)
at test.LoginTest.lunchUrl(LoginTest.java:12)
at test.LoginTest.lunchUrl(LoginTest.java:12)
at test.LoginTest.lunchUrl(LoginTest.java:12)
at test.LoginTest.lunchUrl(LoginTest.java:12)
at test.LoginTest.lunchUrl(LoginTest.java:12)
at test.LoginTest.lunchUrl(LoginTest.java:12)
at test.LoginTest.lunchUrl(LoginTest.java:12)
at test.LoginTest.lunchUrl(LoginTest.java:12)
at test.LoginTest.lunchUrl(LoginTest.java:12)
at test.LoginTest.lunchUrl(LoginTest.java:12)
at test.LoginTest.lunchUrl(LoginTest.java:12)
at test.LoginTest.lunchUrl(LoginTest.java:12)
at test.LoginTest.lunchUrl(LoginTest.java:12)
at test.LoginTest.lunchUrl(LoginTest.java:12)
at test.LoginTest.lunchUrl(LoginTest.java:12)
at test.LoginTest.lunchUrl(LoginTest.java:12)
at test.LoginTest.lunchUrl(LoginTest.java:12)
at test.LoginTest.lunchUrl(LoginTest.java:12)
at test.LoginTest.lunchUrl(LoginTest.java:12)
at test.LoginTest.lunchUrl(LoginTest.java:12)
at test.LoginTest.lunchUrl(LoginTest.java:12)
at test.LoginTest.lunchUrl(LoginTest.java:12)
at test.LoginTest.lunchUrl(LoginTest.java:12)
at test.LoginTest.lunchUrl(LoginTest.java:12)
at test.LoginTest.lunchUrl(LoginTest.java:12)
at test.LoginTest.lunchUrl(LoginTest.java:12)
at test.LoginTest.lunchUrl(LoginTest.java:12)
at test.LoginTest.lunchUrl(LoginTest.java:12)
at test.LoginTest.lunchUrl(LoginTest.java:12)
at test.LoginTest.lunchUrl(LoginTest.java:12)
at test.LoginTest.lunchUrl(LoginTest.java:12)
at test.LoginTest.lunchUrl(LoginTest.java:12)
at test.LoginTest.lunchUrl(LoginTest.java:12)
at test.LoginTest.lunchUrl(LoginTest.java:12)
at test.LoginTest.lunchUrl(LoginTest.java:12)
at test.LoginTest.lunchUrl(LoginTest.java:12)
at test.LoginTest.lunchUrl(LoginTest.java:12)
at test.LoginTest.lunchUrl(LoginTest.java:12)
at test.LoginTest.lunchUrl(LoginTest.java:12)
at test.LoginTest.lunchUrl(LoginTest.java:12)
at test.LoginTest.lunchUrl(LoginTest.java:12)
at test.LoginTest.lunchUrl(LoginTest.java:12)
at test.LoginTest.lunchUrl(LoginTest.java:12)
at test.LoginTest.lunchUrl(LoginTest.java:12)
at test.LoginTest.lunchUrl(LoginTest.java:12)
at test.LoginTest.lunchUrl(LoginTest.java:12)
at test.LoginTest.lunchUrl(LoginTest.java:12)
at test.LoginTest.lunchUrl(LoginTest.java:12)
at test.LoginTest.lunchUrl(LoginTest.java:12)
at test.LoginTest.lunchUrl(LoginTest.java:12)
at test.LoginTest.lunchUrl(LoginTest.java:12)
at test.LoginTest.lunchUrl(LoginTest.java:12)
at test.LoginTest.lunchUrl(LoginTest.java:12)
at test.LoginTest.lunchUrl(LoginTest.java:12)
at test.LoginTest.lunchUrl(LoginTest.java:12)
at test.LoginTest.lunchUrl(LoginTest.java:12)
at test.LoginTest.lunchUrl(LoginTest.java:12)
at test.LoginTest.lunchUrl(LoginTest.java:12)
at test.LoginTest.lunchUrl(LoginTest.java:12)
at test.LoginTest.lunchUrl(LoginTest.java:12)
at test.LoginTest.lunchUrl(LoginTest.java:12)
at test.LoginTest.lunchUrl(LoginTest.java:12)
at test.LoginTest.lunchUrl(LoginTest.java:12)
at test.LoginTest.lunchUrl(LoginTest.java:12)
at test.LoginTest.lunchUrl(LoginTest.java:12)
at test.LoginTest.lunchUrl(LoginTest.java:12)
at test.LoginTest.lunchUrl(LoginTest.java:12)
at test.LoginTest.lunchUrl(LoginTest.java:12)
at test.LoginTest.lunchUrl(LoginTest.java:12)
at test.LoginTest.lunchUrl(LoginTest.java:12)
at test.LoginTest.lunchUrl(LoginTest.java:12)
at test.LoginTest.lunchUrl(LoginTest.java:12)
at test.LoginTest.lunchUrl(LoginTest.java:12)
at test.LoginTest.lunchUrl(LoginTest.java:12)
at test.LoginTest.lunchUrl(LoginTest.java:12)
at test.LoginTest.lunchUrl(LoginTest.java:12)
at test.LoginTest.lunchUrl(LoginTest.java:12)
at test.LoginTest.lunchUrl(LoginTest.java:12)
at test.LoginTest.lunchUrl(LoginTest.java:12)
at test.LoginTest.lunchUrl(LoginTest.java:12)
at test.LoginTest.lunchUrl(LoginTest.java:12)
at test.LoginTest.lunchUrl(LoginTest.java:12)
at test.LoginTest.lunchUrl(LoginTest.java:12)
at test.LoginTest.lunchUrl(LoginTest.java:12)
at test.LoginTest.lunchUrl(LoginTest.java:12)
at test.LoginTest.lunchUrl(LoginTest.java:12)
at test.LoginTest.lunchUrl(LoginTest.java:12)
at test.LoginTest.lunchUrl(LoginTest.java:12)
at test.LoginTest.lunchUrl(LoginTest.java:12)
at test.LoginTest.lunchUrl(LoginTest.java:12)
at test.LoginTest.lunchUrl(LoginTest.java:12)
at test.LoginTest.lunchUrl(LoginTest.java:12)
at test.LoginTest.lunchUrl(LoginTest.java:12)
at test.LoginTest.lunchUrl(LoginTest.java:12)
at test.LoginTest.lunchUrl(LoginTest.java:12)
at test.LoginTest.lunchUrl(LoginTest.java:12)
at test.LoginTest.lunchUrl(LoginTest.java:12)
at test.LoginTest.lunchUrl(LoginTest.java:12)
at test.LoginTest.lunchUrl(LoginTest.java:12)
at test.LoginTest.lunchUrl(LoginTest.java:12)
at test.LoginTest.lunchUrl(LoginTest.java:12)
at test.LoginTest.lunchUrl(LoginTest.java:12)
at test.LoginTest.lunchUrl(LoginTest.java:12)
at test.LoginTest.lunchUrl(LoginTest.java:12)
at test.LoginTest.lunchUrl(LoginTest.java:12)
at test.LoginTest.lunchUrl(LoginTest.java:12)
at test.LoginTest.lunchUrl(LoginTest.java:12)
at test.LoginTest.lunchUrl(LoginTest.java:12)
at test.LoginTest.lunchUrl(LoginTest.java:12)
at test.LoginTest.lunchUrl(LoginTest.java:12)
at test.LoginTest.lunchUrl(LoginTest.java:12)
at test.LoginTest.lunchUrl(LoginTest.java:12)
at test.LoginTest.lunchUrl(LoginTest.java:12)
at test.LoginTest.lunchUrl(LoginTest.java:12)
at test.LoginTest.lunchUrl(LoginTest.java:12)
at test.LoginTest.lunchUrl(LoginTest.java:12)
at test.LoginTest.lunchUrl(LoginTest.java:12)
at test.LoginTest.lunchUrl(LoginTest.java:12)
at test.LoginTest.lunchUrl(LoginTest.java:12)
at test.LoginTest.lunchUrl(LoginTest.java:12)
at test.LoginTest.lunchUrl(LoginTest.java:12)
at test.LoginTest.lunchUrl(LoginTest.java:12)
at test.LoginTest.lunchUrl(LoginTest.java:12)
at test.LoginTest.lunchUrl(LoginTest.java:12)
at test.LoginTest.lunchUrl(LoginTest.java:12)
at test.LoginTest.lunchUrl(LoginTest.java:12)
at test.LoginTest.lunchUrl(LoginTest.java:12)
at test.LoginTest.lunchUrl(LoginTest.java:12)
at test.LoginTest.lunchUrl(LoginTest.java:12)
at test.LoginTest.lunchUrl(LoginTest.java:12)
at test.LoginTest.lunchUrl(LoginTest.java:12)
at test.LoginTest.lunchUrl(LoginTest.java:12)
at test.LoginTest.lunchUrl(LoginTest.java:12)
at test.LoginTest.lunchUrl(LoginTest.java:12)
at test.LoginTest.lunchUrl(LoginTest.java:12)
at test.LoginTest.lunchUrl(LoginTest.java:12)
at test.LoginTest.lunchUrl(LoginTest.java:12)
at test.LoginTest.lunchUrl(LoginTest.java:12)
at test.LoginTest.lunchUrl(LoginTest.java:12)
at test.LoginTest.lunchUrl(LoginTest.java:12)
at test.LoginTest.lunchUrl(LoginTest.java:12)
at test.LoginTest.lunchUrl(LoginTest.java:12)
at test.LoginTest.lunchUrl(LoginTest.java:12)
at test.LoginTest.lunchUrl(LoginTest.java:12)
at test.LoginTest.lunchUrl(LoginTest.java:12)
at test.LoginTest.lunchUrl(LoginTest.java:12)
at test.LoginTest.lunchUrl(LoginTest.java:12)
at test.LoginTest.lunchUrl(LoginTest.java:12)
at test.LoginTest.lunchUrl(LoginTest.java:12)
at test.LoginTest.lunchUrl(LoginTest.java:12)
at test.LoginTest.lunchUrl(LoginTest.java:12)
at test.LoginTest.lunchUrl(LoginTest.java:12)
at test.LoginTest.lunchUrl(LoginTest.java:12)
at test.LoginTest.lunchUrl(LoginTest.java:12)
at test.LoginTest.lunchUrl(LoginTest.java:12)
at test.LoginTest.lunchUrl(LoginTest.java:12)
at test.LoginTest.lunchUrl(LoginTest.java:12)
at test.LoginTest.lunchUrl(LoginTest.java:12)
at test.LoginTest.lunchUrl(LoginTest.java:12)
at test.LoginTest.lunchUrl(LoginTest.java:12)
at test.LoginTest.lunchUrl(LoginTest.java:12)
]]>
            </full-stacktrace>
          </exception> <!-- java.lang.StackOverflowError -->
          <reporter-output>
          </reporter-output>
        </test-method> <!-- clickonclose -->
      </class> <!-- test.LoginTest -->
    </test> <!-- Default test -->
  </suite> <!-- Default suite -->
</testng-results>
