<?xml version="1.0" encoding="UTF-8"?>
<testng-results ignored="0" total="1" passed="1" failed="0" skipped="0">
  <reporter-output>
  </reporter-output>
  <suite started-at="2026-03-09T15:09:07 IST" name="Default suite" finished-at="2026-03-09T15:09:07 IST" duration-ms="177">
    <groups>
    </groups>
    <test started-at="2026-03-09T15:09:07 IST" name="Default test" finished-at="2026-03-09T15:09:07 IST" duration-ms="177">
      <class name="baseLabrary.BaseLabrary">
        <test-method signature="demo()[pri:0, instance:baseLabrary.BaseLabrary@41e36e46]" started-at="2026-03-09T15:09:07 IST" name="demo" finished-at="2026-03-09T15:09:07 IST" duration-ms="41" status="PASS">
          <reporter-output>
          </reporter-output>
        </test-method> <!-- demo -->
      </class> <!-- baseLabrary.BaseLabrary -->
    </test> <!-- Default test -->
  </suite> <!-- Default suite -->
</testng-results>
