<?xml version="1.0" encoding="UTF-8"?>
<!-- Generated by org.testng.reporters.JUnitXMLReporter -->
<testsuite ignored="0" hostname="DESKTOP-TS26B3F" failures="0" tests="1" name="Default test" time="0.188" errors="0" timestamp="2026-02-20T00:31:29 IST">
  <testcase classname="test.LoginTest" name="@BeforeTest lunchUrl" time="0.044">
    <failure type="java.lang.StackOverflowError">
      <![CDATA[java.lang.StackOverflowError
at test.LoginTest.lunchUrl(LoginTest.java:12)
at test.LoginTest.lunchUrl(LoginTest.java:12)
at test.LoginTest.lunchUrl(LoginTest.java:12)
at test.LoginTest.lunchUrl(LoginTest.java:12)
at test.LoginTest.lunchUrl(LoginTest.java:12)
at test.LoginTest.lunchUrl(LoginTest.java:12)
at test.LoginTest.lunchUrl(LoginTest.java:12)
at test.LoginTest.lunchUrl(LoginTest.java:12)
at test.LoginTest.lunchUrl(LoginTest.java:12)
at test.LoginTest.lunchUrl(LoginTest.java:12)
at test.LoginTest.lunchUrl(LoginTest.java:12)
at test.LoginTest.lunchUrl(LoginTest.java:12)
at test.LoginTest.lunchUrl(LoginTest.java:12)
at test.LoginTest.lunchUrl(LoginTest.java:12)
at test.LoginTest.lunchUrl(LoginTest.java:12)
at test.LoginTest.lunchUrl(LoginTest.java:12)
at test.LoginTest.lunchUrl(LoginTest.java:12)
at test.LoginTest.lunchUrl(LoginTest.java:12)
at test.LoginTest.lunchUrl(LoginTest.java:12)
at test.LoginTest.lunchUrl(LoginTest.java:12)
at test.LoginTest.lunchUrl(LoginTest.java:12)
at test.LoginTest.lunchUrl(LoginTest.java:12)
at test.LoginTest.lunchUrl(LoginTest.java:12)
at test.LoginTest.lunchUrl(LoginTest.java:12)
at test.LoginTest.lunchUrl(LoginTest.java:12)
at test.LoginTest.lunchUrl(LoginTest.java:12)
at test.LoginTest.lunchUrl(LoginTest.java:12)
at test.LoginTest.lunchUrl(LoginTest.java:12)
at test.LoginTest.lunchUrl(LoginTest.java:12)
at test.LoginTest.lunchUrl(LoginTest.java:12)
at test.LoginTest.lunchUrl(LoginTest.java:12)
at test.LoginTest.lunchUrl(LoginTest.java:12)
at test.LoginTest.lunchUrl(LoginTest.java:12)
at test.LoginTest.lunchUrl(LoginTest.java:12)
at test.LoginTest.lunchUrl(LoginTest.java:12)
at test.LoginTest.lunchUrl(LoginTest.java:12)
at test.LoginTest.lunchUrl(LoginTest.java:12)
at test.LoginTest.lunchUrl(LoginTest.java:12)
at test.LoginTest.lunchUrl(LoginTest.java:12)
at test.LoginTest.lunchUrl(LoginTest.java:12)
at test.LoginTest.lunchUrl(LoginTest.java:12)
at test.LoginTest.lunchUrl(LoginTest.java:12)
at test.LoginTest.lunchUrl(LoginTest.java:12)
at test.LoginTest.lunchUrl(LoginTest.java:12)
at test.LoginTest.lunchUrl(LoginTest.java:12)
at test.LoginTest.lunchUrl(LoginTest.java:12)
at test.LoginTest.lunchUrl(LoginTest.java:12)
at test.LoginTest.lunchUrl(LoginTest.java:12)
at test.LoginTest.lunchUrl(LoginTest.java:12)
at test.LoginTest.lunchUrl(LoginTest.java:12)
at test.LoginTest.lunchUrl(LoginTest.java:12)
at test.LoginTest.lunchUrl(LoginTest.java:12)
at test.LoginTest.lunchUrl(LoginTest.java:12)
at test.LoginTest.lunchUrl(LoginTest.java:12)
at test.LoginTest.lunchUrl(LoginTest.java:12)
at test.LoginTest.lunchUrl(LoginTest.java:12)
at test.LoginTest.lunchUrl(LoginTest.java:12)
at test.LoginTest.lunchUrl(LoginTest.java:12)
at test.LoginTest.lunchUrl(LoginTest.java:12)
at test.LoginTest.lunchUrl(LoginTest.java:12)
at test.LoginTest.lunchUrl(LoginTest.java:12)
at test.LoginTest.lunchUrl(LoginTest.java:12)
at test.LoginTest.lunchUrl(LoginTest.java:12)
at test.LoginTest.lunchUrl(LoginTest.java:12)
at test.LoginTest.lunchUrl(LoginTest.java:12)
at test.LoginTest.lunchUrl(LoginTest.java:12)
at test.LoginTest.lunchUrl(LoginTest.java:12)
at test.LoginTest.lunchUrl(LoginTest.java:12)
at test.LoginTest.lunchUrl(LoginTest.java:12)
at test.LoginTest.lunchUrl(LoginTest.java:12)
at test.LoginTest.lunchUrl(LoginTest.java:12)
at test.LoginTest.lunchUrl(LoginTest.java:12)
at test.LoginTest.lunchUrl(LoginTest.java:12)
at test.LoginTest.lunchUrl(LoginTest.java:12)
at test.LoginTest.lunchUrl(LoginTest.java:12)
at test.LoginTest.lunchUrl(LoginTest.java:12)
at test.LoginTest.lunchUrl(LoginTest.java:12)
at test.LoginTest.lunchUrl(LoginTest.java:12)
at test.LoginTest.lunchUrl(LoginTest.java:12)
at test.LoginTest.lunchUrl(LoginTest.java:12)
at test.LoginTest.lunchUrl(LoginTest.java:12)
at test.LoginTest.lunchUrl(LoginTest.java:12)
at test.LoginTest.lunchUrl(LoginTest.java:12)
at test.LoginTest.lunchUrl(LoginTest.java:12)
at test.LoginTest.lunchUrl(LoginTest.java:12)
at test.LoginTest.lunchUrl(LoginTest.java:12)
at test.LoginTest.lunchUrl(LoginTest.java:12)
at test.LoginTest.lunchUrl(LoginTest.java:12)
at test.LoginTest.lunchUrl(LoginTest.java:12)
at test.LoginTest.lunchUrl(LoginTest.java:12)
at test.LoginTest.lunchUrl(LoginTest.java:12)
at test.LoginTest.lunchUrl(LoginTest.java:12)
at test.LoginTest.lunchUrl(LoginTest.java:12)
at test.LoginTest.lunchUrl(LoginTest.java:12)
at test.LoginTest.lunchUrl(LoginTest.java:12)
at test.LoginTest.lunchUrl(LoginTest.java:12)
at test.LoginTest.lunchUrl(LoginTest.java:12)
at test.LoginTest.lunchUrl(LoginTest.java:12)
at test.LoginTest.lunchUrl(LoginTest.java:12)
at test.LoginTest.lunchUrl(LoginTest.java:12)
at test.LoginTest.lunchUrl(LoginTest.java:12)
at test.LoginTest.lunchUrl(LoginTest.java:12)
at test.LoginTest.lunchUrl(LoginTest.java:12)
at test.LoginTest.lunchUrl(LoginTest.java:12)
at test.LoginTest.lunchUrl(LoginTest.java:12)
at test.LoginTest.lunchUrl(LoginTest.java:12)
at test.LoginTest.lunchUrl(LoginTest.java:12)
at test.LoginTest.lunchUrl(LoginTest.java:12)
at test.LoginTest.lunchUrl(LoginTest.java:12)
at test.LoginTest.lunchUrl(LoginTest.java:12)
at test.LoginTest.lunchUrl(LoginTest.java:12)
at test.LoginTest.lunchUrl(LoginTest.java:12)
at test.LoginTest.lunchUrl(LoginTest.java:12)
at test.LoginTest.lunchUrl(LoginTest.java:12)
at test.LoginTest.lunchUrl(LoginTest.java:12)
at test.LoginTest.lunchUrl(LoginTest.java:12)
at test.LoginTest.lunchUrl(LoginTest.java:12)
at test.LoginTest.lunchUrl(LoginTest.java:12)
at test.LoginTest.lunchUrl(LoginTest.java:12)
at test.LoginTest.lunchUrl(LoginTest.java:12)
at test.LoginTest.lunchUrl(LoginTest.java:12)
at test.LoginTest.lunchUrl(LoginTest.java:12)
at test.LoginTest.lunchUrl(LoginTest.java:12)
at test.LoginTest.lunchUrl(LoginTest.java:12)
at test.LoginTest.lunchUrl(LoginTest.java:12)
at test.LoginTest.lunchUrl(LoginTest.java:12)
at test.LoginTest.lunchUrl(LoginTest.java:12)
at test.LoginTest.lunchUrl(LoginTest.java:12)
at test.LoginTest.lunchUrl(LoginTest.java:12)
at test.LoginTest.lunchUrl(LoginTest.java:12)
at test.LoginTest.lunchUrl(LoginTest.java:12)
at test.LoginTest.lunchUrl(LoginTest.java:12)
at test.LoginTest.lunchUrl(LoginTest.java:12)
at test.LoginTest.lunchUrl(LoginTest.java:12)
at test.LoginTest.lunchUrl(LoginTest.java:12)
at test.LoginTest.lunchUrl(LoginTest.java:12)
at test.LoginTest.lunchUrl(LoginTest.java:12)
at test.LoginTest.lunchUrl(LoginTest.java:12)
at test.LoginTest.lunchUrl(LoginTest.java:12)
at test.LoginTest.lunchUrl(LoginTest.java:12)
at test.LoginTest.lunchUrl(LoginTest.java:12)
at test.LoginTest.lunchUrl(LoginTest.java:12)
at test.LoginTest.lunchUrl(LoginTest.java:12)
at test.LoginTest.lunchUrl(LoginTest.java:12)
at test.LoginTest.lunchUrl(LoginTest.java:12)
at test.LoginTest.lunchUrl(LoginTest.java:12)
at test.LoginTest.lunchUrl(LoginTest.java:12)
at test.LoginTest.lunchUrl(LoginTest.java:12)
at test.LoginTest.lunchUrl(LoginTest.java:12)
at test.LoginTest.lunchUrl(LoginTest.java:12)
at test.LoginTest.lunchUrl(LoginTest.java:12)
at test.LoginTest.lunchUrl(LoginTest.java:12)
at test.LoginTest.lunchUrl(LoginTest.java:12)
at test.LoginTest.lunchUrl(LoginTest.java:12)
at test.LoginTest.lunchUrl(LoginTest.java:12)
at test.LoginTest.lunchUrl(LoginTest.java:12)
at test.LoginTest.lunchUrl(LoginTest.java:12)
at test.LoginTest.lunchUrl(LoginTest.java:12)
at test.LoginTest.lunchUrl(LoginTest.java:12)
at test.LoginTest.lunchUrl(LoginTest.java:12)
at test.LoginTest.lunchUrl(LoginTest.java:12)
at test.LoginTest.lunchUrl(LoginTest.java:12)
at test.LoginTest.lunchUrl(LoginTest.java:12)
at test.LoginTest.lunchUrl(LoginTest.java:12)
at test.LoginTest.lunchUrl(LoginTest.java:12)
at test.LoginTest.lunchUrl(LoginTest.java:12)
at test.LoginTest.lunchUrl(LoginTest.java:12)
at test.LoginTest.lunchUrl(LoginTest.java:12)
at test.LoginTest.lunchUrl(LoginTest.java:12)
at test.LoginTest.lunchUrl(LoginTest.java:12)
at test.LoginTest.lunchUrl(LoginTest.java:12)
at test.LoginTest.lunchUrl(LoginTest.java:12)
at test.LoginTest.lunchUrl(LoginTest.java:12)
at test.LoginTest.lunchUrl(LoginTest.java:12)
at test.LoginTest.lunchUrl(LoginTest.java:12)
at test.LoginTest.lunchUrl(LoginTest.java:12)
at test.LoginTest.lunchUrl(LoginTest.java:12)
at test.LoginTest.lunchUrl(LoginTest.java:12)
at test.LoginTest.lunchUrl(LoginTest.java:12)
at test.LoginTest.lunchUrl(LoginTest.java:12)
at test.LoginTest.lunchUrl(LoginTest.java:12)
at test.LoginTest.lunchUrl(LoginTest.java:12)
at test.LoginTest.lunchUrl(LoginTest.java:12)
at test.LoginTest.lunchUrl(LoginTest.java:12)
at test.LoginTest.lunchUrl(LoginTest.java:12)
at test.LoginTest.lunchUrl(LoginTest.java:12)
at test.LoginTest.lunchUrl(LoginTest.java:12)
at test.LoginTest.lunchUrl(LoginTest.java:12)
at test.LoginTest.lunchUrl(LoginTest.java:12)
at test.LoginTest.lunchUrl(LoginTest.java:12)
at test.LoginTest.lunchUrl(LoginTest.java:12)
at test.LoginTest.lunchUrl(LoginTest.java:12)
at test.LoginTest.lunchUrl(LoginTest.java:12)
at test.LoginTest.lunchUrl(LoginTest.java:12)
at test.LoginTest.lunchUrl(LoginTest.java:12)
at test.LoginTest.lunchUrl(LoginTest.java:12)
at test.LoginTest.lunchUrl(LoginTest.java:12)
at test.LoginTest.lunchUrl(LoginTest.java:12)
at test.LoginTest.lunchUrl(LoginTest.java:12)
at test.LoginTest.lunchUrl(LoginTest.java:12)
at test.LoginTest.lunchUrl(LoginTest.java:12)
at test.LoginTest.lunchUrl(LoginTest.java:12)
at test.LoginTest.lunchUrl(LoginTest.java:12)
at test.LoginTest.lunchUrl(LoginTest.java:12)
at test.LoginTest.lunchUrl(LoginTest.java:12)
at test.LoginTest.lunchUrl(LoginTest.java:12)
at test.LoginTest.lunchUrl(LoginTest.java:12)
at test.LoginTest.lunchUrl(LoginTest.java:12)
at test.LoginTest.lunchUrl(LoginTest.java:12)
at test.LoginTest.lunchUrl(LoginTest.java:12)
at test.LoginTest.lunchUrl(LoginTest.java:12)
at test.LoginTest.lunchUrl(LoginTest.java:12)
at test.LoginTest.lunchUrl(LoginTest.java:12)
at test.LoginTest.lunchUrl(LoginTest.java:12)
at test.LoginTest.lunchUrl(LoginTest.java:12)
at test.LoginTest.lunchUrl(LoginTest.java:12)
at test.LoginTest.lunchUrl(LoginTest.java:12)
at test.LoginTest.lunchUrl(LoginTest.java:12)
at test.LoginTest.lunchUrl(LoginTest.java:12)
at test.LoginTest.lunchUrl(LoginTest.java:12)
at test.LoginTest.lunchUrl(LoginTest.java:12)
at test.LoginTest.lunchUrl(LoginTest.java:12)
at test.LoginTest.lunchUrl(LoginTest.java:12)
at test.LoginTest.lunchUrl(LoginTest.java:12)
at test.LoginTest.lunchUrl(LoginTest.java:12)
at test.LoginTest.lunchUrl(LoginTest.java:12)
at test.LoginTest.lunchUrl(LoginTest.java:12)
at test.LoginTest.lunchUrl(LoginTest.java:12)
at test.LoginTest.lunchUrl(LoginTest.java:12)
at test.LoginTest.lunchUrl(LoginTest.java:12)
at test.LoginTest.lunchUrl(LoginTest.java:12)
at test.LoginTest.lunchUrl(LoginTest.java:12)
at test.LoginTest.lunchUrl(LoginTest.java:12)
at test.LoginTest.lunchUrl(LoginTest.java:12)
at test.LoginTest.lunchUrl(LoginTest.java:12)
at test.LoginTest.lunchUrl(LoginTest.java:12)
at test.LoginTest.lunchUrl(LoginTest.java:12)
at test.LoginTest.lunchUrl(LoginTest.java:12)
at test.LoginTest.lunchUrl(LoginTest.java:12)
at test.LoginTest.lunchUrl(LoginTest.java:12)
at test.LoginTest.lunchUrl(LoginTest.java:12)
at test.LoginTest.lunchUrl(LoginTest.java:12)
at test.LoginTest.lunchUrl(LoginTest.java:12)
at test.LoginTest.lunchUrl(LoginTest.java:12)
at test.LoginTest.lunchUrl(LoginTest.java:12)
at test.LoginTest.lunchUrl(LoginTest.java:12)
at test.LoginTest.lunchUrl(LoginTest.java:12)
at test.LoginTest.lunchUrl(LoginTest.java:12)
at test.LoginTest.lunchUrl(LoginTest.java:12)
at test.LoginTest.lunchUrl(LoginTest.java:12)
at test.LoginTest.lunchUrl(LoginTest.java:12)
at test.LoginTest.lunchUrl(LoginTest.java:12)
at test.LoginTest.lunchUrl(LoginTest.java:12)
at test.LoginTest.lunchUrl(LoginTest.java:12)
at test.LoginTest.lunchUrl(LoginTest.java:12)
at test.LoginTest.lunchUrl(LoginTest.java:12)
at test.LoginTest.lunchUrl(LoginTest.java:12)
at test.LoginTest.lunchUrl(LoginTest.java:12)
at test.LoginTest.lunchUrl(LoginTest.java:12)
at test.LoginTest.lunchUrl(LoginTest.java:12)
at test.LoginTest.lunchUrl(LoginTest.java:12)
at test.LoginTest.lunchUrl(LoginTest.java:12)
at test.LoginTest.lunchUrl(LoginTest.java:12)
at test.LoginTest.lunchUrl(LoginTest.java:12)
at test.LoginTest.lunchUrl(LoginTest.java:12)
at test.LoginTest.lunchUrl(LoginTest.java:12)
at test.LoginTest.lunchUrl(LoginTest.java:12)
at test.LoginTest.lunchUrl(LoginTest.java:12)
at test.LoginTest.lunchUrl(LoginTest.java:12)
at test.LoginTest.lunchUrl(LoginTest.java:12)
at test.LoginTest.lunchUrl(LoginTest.java:12)
at test.LoginTest.lunchUrl(LoginTest.java:12)
at test.LoginTest.lunchUrl(LoginTest.java:12)
at test.LoginTest.lunchUrl(LoginTest.java:12)
at test.LoginTest.lunchUrl(LoginTest.java:12)
at test.LoginTest.lunchUrl(LoginTest.java:12)
at test.LoginTest.lunchUrl(LoginTest.java:12)
at test.LoginTest.lunchUrl(LoginTest.java:12)
at test.LoginTest.lunchUrl(LoginTest.java:12)
at test.LoginTest.lunchUrl(LoginTest.java:12)
at test.LoginTest.lunchUrl(LoginTest.java:12)
at test.LoginTest.lunchUrl(LoginTest.java:12)
at test.LoginTest.lunchUrl(LoginTest.java:12)
at test.LoginTest.lunchUrl(LoginTest.java:12)
at test.LoginTest.lunchUrl(LoginTest.java:12)
at test.LoginTest.lunchUrl(LoginTest.java:12)
at test.LoginTest.lunchUrl(LoginTest.java:12)
at test.LoginTest.lunchUrl(LoginTest.java:12)
at test.LoginTest.lunchUrl(LoginTest.java:12)
at test.LoginTest.lunchUrl(LoginTest.java:12)
at test.LoginTest.lunchUrl(LoginTest.java:12)
at test.LoginTest.lunchUrl(LoginTest.java:12)
at test.LoginTest.lunchUrl(LoginTest.java:12)
at test.LoginTest.lunchUrl(LoginTest.java:12)
at test.LoginTest.lunchUrl(LoginTest.java:12)
at test.LoginTest.lunchUrl(LoginTest.java:12)
at test.LoginTest.lunchUrl(LoginTest.java:12)
at test.LoginTest.lunchUrl(LoginTest.java:12)
at test.LoginTest.lunchUrl(LoginTest.java:12)
at test.LoginTest.lunchUrl(LoginTest.java:12)
at test.LoginTest.lunchUrl(LoginTest.java:12)
at test.LoginTest.lunchUrl(LoginTest.java:12)
at test.LoginTest.lunchUrl(LoginTest.java:12)
at test.LoginTest.lunchUrl(LoginTest.java:12)
at test.LoginTest.lunchUrl(LoginTest.java:12)
at test.LoginTest.lunchUrl(LoginTest.java:12)
at test.LoginTest.lunchUrl(LoginTest.java:12)
at test.LoginTest.lunchUrl(LoginTest.java:12)
at test.LoginTest.lunchUrl(LoginTest.java:12)
at test.LoginTest.lunchUrl(LoginTest.java:12)
at test.LoginTest.lunchUrl(LoginTest.java:12)
at test.LoginTest.lunchUrl(LoginTest.java:12)
at test.LoginTest.lunchUrl(LoginTest.java:12)
at test.LoginTest.lunchUrl(LoginTest.java:12)
at test.LoginTest.lunchUrl(LoginTest.java:12)
at test.LoginTest.lunchUrl(LoginTest.java:12)
at test.LoginTest.lunchUrl(LoginTest.java:12)
at test.LoginTest.lunchUrl(LoginTest.java:12)
at test.LoginTest.lunchUrl(LoginTest.java:12)
at test.LoginTest.lunchUrl(LoginTest.java:12)
at test.LoginTest.lunchUrl(LoginTest.java:12)
at test.LoginTest.lunchUrl(LoginTest.java:12)
at test.LoginTest.lunchUrl(LoginTest.java:12)
at test.LoginTest.lunchUrl(LoginTest.java:12)
at test.LoginTest.lunchUrl(LoginTest.java:12)
at test.LoginTest.lunchUrl(LoginTest.java:12)
at test.LoginTest.lunchUrl(LoginTest.java:12)
at test.LoginTest.lunchUrl(LoginTest.java:12)
at test.LoginTest.lunchUrl(LoginTest.java:12)
at test.LoginTest.lunchUrl(LoginTest.java:12)
at test.LoginTest.lunchUrl(LoginTest.java:12)
at test.LoginTest.lunchUrl(LoginTest.java:12)
at test.LoginTest.lunchUrl(LoginTest.java:12)
at test.LoginTest.lunchUrl(LoginTest.java:12)
at test.LoginTest.lunchUrl(LoginTest.java:12)
at test.LoginTest.lunchUrl(LoginTest.java:12)
at test.LoginTest.lunchUrl(LoginTest.java:12)
at test.LoginTest.lunchUrl(LoginTest.java:12)
at test.LoginTest.lunchUrl(LoginTest.java:12)
at test.LoginTest.lunchUrl(LoginTest.java:12)
at test.LoginTest.lunchUrl(LoginTest.java:12)
at test.LoginTest.lunchUrl(LoginTest.java:12)
at test.LoginTest.lunchUrl(LoginTest.java:12)
at test.LoginTest.lunchUrl(LoginTest.java:12)
at test.LoginTest.lunchUrl(LoginTest.java:12)
at test.LoginTest.lunchUrl(LoginTest.java:12)
at test.LoginTest.lunchUrl(LoginTest.java:12)
at test.LoginTest.lunchUrl(LoginTest.java:12)
at test.LoginTest.lunchUrl(LoginTest.java:12)
at test.LoginTest.lunchUrl(LoginTest.java:12)
at test.LoginTest.lunchUrl(LoginTest.java:12)
at test.LoginTest.lunchUrl(LoginTest.java:12)
at test.LoginTest.lunchUrl(LoginTest.java:12)
at test.LoginTest.lunchUrl(LoginTest.java:12)
at test.LoginTest.lunchUrl(LoginTest.java:12)
at test.LoginTest.lunchUrl(LoginTest.java:12)
at test.LoginTest.lunchUrl(LoginTest.java:12)
at test.LoginTest.lunchUrl(LoginTest.java:12)
at test.LoginTest.lunchUrl(LoginTest.java:12)
at test.LoginTest.lunchUrl(LoginTest.java:12)
at test.LoginTest.lunchUrl(LoginTest.java:12)
at test.LoginTest.lunchUrl(LoginTest.java:12)
at test.LoginTest.lunchUrl(LoginTest.java:12)
at test.LoginTest.lunchUrl(LoginTest.java:12)
at test.LoginTest.lunchUrl(LoginTest.java:12)
at test.LoginTest.lunchUrl(LoginTest.java:12)
at test.LoginTest.lunchUrl(LoginTest.java:12)
at test.LoginTest.lunchUrl(LoginTest.java:12)
at test.LoginTest.lunchUrl(LoginTest.java:12)
at test.LoginTest.lunchUrl(LoginTest.java:12)
at test.LoginTest.lunchUrl(LoginTest.java:12)
at test.LoginTest.lunchUrl(LoginTest.java:12)
at test.LoginTest.lunchUrl(LoginTest.java:12)
at test.LoginTest.lunchUrl(LoginTest.java:12)
at test.LoginTest.lunchUrl(LoginTest.java:12)
at test.LoginTest.lunchUrl(LoginTest.java:12)
at test.LoginTest.lunchUrl(LoginTest.java:12)
at test.LoginTest.lunchUrl(LoginTest.java:12)
at test.LoginTest.lunchUrl(LoginTest.java:12)
at test.LoginTest.lunchUrl(LoginTest.java:12)
at test.LoginTest.lunchUrl(LoginTest.java:12)
at test.LoginTest.lunchUrl(LoginTest.java:12)
at test.LoginTest.lunchUrl(LoginTest.java:12)
at test.LoginTest.lunchUrl(LoginTest.java:12)
at test.LoginTest.lunchUrl(LoginTest.java:12)
at test.LoginTest.lunchUrl(LoginTest.java:12)
at test.LoginTest.lunchUrl(LoginTest.java:12)
at test.LoginTest.lunchUrl(LoginTest.java:12)
at test.LoginTest.lunchUrl(LoginTest.java:12)
at test.LoginTest.lunchUrl(LoginTest.java:12)
at test.LoginTest.lunchUrl(LoginTest.java:12)
at test.LoginTest.lunchUrl(LoginTest.java:12)
at test.LoginTest.lunchUrl(LoginTest.java:12)
at test.LoginTest.lunchUrl(LoginTest.java:12)
at test.LoginTest.lunchUrl(LoginTest.java:12)
at test.LoginTest.lunchUrl(LoginTest.java:12)
at test.LoginTest.lunchUrl(LoginTest.java:12)
at test.LoginTest.lunchUrl(LoginTest.java:12)
at test.LoginTest.lunchUrl(LoginTest.java:12)
at test.LoginTest.lunchUrl(LoginTest.java:12)
at test.LoginTest.lunchUrl(LoginTest.java:12)
at test.LoginTest.lunchUrl(LoginTest.java:12)
at test.LoginTest.lunchUrl(LoginTest.java:12)
at test.LoginTest.lunchUrl(LoginTest.java:12)
at test.LoginTest.lunchUrl(LoginTest.java:12)
at test.LoginTest.lunchUrl(LoginTest.java:12)
at test.LoginTest.lunchUrl(LoginTest.java:12)
at test.LoginTest.lunchUrl(LoginTest.java:12)
at test.LoginTest.lunchUrl(LoginTest.java:12)
at test.LoginTest.lunchUrl(LoginTest.java:12)
at test.LoginTest.lunchUrl(LoginTest.java:12)
at test.LoginTest.lunchUrl(LoginTest.java:12)
at test.LoginTest.lunchUrl(LoginTest.java:12)
at test.LoginTest.lunchUrl(LoginTest.java:12)
at test.LoginTest.lunchUrl(LoginTest.java:12)
at test.LoginTest.lunchUrl(LoginTest.java:12)
at test.LoginTest.lunchUrl(LoginTest.java:12)
at test.LoginTest.lunchUrl(LoginTest.java:12)
at test.LoginTest.lunchUrl(LoginTest.java:12)
at test.LoginTest.lunchUrl(LoginTest.java:12)
at test.LoginTest.lunchUrl(LoginTest.java:12)
at test.LoginTest.lunchUrl(LoginTest.java:12)
at test.LoginTest.lunchUrl(LoginTest.java:12)
at test.LoginTest.lunchUrl(LoginTest.java:12)
at test.LoginTest.lunchUrl(LoginTest.java:12)
at test.LoginTest.lunchUrl(LoginTest.java:12)
at test.LoginTest.lunchUrl(LoginTest.java:12)
at test.LoginTest.lunchUrl(LoginTest.java:12)
at test.LoginTest.lunchUrl(LoginTest.java:12)
at test.LoginTest.lunchUrl(LoginTest.java:12)
at test.LoginTest.lunchUrl(LoginTest.java:12)
at test.LoginTest.lunchUrl(LoginTest.java:12)
at test.LoginTest.lunchUrl(LoginTest.java:12)
at test.LoginTest.lunchUrl(LoginTest.java:12)
at test.LoginTest.lunchUrl(LoginTest.java:12)
at test.LoginTest.lunchUrl(LoginTest.java:12)
at test.LoginTest.lunchUrl(LoginTest.java:12)
at test.LoginTest.lunchUrl(LoginTest.java:12)
at test.LoginTest.lunchUrl(LoginTest.java:12)
at test.LoginTest.lunchUrl(LoginTest.java:12)
at test.LoginTest.lunchUrl(LoginTest.java:12)
at test.LoginTest.lunchUrl(LoginTest.java:12)
at test.LoginTest.lunchUrl(LoginTest.java:12)
at test.LoginTest.lunchUrl(LoginTest.java:12)
at test.LoginTest.lunchUrl(LoginTest.java:12)
at test.LoginTest.lunchUrl(LoginTest.java:12)
at test.LoginTest.lunchUrl(LoginTest.java:12)
at test.LoginTest.lunchUrl(LoginTest.java:12)
at test.LoginTest.lunchUrl(LoginTest.java:12)
at test.LoginTest.lunchUrl(LoginTest.java:12)
at test.LoginTest.lunchUrl(LoginTest.java:12)
at test.LoginTest.lunchUrl(LoginTest.java:12)
at test.LoginTest.lunchUrl(LoginTest.java:12)
at test.LoginTest.lunchUrl(LoginTest.java:12)
at test.LoginTest.lunchUrl(LoginTest.java:12)
at test.LoginTest.lunchUrl(LoginTest.java:12)
at test.LoginTest.lunchUrl(LoginTest.java:12)
at test.LoginTest.lunchUrl(LoginTest.java:12)
at test.LoginTest.lunchUrl(LoginTest.java:12)
at test.LoginTest.lunchUrl(LoginTest.java:12)
at test.LoginTest.lunchUrl(LoginTest.java:12)
at test.LoginTest.lunchUrl(LoginTest.java:12)
at test.LoginTest.lunchUrl(LoginTest.java:12)
at test.LoginTest.lunchUrl(LoginTest.java:12)
at test.LoginTest.lunchUrl(LoginTest.java:12)
at test.LoginTest.lunchUrl(LoginTest.java:12)
at test.LoginTest.lunchUrl(LoginTest.java:12)
at test.LoginTest.lunchUrl(LoginTest.java:12)
at test.LoginTest.lunchUrl(LoginTest.java:12)
at test.LoginTest.lunchUrl(LoginTest.java:12)
at test.LoginTest.lunchUrl(LoginTest.java:12)
at test.LoginTest.lunchUrl(LoginTest.java:12)
at test.LoginTest.lunchUrl(LoginTest.java:12)
at test.LoginTest.lunchUrl(LoginTest.java:12)
at test.LoginTest.lunchUrl(LoginTest.java:12)
at test.LoginTest.lunchUrl(LoginTest.java:12)
at test.LoginTest.lunchUrl(LoginTest.java:12)
at test.LoginTest.lunchUrl(LoginTest.java:12)
at test.LoginTest.lunchUrl(LoginTest.java:12)
at test.LoginTest.lunchUrl(LoginTest.java:12)
at test.LoginTest.lunchUrl(LoginTest.java:12)
at test.LoginTest.lunchUrl(LoginTest.java:12)
at test.LoginTest.lunchUrl(LoginTest.java:12)
at test.LoginTest.lunchUrl(LoginTest.java:12)
at test.LoginTest.lunchUrl(LoginTest.java:12)
at test.LoginTest.lunchUrl(LoginTest.java:12)
at test.LoginTest.lunchUrl(LoginTest.java:12)
at test.LoginTest.lunchUrl(LoginTest.java:12)
at test.LoginTest.lunchUrl(LoginTest.java:12)
at test.LoginTest.lunchUrl(LoginTest.java:12)
at test.LoginTest.lunchUrl(LoginTest.java:12)
at test.LoginTest.lunchUrl(LoginTest.java:12)
at test.LoginTest.lunchUrl(LoginTest.java:12)
at test.LoginTest.lunchUrl(LoginTest.java:12)
at test.LoginTest.lunchUrl(LoginTest.java:12)
at test.LoginTest.lunchUrl(LoginTest.java:12)
at test.LoginTest.lunchUrl(LoginTest.java:12)
at test.LoginTest.lunchUrl(LoginTest.java:12)
at test.LoginTest.lunchUrl(LoginTest.java:12)
at test.LoginTest.lunchUrl(LoginTest.java:12)
at test.LoginTest.lunchUrl(LoginTest.java:12)
at test.LoginTest.lunchUrl(LoginTest.java:12)
at test.LoginTest.lunchUrl(LoginTest.java:12)
at test.LoginTest.lunchUrl(LoginTest.java:12)
at test.LoginTest.lunchUrl(LoginTest.java:12)
at test.LoginTest.lunchUrl(LoginTest.java:12)
at test.LoginTest.lunchUrl(LoginTest.java:12)
at test.LoginTest.lunchUrl(LoginTest.java:12)
at test.LoginTest.lunchUrl(LoginTest.java:12)
at test.LoginTest.lunchUrl(LoginTest.java:12)
at test.LoginTest.lunchUrl(LoginTest.java:12)
at test.LoginTest.lunchUrl(LoginTest.java:12)
at test.LoginTest.lunchUrl(LoginTest.java:12)
at test.LoginTest.lunchUrl(LoginTest.java:12)
at test.LoginTest.lunchUrl(LoginTest.java:12)
at test.LoginTest.lunchUrl(LoginTest.java:12)
at test.LoginTest.lunchUrl(LoginTest.java:12)
at test.LoginTest.lunchUrl(LoginTest.java:12)
at test.LoginTest.lunchUrl(LoginTest.java:12)
at test.LoginTest.lunchUrl(LoginTest.java:12)
at test.LoginTest.lunchUrl(LoginTest.java:12)
at test.LoginTest.lunchUrl(LoginTest.java:12)
at test.LoginTest.lunchUrl(LoginTest.java:12)
at test.LoginTest.lunchUrl(LoginTest.java:12)
at test.LoginTest.lunchUrl(LoginTest.java:12)
at test.LoginTest.lunchUrl(LoginTest.java:12)
at test.LoginTest.lunchUrl(LoginTest.java:12)
at test.LoginTest.lunchUrl(LoginTest.java:12)
at test.LoginTest.lunchUrl(LoginTest.java:12)
at test.LoginTest.lunchUrl(LoginTest.java:12)
at test.LoginTest.lunchUrl(LoginTest.java:12)
at test.LoginTest.lunchUrl(LoginTest.java:12)
at test.LoginTest.lunchUrl(LoginTest.java:12)
at test.LoginTest.lunchUrl(LoginTest.java:12)
at test.LoginTest.lunchUrl(LoginTest.java:12)
at test.LoginTest.lunchUrl(LoginTest.java:12)
at test.LoginTest.lunchUrl(LoginTest.java:12)
at test.LoginTest.lunchUrl(LoginTest.java:12)
at test.LoginTest.lunchUrl(LoginTest.java:12)
at test.LoginTest.lunchUrl(LoginTest.java:12)
at test.LoginTest.lunchUrl(LoginTest.java:12)
at test.LoginTest.lunchUrl(LoginTest.java:12)
at test.LoginTest.lunchUrl(LoginTest.java:12)
at test.LoginTest.lunchUrl(LoginTest.java:12)
at test.LoginTest.lunchUrl(LoginTest.java:12)
at test.LoginTest.lunchUrl(LoginTest.java:12)
at test.LoginTest.lunchUrl(LoginTest.java:12)
at test.LoginTest.lunchUrl(LoginTest.java:12)
at test.LoginTest.lunchUrl(LoginTest.java:12)
at test.LoginTest.lunchUrl(LoginTest.java:12)
at test.LoginTest.lunchUrl(LoginTest.java:12)
at test.LoginTest.lunchUrl(LoginTest.java:12)
at test.LoginTest.lunchUrl(LoginTest.java:12)
at test.LoginTest.lunchUrl(LoginTest.java:12)
at test.LoginTest.lunchUrl(LoginTest.java:12)
at test.LoginTest.lunchUrl(LoginTest.java:12)
at test.LoginTest.lunchUrl(LoginTest.java:12)
at test.LoginTest.lunchUrl(LoginTest.java:12)
at test.LoginTest.lunchUrl(LoginTest.java:12)
at test.LoginTest.lunchUrl(LoginTest.java:12)
at test.LoginTest.lunchUrl(LoginTest.java:12)
at test.LoginTest.lunchUrl(LoginTest.java:12)
at test.LoginTest.lunchUrl(LoginTest.java:12)
at test.LoginTest.lunchUrl(LoginTest.java:12)
at test.LoginTest.lunchUrl(LoginTest.java:12)
at test.LoginTest.lunchUrl(LoginTest.java:12)
at test.LoginTest.lunchUrl(LoginTest.java:12)
at test.LoginTest.lunchUrl(LoginTest.java:12)
at test.LoginTest.lunchUrl(LoginTest.java:12)
at test.LoginTest.lunchUrl(LoginTest.java:12)
at test.LoginTest.lunchUrl(LoginTest.java:12)
at test.LoginTest.lunchUrl(LoginTest.java:12)
at test.LoginTest.lunchUrl(LoginTest.java:12)
at test.LoginTest.lunchUrl(LoginTest.java:12)
at test.LoginTest.lunchUrl(LoginTest.java:12)
at test.LoginTest.lunchUrl(LoginTest.java:12)
at test.LoginTest.lunchUrl(LoginTest.java:12)
at test.LoginTest.lunchUrl(LoginTest.java:12)
at test.LoginTest.lunchUrl(LoginTest.java:12)
at test.LoginTest.lunchUrl(LoginTest.java:12)
at test.LoginTest.lunchUrl(LoginTest.java:12)
at test.LoginTest.lunchUrl(LoginTest.java:12)
at test.LoginTest.lunchUrl(LoginTest.java:12)
at test.LoginTest.lunchUrl(LoginTest.java:12)
at test.LoginTest.lunchUrl(LoginTest.java:12)
at test.LoginTest.lunchUrl(LoginTest.java:12)
at test.LoginTest.lunchUrl(LoginTest.java:12)
at test.LoginTest.lunchUrl(LoginTest.java:12)
at test.LoginTest.lunchUrl(LoginTest.java:12)
at test.LoginTest.lunchUrl(LoginTest.java:12)
at test.LoginTest.lunchUrl(LoginTest.java:12)
at test.LoginTest.lunchUrl(LoginTest.java:12)
at test.LoginTest.lunchUrl(LoginTest.java:12)
at test.LoginTest.lunchUrl(LoginTest.java:12)
at test.LoginTest.lunchUrl(LoginTest.java:12)
at test.LoginTest.lunchUrl(LoginTest.java:12)
at test.LoginTest.lunchUrl(LoginTest.java:12)
at test.LoginTest.lunchUrl(LoginTest.java:12)
at test.LoginTest.lunchUrl(LoginTest.java:12)
at test.LoginTest.lunchUrl(LoginTest.java:12)
at test.LoginTest.lunchUrl(LoginTest.java:12)
at test.LoginTest.lunchUrl(LoginTest.java:12)
at test.LoginTest.lunchUrl(LoginTest.java:12)
at test.LoginTest.lunchUrl(LoginTest.java:12)
at test.LoginTest.lunchUrl(LoginTest.java:12)
at test.LoginTest.lunchUrl(LoginTest.java:12)
at test.LoginTest.lunchUrl(LoginTest.java:12)
at test.LoginTest.lunchUrl(LoginTest.java:12)
at test.LoginTest.lunchUrl(LoginTest.java:12)
at test.LoginTest.lunchUrl(LoginTest.java:12)
at test.LoginTest.lunchUrl(LoginTest.java:12)
at test.LoginTest.lunchUrl(LoginTest.java:12)
at test.LoginTest.lunchUrl(LoginTest.java:12)
at test.LoginTest.lunchUrl(LoginTest.java:12)
at test.LoginTest.lunchUrl(LoginTest.java:12)
at test.LoginTest.lunchUrl(LoginTest.java:12)
at test.LoginTest.lunchUrl(LoginTest.java:12)
at test.LoginTest.lunchUrl(LoginTest.java:12)
at test.LoginTest.lunchUrl(LoginTest.java:12)
at test.LoginTest.lunchUrl(LoginTest.java:12)
at test.LoginTest.lunchUrl(LoginTest.java:12)
at test.LoginTest.lunchUrl(LoginTest.java:12)
at test.LoginTest.lunchUrl(LoginTest.java:12)
at test.LoginTest.lunchUrl(LoginTest.java:12)
at test.LoginTest.lunchUrl(LoginTest.java:12)
at test.LoginTest.lunchUrl(LoginTest.java:12)
at test.LoginTest.lunchUrl(LoginTest.java:12)
at test.LoginTest.lunchUrl(LoginTest.java:12)
at test.LoginTest.lunchUrl(LoginTest.java:12)
at test.LoginTest.lunchUrl(LoginTest.java:12)
at test.LoginTest.lunchUrl(LoginTest.java:12)
at test.LoginTest.lunchUrl(LoginTest.java:12)
at test.LoginTest.lunchUrl(LoginTest.java:12)
at test.LoginTest.lunchUrl(LoginTest.java:12)
at test.LoginTest.lunchUrl(LoginTest.java:12)
at test.LoginTest.lunchUrl(LoginTest.java:12)
at test.LoginTest.lunchUrl(LoginTest.java:12)
at test.LoginTest.lunchUrl(LoginTest.java:12)
at test.LoginTest.lunchUrl(LoginTest.java:12)
at test.LoginTest.lunchUrl(LoginTest.java:12)
at test.LoginTest.lunchUrl(LoginTest.java:12)
at test.LoginTest.lunchUrl(LoginTest.java:12)
at test.LoginTest.lunchUrl(LoginTest.java:12)
at test.LoginTest.lunchUrl(LoginTest.java:12)
at test.LoginTest.lunchUrl(LoginTest.java:12)
at test.LoginTest.lunchUrl(LoginTest.java:12)
at test.LoginTest.lunchUrl(LoginTest.java:12)
at test.LoginTest.lunchUrl(LoginTest.java:12)
at test.LoginTest.lunchUrl(LoginTest.java:12)
at test.LoginTest.lunchUrl(LoginTest.java:12)
at test.LoginTest.lunchUrl(LoginTest.java:12)
at test.LoginTest.lunchUrl(LoginTest.java:12)
at test.LoginTest.lunchUrl(LoginTest.java:12)
at test.LoginTest.lunchUrl(LoginTest.java:12)
at test.LoginTest.lunchUrl(LoginTest.java:12)
at test.LoginTest.lunchUrl(LoginTest.java:12)
at test.LoginTest.lunchUrl(LoginTest.java:12)
at test.LoginTest.lunchUrl(LoginTest.java:12)
at test.LoginTest.lunchUrl(LoginTest.java:12)
at test.LoginTest.lunchUrl(LoginTest.java:12)
at test.LoginTest.lunchUrl(LoginTest.java:12)
at test.LoginTest.lunchUrl(LoginTest.java:12)
at test.LoginTest.lunchUrl(LoginTest.java:12)
at test.LoginTest.lunchUrl(LoginTest.java:12)
at test.LoginTest.lunchUrl(LoginTest.java:12)
at test.LoginTest.lunchUrl(LoginTest.java:12)
at test.LoginTest.lunchUrl(LoginTest.java:12)
at test.LoginTest.lunchUrl(LoginTest.java:12)
at test.LoginTest.lunchUrl(LoginTest.java:12)
at test.LoginTest.lunchUrl(LoginTest.java:12)
at test.LoginTest.lunchUrl(LoginTest.java:12)
at test.LoginTest.lunchUrl(LoginTest.java:12)
at test.LoginTest.lunchUrl(LoginTest.java:12)
at test.LoginTest.lunchUrl(LoginTest.java:12)
at test.LoginTest.lunchUrl(LoginTest.java:12)
at test.LoginTest.lunchUrl(LoginTest.java:12)
at test.LoginTest.lunchUrl(LoginTest.java:12)
at test.LoginTest.lunchUrl(LoginTest.java:12)
at test.LoginTest.lunchUrl(LoginTest.java:12)
at test.LoginTest.lunchUrl(LoginTest.java:12)
at test.LoginTest.lunchUrl(LoginTest.java:12)
at test.LoginTest.lunchUrl(LoginTest.java:12)
at test.LoginTest.lunchUrl(LoginTest.java:12)
at test.LoginTest.lunchUrl(LoginTest.java:12)
at test.LoginTest.lunchUrl(LoginTest.java:12)
at test.LoginTest.lunchUrl(LoginTest.java:12)
at test.LoginTest.lunchUrl(LoginTest.java:12)
at test.LoginTest.lunchUrl(LoginTest.java:12)
at test.LoginTest.lunchUrl(LoginTest.java:12)
at test.LoginTest.lunchUrl(LoginTest.java:12)
at test.LoginTest.lunchUrl(LoginTest.java:12)
at test.LoginTest.lunchUrl(LoginTest.java:12)
at test.LoginTest.lunchUrl(LoginTest.java:12)
at test.LoginTest.lunchUrl(LoginTest.java:12)
at test.LoginTest.lunchUrl(LoginTest.java:12)
at test.LoginTest.lunchUrl(LoginTest.java:12)
at test.LoginTest.lunchUrl(LoginTest.java:12)
at test.LoginTest.lunchUrl(LoginTest.java:12)
at test.LoginTest.lunchUrl(LoginTest.java:12)
at test.LoginTest.lunchUrl(LoginTest.java:12)
at test.LoginTest.lunchUrl(LoginTest.java:12)
at test.LoginTest.lunchUrl(LoginTest.java:12)
at test.LoginTest.lunchUrl(LoginTest.java:12)
at test.LoginTest.lunchUrl(LoginTest.java:12)
at test.LoginTest.lunchUrl(LoginTest.java:12)
at test.LoginTest.lunchUrl(LoginTest.java:12)
at test.LoginTest.lunchUrl(LoginTest.java:12)
at test.LoginTest.lunchUrl(LoginTest.java:12)
at test.LoginTest.lunchUrl(LoginTest.java:12)
at test.LoginTest.lunchUrl(LoginTest.java:12)
at test.LoginTest.lunchUrl(LoginTest.java:12)
at test.LoginTest.lunchUrl(LoginTest.java:12)
at test.LoginTest.lunchUrl(LoginTest.java:12)
at test.LoginTest.lunchUrl(LoginTest.java:12)
at test.LoginTest.lunchUrl(LoginTest.java:12)
at test.LoginTest.lunchUrl(LoginTest.java:12)
at test.LoginTest.lunchUrl(LoginTest.java:12)
at test.LoginTest.lunchUrl(LoginTest.java:12)
at test.LoginTest.lunchUrl(LoginTest.java:12)
at test.LoginTest.lunchUrl(LoginTest.java:12)
at test.LoginTest.lunchUrl(LoginTest.java:12)
at test.LoginTest.lunchUrl(LoginTest.java:12)
at test.LoginTest.lunchUrl(LoginTest.java:12)
at test.LoginTest.lunchUrl(LoginTest.java:12)
at test.LoginTest.lunchUrl(LoginTest.java:12)
at test.LoginTest.lunchUrl(LoginTest.java:12)
at test.LoginTest.lunchUrl(LoginTest.java:12)
at test.LoginTest.lunchUrl(LoginTest.java:12)
at test.LoginTest.lunchUrl(LoginTest.java:12)
at test.LoginTest.lunchUrl(LoginTest.java:12)
at test.LoginTest.lunchUrl(LoginTest.java:12)
at test.LoginTest.lunchUrl(LoginTest.java:12)
at test.LoginTest.lunchUrl(LoginTest.java:12)
at test.LoginTest.lunchUrl(LoginTest.java:12)
at test.LoginTest.lunchUrl(LoginTest.java:12)
at test.LoginTest.lunchUrl(LoginTest.java:12)
at test.LoginTest.lunchUrl(LoginTest.java:12)
at test.LoginTest.lunchUrl(LoginTest.java:12)
at test.LoginTest.lunchUrl(LoginTest.java:12)
at test.LoginTest.lunchUrl(LoginTest.java:12)
at test.LoginTest.lunchUrl(LoginTest.java:12)
at test.LoginTest.lunchUrl(LoginTest.java:12)
at test.LoginTest.lunchUrl(LoginTest.java:12)
at test.LoginTest.lunchUrl(LoginTest.java:12)
at test.LoginTest.lunchUrl(LoginTest.java:12)
at test.LoginTest.lunchUrl(LoginTest.java:12)
at test.LoginTest.lunchUrl(LoginTest.java:12)
at test.LoginTest.lunchUrl(LoginTest.java:12)
at test.LoginTest.lunchUrl(LoginTest.java:12)
at test.LoginTest.lunchUrl(LoginTest.java:12)
at test.LoginTest.lunchUrl(LoginTest.java:12)
at test.LoginTest.lunchUrl(LoginTest.java:12)
at test.LoginTest.lunchUrl(LoginTest.java:12)
at test.LoginTest.lunchUrl(LoginTest.java:12)
at test.LoginTest.lunchUrl(LoginTest.java:12)
at test.LoginTest.lunchUrl(LoginTest.java:12)
at test.LoginTest.lunchUrl(LoginTest.java:12)
at test.LoginTest.lunchUrl(LoginTest.java:12)
at test.LoginTest.lunchUrl(LoginTest.java:12)
at test.LoginTest.lunchUrl(LoginTest.java:12)
at test.LoginTest.lunchUrl(LoginTest.java:12)
at test.LoginTest.lunchUrl(LoginTest.java:12)
at test.LoginTest.lunchUrl(LoginTest.java:12)
at test.LoginTest.lunchUrl(LoginTest.java:12)
at test.LoginTest.lunchUrl(LoginTest.java:12)
at test.LoginTest.lunchUrl(LoginTest.java:12)
at test.LoginTest.lunchUrl(LoginTest.java:12)
at test.LoginTest.lunchUrl(LoginTest.java:12)
at test.LoginTest.lunchUrl(LoginTest.java:12)
at test.LoginTest.lunchUrl(LoginTest.java:12)
at test.LoginTest.lunchUrl(LoginTest.java:12)
at test.LoginTest.lunchUrl(LoginTest.java:12)
at test.LoginTest.lunchUrl(LoginTest.java:12)
at test.LoginTest.lunchUrl(LoginTest.java:12)
at test.LoginTest.lunchUrl(LoginTest.java:12)
at test.LoginTest.lunchUrl(LoginTest.java:12)
at test.LoginTest.lunchUrl(LoginTest.java:12)
at test.LoginTest.lunchUrl(LoginTest.java:12)
at test.LoginTest.lunchUrl(LoginTest.java:12)
at test.LoginTest.lunchUrl(LoginTest.java:12)
at test.LoginTest.lunchUrl(LoginTest.java:12)
at test.LoginTest.lunchUrl(LoginTest.java:12)
at test.LoginTest.lunchUrl(LoginTest.java:12)
at test.LoginTest.lunchUrl(LoginTest.java:12)
at test.LoginTest.lunchUrl(LoginTest.java:12)
at test.LoginTest.lunchUrl(LoginTest.java:12)
at test.LoginTest.lunchUrl(LoginTest.java:12)
at test.LoginTest.lunchUrl(LoginTest.java:12)
at test.LoginTest.lunchUrl(LoginTest.java:12)
at test.LoginTest.lunchUrl(LoginTest.java:12)
at test.LoginTest.lunchUrl(LoginTest.java:12)
at test.LoginTest.lunchUrl(LoginTest.java:12)
at test.LoginTest.lunchUrl(LoginTest.java:12)
at test.LoginTest.lunchUrl(LoginTest.java:12)
at test.LoginTest.lunchUrl(LoginTest.java:12)
at test.LoginTest.lunchUrl(LoginTest.java:12)
at test.LoginTest.lunchUrl(LoginTest.java:12)
at test.LoginTest.lunchUrl(LoginTest.java:12)
at test.LoginTest.lunchUrl(LoginTest.java:12)
at test.LoginTest.lunchUrl(LoginTest.java:12)
at test.LoginTest.lunchUrl(LoginTest.java:12)
at test.LoginTest.lunchUrl(LoginTest.java:12)
at test.LoginTest.lunchUrl(LoginTest.java:12)
at test.LoginTest.lunchUrl(LoginTest.java:12)
at test.LoginTest.lunchUrl(LoginTest.java:12)
at test.LoginTest.lunchUrl(LoginTest.java:12)
at test.LoginTest.lunchUrl(LoginTest.java:12)
at test.LoginTest.lunchUrl(LoginTest.java:12)
at test.LoginTest.lunchUrl(LoginTest.java:12)
at test.LoginTest.lunchUrl(LoginTest.java:12)
at test.LoginTest.lunchUrl(LoginTest.java:12)
at test.LoginTest.lunchUrl(LoginTest.java:12)
at test.LoginTest.lunchUrl(LoginTest.java:12)
at test.LoginTest.lunchUrl(LoginTest.java:12)
at test.LoginTest.lunchUrl(LoginTest.java:12)
at test.LoginTest.lunchUrl(LoginTest.java:12)
at test.LoginTest.lunchUrl(LoginTest.java:12)
at test.LoginTest.lunchUrl(LoginTest.java:12)
at test.LoginTest.lunchUrl(LoginTest.java:12)
at test.LoginTest.lunchUrl(LoginTest.java:12)
at test.LoginTest.lunchUrl(LoginTest.java:12)
at test.LoginTest.lunchUrl(LoginTest.java:12)
at test.LoginTest.lunchUrl(LoginTest.java:12)
at test.LoginTest.lunchUrl(LoginTest.java:12)
at test.LoginTest.lunchUrl(LoginTest.java:12)
at test.LoginTest.lunchUrl(LoginTest.java:12)
at test.LoginTest.lunchUrl(LoginTest.java:12)
at test.LoginTest.lunchUrl(LoginTest.java:12)
at test.LoginTest.lunchUrl(LoginTest.java:12)
at test.LoginTest.lunchUrl(LoginTest.java:12)
at test.LoginTest.lunchUrl(LoginTest.java:12)
at test.LoginTest.lunchUrl(LoginTest.java:12)
at test.LoginTest.lunchUrl(LoginTest.java:12)
at test.LoginTest.lunchUrl(LoginTest.java:12)
at test.LoginTest.lunchUrl(LoginTest.java:12)
at test.LoginTest.lunchUrl(LoginTest.java:12)
at test.LoginTest.lunchUrl(LoginTest.java:12)
at test.LoginTest.lunchUrl(LoginTest.java:12)
at test.LoginTest.lunchUrl(LoginTest.java:12)
at test.LoginTest.lunchUrl(LoginTest.java:12)
at test.LoginTest.lunchUrl(LoginTest.java:12)
at test.LoginTest.lunchUrl(LoginTest.java:12)
at test.LoginTest.lunchUrl(LoginTest.java:12)
at test.LoginTest.lunchUrl(LoginTest.java:12)
at test.LoginTest.lunchUrl(LoginTest.java:12)
at test.LoginTest.lunchUrl(LoginTest.java:12)
at test.LoginTest.lunchUrl(LoginTest.java:12)
at test.LoginTest.lunchUrl(LoginTest.java:12)
at test.LoginTest.lunchUrl(LoginTest.java:12)
at test.LoginTest.lunchUrl(LoginTest.java:12)
at test.LoginTest.lunchUrl(LoginTest.java:12)
at test.LoginTest.lunchUrl(LoginTest.java:12)
at test.LoginTest.lunchUrl(LoginTest.java:12)
at test.LoginTest.lunchUrl(LoginTest.java:12)
at test.LoginTest.lunchUrl(LoginTest.java:12)
at test.LoginTest.lunchUrl(LoginTest.java:12)
at test.LoginTest.lunchUrl(LoginTest.java:12)
at test.LoginTest.lunchUrl(LoginTest.java:12)
at test.LoginTest.lunchUrl(LoginTest.java:12)
at test.LoginTest.lunchUrl(LoginTest.java:12)
at test.LoginTest.lunchUrl(LoginTest.java:12)
at test.LoginTest.lunchUrl(LoginTest.java:12)
at test.LoginTest.lunchUrl(LoginTest.java:12)
at test.LoginTest.lunchUrl(LoginTest.java:12)
at test.LoginTest.lunchUrl(LoginTest.java:12)
at test.LoginTest.lunchUrl(LoginTest.java:12)
at test.LoginTest.lunchUrl(LoginTest.java:12)
at test.LoginTest.lunchUrl(LoginTest.java:12)
at test.LoginTest.lunchUrl(LoginTest.java:12)
at test.LoginTest.lunchUrl(LoginTest.java:12)
at test.LoginTest.lunchUrl(LoginTest.java:12)
at test.LoginTest.lunchUrl(LoginTest.java:12)
at test.LoginTest.lunchUrl(LoginTest.java:12)
at test.LoginTest.lunchUrl(LoginTest.java:12)
at test.LoginTest.lunchUrl(LoginTest.java:12)
at test.LoginTest.lunchUrl(LoginTest.java:12)
at test.LoginTest.lunchUrl(LoginTest.java:12)
at test.LoginTest.lunchUrl(LoginTest.java:12)
at test.LoginTest.lunchUrl(LoginTest.java:12)
at test.LoginTest.lunchUrl(LoginTest.java:12)
at test.LoginTest.lunchUrl(LoginTest.java:12)
at test.LoginTest.lunchUrl(LoginTest.java:12)
at test.LoginTest.lunchUrl(LoginTest.java:12)
at test.LoginTest.lunchUrl(LoginTest.java:12)
at test.LoginTest.lunchUrl(LoginTest.java:12)
at test.LoginTest.lunchUrl(LoginTest.java:12)
at test.LoginTest.lunchUrl(LoginTest.java:12)
at test.LoginTest.lunchUrl(LoginTest.java:12)
at test.LoginTest.lunchUrl(LoginTest.java:12)
at test.LoginTest.lunchUrl(LoginTest.java:12)
at test.LoginTest.lunchUrl(LoginTest.java:12)
at test.LoginTest.lunchUrl(LoginTest.java:12)
at test.LoginTest.lunchUrl(LoginTest.java:12)
at test.LoginTest.lunchUrl(LoginTest.java:12)
at test.LoginTest.lunchUrl(LoginTest.java:12)
at test.LoginTest.lunchUrl(LoginTest.java:12)
at test.LoginTest.lunchUrl(LoginTest.java:12)
at test.LoginTest.lunchUrl(LoginTest.java:12)
at test.LoginTest.lunchUrl(LoginTest.java:12)
at test.LoginTest.lunchUrl(LoginTest.java:12)
at test.LoginTest.lunchUrl(LoginTest.java:12)
at test.LoginTest.lunchUrl(LoginTest.java:12)
at test.LoginTest.lunchUrl(LoginTest.java:12)
at test.LoginTest.lunchUrl(LoginTest.java:12)
at test.LoginTest.lunchUrl(LoginTest.java:12)
at test.LoginTest.lunchUrl(LoginTest.java:12)
at test.LoginTest.lunchUrl(LoginTest.java:12)
at test.LoginTest.lunchUrl(LoginTest.java:12)
at test.LoginTest.lunchUrl(LoginTest.java:12)
at test.LoginTest.lunchUrl(LoginTest.java:12)
at test.LoginTest.lunchUrl(LoginTest.java:12)
at test.LoginTest.lunchUrl(LoginTest.java:12)
at test.LoginTest.lunchUrl(LoginTest.java:12)
at test.LoginTest.lunchUrl(LoginTest.java:12)
at test.LoginTest.lunchUrl(LoginTest.java:12)
at test.LoginTest.lunchUrl(LoginTest.java:12)
at test.LoginTest.lunchUrl(LoginTest.java:12)
at test.LoginTest.lunchUrl(LoginTest.java:12)
at test.LoginTest.lunchUrl(LoginTest.java:12)
at test.LoginTest.lunchUrl(LoginTest.java:12)
at test.LoginTest.lunchUrl(LoginTest.java:12)
at test.LoginTest.lunchUrl(LoginTest.java:12)
at test.LoginTest.lunchUrl(LoginTest.java:12)
at test.LoginTest.lunchUrl(LoginTest.java:12)
at test.LoginTest.lunchUrl(LoginTest.java:12)
at test.LoginTest.lunchUrl(LoginTest.java:12)
at test.LoginTest.lunchUrl(LoginTest.java:12)
at test.LoginTest.lunchUrl(LoginTest.java:12)
at test.LoginTest.lunchUrl(LoginTest.java:12)
at test.LoginTest.lunchUrl(LoginTest.java:12)
at test.LoginTest.lunchUrl(LoginTest.java:12)
at test.LoginTest.lunchUrl(LoginTest.java:12)
at test.LoginTest.lunchUrl(LoginTest.java:12)
at test.LoginTest.lunchUrl(LoginTest.java:12)
at test.LoginTest.lunchUrl(LoginTest.java:12)
at test.LoginTest.lunchUrl(LoginTest.java:12)
at test.LoginTest.lunchUrl(LoginTest.java:12)
at test.LoginTest.lunchUrl(LoginTest.java:12)
at test.LoginTest.lunchUrl(LoginTest.java:12)
at test.LoginTest.lunchUrl(LoginTest.java:12)
at test.LoginTest.lunchUrl(LoginTest.java:12)
at test.LoginTest.lunchUrl(LoginTest.java:12)
at test.LoginTest.lunchUrl(LoginTest.java:12)
at test.LoginTest.lunchUrl(LoginTest.java:12)
at test.LoginTest.lunchUrl(LoginTest.java:12)
at test.LoginTest.lunchUrl(LoginTest.java:12)
at test.LoginTest.lunchUrl(LoginTest.java:12)
at test.LoginTest.lunchUrl(LoginTest.java:12)
at test.LoginTest.lunchUrl(LoginTest.java:12)
at test.LoginTest.lunchUrl(LoginTest.java:12)
at test.LoginTest.lunchUrl(LoginTest.java:12)
at test.LoginTest.lunchUrl(LoginTest.java:12)
at test.LoginTest.lunchUrl(LoginTest.java:12)
at test.LoginTest.lunchUrl(LoginTest.java:12)
at test.LoginTest.lunchUrl(LoginTest.java:12)
at test.LoginTest.lunchUrl(LoginTest.java:12)
at test.LoginTest.lunchUrl(LoginTest.java:12)
at test.LoginTest.lunchUrl(LoginTest.java:12)
at test.LoginTest.lunchUrl(LoginTest.java:12)
at test.LoginTest.lunchUrl(LoginTest.java:12)
at test.LoginTest.lunchUrl(LoginTest.java:12)
at test.LoginTest.lunchUrl(LoginTest.java:12)
at test.LoginTest.lunchUrl(LoginTest.java:12)
at test.LoginTest.lunchUrl(LoginTest.java:12)
at test.LoginTest.lunchUrl(LoginTest.java:12)
at test.LoginTest.lunchUrl(LoginTest.java:12)
at test.LoginTest.lunchUrl(LoginTest.java:12)
at test.LoginTest.lunchUrl(LoginTest.java:12)
at test.LoginTest.lunchUrl(LoginTest.java:12)
at test.LoginTest.lunchUrl(LoginTest.java:12)
at test.LoginTest.lunchUrl(LoginTest.java:12)
at test.LoginTest.lunchUrl(LoginTest.java:12)
at test.LoginTest.lunchUrl(LoginTest.java:12)
at test.LoginTest.lunchUrl(LoginTest.java:12)
at test.LoginTest.lunchUrl(LoginTest.java:12)
at test.LoginTest.lunchUrl(LoginTest.java:12)
at test.LoginTest.lunchUrl(LoginTest.java:12)
at test.LoginTest.lunchUrl(LoginTest.java:12)
at test.LoginTest.lunchUrl(LoginTest.java:12)
at test.LoginTest.lunchUrl(LoginTest.java:12)
at test.LoginTest.lunchUrl(LoginTest.java:12)
at test.LoginTest.lunchUrl(LoginTest.java:12)
at test.LoginTest.lunchUrl(LoginTest.java:12)
at test.LoginTest.lunchUrl(LoginTest.java:12)
at test.LoginTest.lunchUrl(LoginTest.java:12)
at test.LoginTest.lunchUrl(LoginTest.java:12)
at test.LoginTest.lunchUrl(LoginTest.java:12)
at test.LoginTest.lunchUrl(LoginTest.java:12)
at test.LoginTest.lunchUrl(LoginTest.java:12)
at test.LoginTest.lunchUrl(LoginTest.java:12)
at test.LoginTest.lunchUrl(LoginTest.java:12)
at test.LoginTest.lunchUrl(LoginTest.java:12)
at test.LoginTest.lunchUrl(LoginTest.java:12)
at test.LoginTest.lunchUrl(LoginTest.java:12)
at test.LoginTest.lunchUrl(LoginTest.java:12)
at test.LoginTest.lunchUrl(LoginTest.java:12)
at test.LoginTest.lunchUrl(LoginTest.java:12)
at test.LoginTest.lunchUrl(LoginTest.java:12)
at test.LoginTest.lunchUrl(LoginTest.java:12)
at test.LoginTest.lunchUrl(LoginTest.java:12)
at test.LoginTest.lunchUrl(LoginTest.java:12)
at test.LoginTest.lunchUrl(LoginTest.java:12)
at test.LoginTest.lunchUrl(LoginTest.java:12)
at test.LoginTest.lunchUrl(LoginTest.java:12)
at test.LoginTest.lunchUrl(LoginTest.java:12)
at test.LoginTest.lunchUrl(LoginTest.java:12)
at test.LoginTest.lunchUrl(LoginTest.java:12)
at test.LoginTest.lunchUrl(LoginTest.java:12)
at test.LoginTest.lunchUrl(LoginTest.java:12)
at test.LoginTest.lunchUrl(LoginTest.java:12)
at test.LoginTest.lunchUrl(LoginTest.java:12)
at test.LoginTest.lunchUrl(LoginTest.java:12)
at test.LoginTest.lunchUrl(LoginTest.java:12)
at test.LoginTest.lunchUrl(LoginTest.java:12)
at test.LoginTest.lunchUrl(LoginTest.java:12)
at test.LoginTest.lunchUrl(LoginTest.java:12)
at test.LoginTest.lunchUrl(LoginTest.java:12)
at test.LoginTest.lunchUrl(LoginTest.java:12)
at test.LoginTest.lunchUrl(LoginTest.java:12)
at test.LoginTest.lunchUrl(LoginTest.java:12)
at test.LoginTest.lunchUrl(LoginTest.java:12)
at test.LoginTest.lunchUrl(LoginTest.java:12)
at test.LoginTest.lunchUrl(LoginTest.java:12)
at test.LoginTest.lunchUrl(LoginTest.java:12)
]]>
    </failure>
  </testcase> <!-- @BeforeTest lunchUrl -->
  <testcase classname="test.LoginTest" name="clickonclose" time="0.001">
    <skipped/>
  </testcase> <!-- clickonclose -->
</testsuite> <!-- Default test -->
