<?xml version="1.0" encoding="UTF-8"?>
<!-- Generated by org.testng.reporters.JUnitReportReporter -->
<testsuite hostname="DESKTOP-TS26B3F" failures="0" tests="2" name="test.LoginTest" time="0.045" errors="1" timestamp="2026-02-20T00:31:29 IST" skipped="1">
  <testcase classname="test.LoginTest" name="lunchUrl" time="0.044">
    <error type="java.lang.StackOverflowError">
      <![CDATA[java.lang.StackOverflowError
at test.LoginTest.lunchUrl(LoginTest.java:12)
at test.LoginTest.lunchUrl(LoginTest.java:12)
at test.LoginTest.lunchUrl(LoginTest.java:12)
at test.LoginTest.lunchUrl(LoginTest.java:12)
at test.LoginTest.lunchUrl(LoginTest.java:12)
at test.LoginTest.lunchUrl(LoginTest.java:12)
at test.LoginTest.lunchUrl(LoginTest.java:12)
at test.LoginTest.lunchUrl(LoginTest.java:12)
at test.LoginTest.lunchUrl(LoginTest.java:12)
at test.LoginTest.lunchUrl(LoginTest.java:12)
at test.LoginTest.lunchUrl(LoginTest.java:12)
at test.LoginTest.lunchUrl(LoginTest.java:12)
at test.LoginTest.lunchUrl(LoginTest.java:12)
at test.LoginTest.lunchUrl(LoginTest.java:12)
at test.LoginTest.lunchUrl(LoginTest.java:12)
at test.LoginTest.lunchUrl(LoginTest.java:12)
at test.LoginTest.lunchUrl(LoginTest.java:12)
at test.LoginTest.lunchUrl(LoginTest.java:12)
at test.LoginTest.lunchUrl(LoginTest.java:12)
at test.LoginTest.lunchUrl(LoginTest.java:12)
at test.LoginTest.lunchUrl(LoginTest.java:12)
at test.LoginTest.lunchUrl(LoginTest.java:12)
at test.LoginTest.lunchUrl(LoginTest.java:12)
at test.LoginTest.lunchUrl(LoginTest.java:12)
at test.LoginTest.lunchUrl(LoginTest.java:12)
at test.LoginTest.lunchUrl(LoginTest.java:12)
at test.LoginTest.lunchUrl(LoginTest.java:12)
at test.LoginTest.lunchUrl(LoginTest.java:12)
at test.LoginTest.lunchUrl(LoginTest.java:12)
at test.LoginTest.lunchUrl(LoginTest.java:12)
at test.LoginTest.lunchUrl(LoginTest.java:12)
at test.LoginTest.lunchUrl(LoginTest.java:12)
at test.LoginTest.lunchUrl(LoginTest.java:12)
at test.LoginTest.lunchUrl(LoginTest.java:12)
at test.LoginTest.lunchUrl(LoginTest.java:12)
at test.LoginTest.lunchUrl(LoginTest.java:12)
at test.LoginTest.lunchUrl(LoginTest.java:12)
at test.LoginTest.lunchUrl(LoginTest.java:12)
at test.LoginTest.lunchUrl(LoginTest.java:12)
at test.LoginTest.lunchUrl(LoginTest.java:12)
at test.LoginTest.lunchUrl(LoginTest.java:12)
at test.LoginTest.lunchUrl(LoginTest.java:12)
at test.LoginTest.lunchUrl(LoginTest.java:12)
at test.LoginTest.lunchUrl(LoginTest.java:12)
at test.LoginTest.lunchUrl(LoginTest.java:12)
at test.LoginTest.lunchUrl(LoginTest.java:12)
at test.LoginTest.lunchUrl(LoginTest.java:12)
at test.LoginTest.lunchUrl(LoginTest.java:12)
at test.LoginTest.lunchUrl(LoginTest.java:12)
at test.LoginTest.lunchUrl(LoginTest.java:12)
at test.LoginTest.lunchUrl(LoginTest.java:12)
at test.LoginTest.lunchUrl(LoginTest.java:12)
at test.LoginTest.lunchUrl(LoginTest.java:12)
at test.LoginTest.lunchUrl(LoginTest.java:12)
at test.LoginTest.lunchUrl(LoginTest.java:12)
at test.LoginTest.lunchUrl(LoginTest.java:12)
at test.LoginTest.lunchUrl(LoginTest.java:12)
at test.LoginTest.lunchUrl(LoginTest.java:12)
at test.LoginTest.lunchUrl(LoginTest.java:12)
at test.LoginTest.lunchUrl(LoginTest.java:12)
at test.LoginTest.lunchUrl(LoginTest.java:12)
at test.LoginTest.lunchUrl(LoginTest.java:12)
at test.LoginTest.lunchUrl(LoginTest.java:12)
at test.LoginTest.lunchUrl(LoginTest.java:12)
at test.LoginTest.lunchUrl(LoginTest.java:12)
at test.LoginTest.lunchUrl(LoginTest.java:12)
at test.LoginTest.lunchUrl(LoginTest.java:12)
at test.LoginTest.lunchUrl(LoginTest.java:12)
at test.LoginTest.lunchUrl(LoginTest.java:12)
at test.LoginTest.lunchUrl(LoginTest.java:12)
at test.LoginTest.lunchUrl(LoginTest.java:12)
at test.LoginTest.lunchUrl(LoginTest.java:12)
at test.LoginTest.lunchUrl(LoginTest.java:12)
at test.LoginTest.lunchUrl(LoginTest.java:12)
at test.LoginTest.lunchUrl(LoginTest.java:12)
at test.LoginTest.lunchUrl(LoginTest.java:12)
at test.LoginTest.lunchUrl(LoginTest.java:12)
at test.LoginTest.lunchUrl(LoginTest.java:12)
at test.LoginTest.lunchUrl(LoginTest.java:12)
at test.LoginTest.lunchUrl(LoginTest.java:12)
at test.LoginTest.lunchUrl(LoginTest.java:12)
at test.LoginTest.lunchUrl(LoginTest.java:12)
at test.LoginTest.lunchUrl(LoginTest.java:12)
at test.LoginTest.lunchUrl(LoginTest.java:12)
at test.LoginTest.lunchUrl(LoginTest.java:12)
at test.LoginTest.lunchUrl(LoginTest.java:12)
at test.LoginTest.lunchUrl(LoginTest.java:12)
at test.LoginTest.lunchUrl(LoginTest.java:12)
at test.LoginTest.lunchUrl(LoginTest.java:12)
at test.LoginTest.lunchUrl(LoginTest.java:12)
at test.LoginTest.lunchUrl(LoginTest.java:12)
at test.LoginTest.lunchUrl(LoginTest.java:12)
at test.LoginTest.lunchUrl(LoginTest.java:12)
at test.LoginTest.lunchUrl(LoginTest.java:12)
at test.LoginTest.lunchUrl(LoginTest.java:12)
at test.LoginTest.lunchUrl(LoginTest.java:12)
at test.LoginTest.lunchUrl(LoginTest.java:12)
at test.LoginTest.lunchUrl(LoginTest.java:12)
at test.LoginTest.lunchUrl(LoginTest.java:12)
at test.LoginTest.lunchUrl(LoginTest.java:12)
at test.LoginTest.lunchUrl(LoginTest.java:12)
at test.LoginTest.lunchUrl(LoginTest.java:12)
at test.LoginTest.lunchUrl(LoginTest.java:12)
at test.LoginTest.lunchUrl(LoginTest.java:12)
at test.LoginTest.lunchUrl(LoginTest.java:12)
at test.LoginTest.lunchUrl(LoginTest.java:12)
at test.LoginTest.lunchUrl(LoginTest.java:12)
at test.LoginTest.lunchUrl(LoginTest.java:12)
at test.LoginTest.lunchUrl(LoginTest.java:12)
at test.LoginTest.lunchUrl(LoginTest.java:12)
at test.LoginTest.lunchUrl(LoginTest.java:12)
at test.LoginTest.lunchUrl(LoginTest.java:12)
at test.LoginTest.lunchUrl(LoginTest.java:12)
at test.LoginTest.lunchUrl(LoginTest.java:12)
at test.LoginTest.lunchUrl(LoginTest.java:12)
at test.LoginTest.lunchUrl(LoginTest.java:12)
at test.LoginTest.lunchUrl(LoginTest.java:12)
at test.LoginTest.lunchUrl(LoginTest.java:12)
at test.LoginTest.lunchUrl(LoginTest.java:12)
at test.LoginTest.lunchUrl(LoginTest.java:12)
at test.LoginTest.lunchUrl(LoginTest.java:12)
at test.LoginTest.lunchUrl(LoginTest.java:12)
at test.LoginTest.lunchUrl(LoginTest.java:12)
at test.LoginTest.lunchUrl(LoginTest.java:12)
at test.LoginTest.lunchUrl(LoginTest.java:12)
at test.LoginTest.lunchUrl(LoginTest.java:12)
at test.LoginTest.lunchUrl(LoginTest.java:12)
at test.LoginTest.lunchUrl(LoginTest.java:12)
at test.LoginTest.lunchUrl(LoginTest.java:12)
at test.LoginTest.lunchUrl(LoginTest.java:12)
at test.LoginTest.lunchUrl(LoginTest.java:12)
at test.LoginTest.lunchUrl(LoginTest.java:12)
at test.LoginTest.lunchUrl(LoginTest.java:12)
at test.LoginTest.lunchUrl(LoginTest.java:12)
at test.LoginTest.lunchUrl(LoginTest.java:12)
at test.LoginTest.lunchUrl(LoginTest.java:12)
at test.LoginTest.lunchUrl(LoginTest.java:12)
at test.LoginTest.lunchUrl(LoginTest.java:12)
at test.LoginTest.lunchUrl(LoginTest.java:12)
at test.LoginTest.lunchUrl(LoginTest.java:12)
at test.LoginTest.lunchUrl(LoginTest.java:12)
at test.LoginTest.lunchUrl(LoginTest.java:12)
at test.LoginTest.lunchUrl(LoginTest.java:12)
at test.LoginTest.lunchUrl(LoginTest.java:12)
at test.LoginTest.lunchUrl(LoginTest.java:12)
at test.LoginTest.lunchUrl(LoginTest.java:12)
at test.LoginTest.lunchUrl(LoginTest.java:12)
at test.LoginTest.lunchUrl(LoginTest.java:12)
at test.LoginTest.lunchUrl(LoginTest.java:12)
at test.LoginTest.lunchUrl(LoginTest.java:12)
at test.LoginTest.lunchUrl(LoginTest.java:12)
at test.LoginTest.lunchUrl(LoginTest.java:12)
at test.LoginTest.lunchUrl(LoginTest.java:12)
at test.LoginTest.lunchUrl(LoginTest.java:12)
at test.LoginTest.lunchUrl(LoginTest.java:12)
at test.LoginTest.lunchUrl(LoginTest.java:12)
at test.LoginTest.lunchUrl(LoginTest.java:12)
at test.LoginTest.lunchUrl(LoginTest.java:12)
at test.LoginTest.lunchUrl(LoginTest.java:12)
at test.LoginTest.lunchUrl(LoginTest.java:12)
at test.LoginTest.lunchUrl(LoginTest.java:12)
at test.LoginTest.lunchUrl(LoginTest.java:12)
at test.LoginTest.lunchUrl(LoginTest.java:12)
at test.LoginTest.lunchUrl(LoginTest.java:12)
at test.LoginTest.lunchUrl(LoginTest.java:12)
at test.LoginTest.lunchUrl(LoginTest.java:12)
at test.LoginTest.lunchUrl(LoginTest.java:12)
at test.LoginTest.lunchUrl(LoginTest.java:12)
at test.LoginTest.lunchUrl(LoginTest.java:12)
at test.LoginTest.lunchUrl(LoginTest.java:12)
at test.LoginTest.lunchUrl(LoginTest.java:12)
at test.LoginTest.lunchUrl(LoginTest.java:12)
at test.LoginTest.lunchUrl(LoginTest.java:12)
at test.LoginTest.lunchUrl(LoginTest.java:12)
at test.LoginTest.lunchUrl(LoginTest.java:12)
at test.LoginTest.lunchUrl(LoginTest.java:12)
at test.LoginTest.lunchUrl(LoginTest.java:12)
at test.LoginTest.lunchUrl(LoginTest.java:12)
at test.LoginTest.lunchUrl(LoginTest.java:12)
at test.LoginTest.lunchUrl(LoginTest.java:12)
at test.LoginTest.lunchUrl(LoginTest.java:12)
at test.LoginTest.lunchUrl(LoginTest.java:12)
at test.LoginTest.lunchUrl(LoginTest.java:12)
at test.LoginTest.lunchUrl(LoginTest.java:12)
at test.LoginTest.lunchUrl(LoginTest.java:12)
at test.LoginTest.lunchUrl(LoginTest.java:12)
at test.LoginTest.lunchUrl(LoginTest.java:12)
at test.LoginTest.lunchUrl(LoginTest.java:12)
at test.LoginTest.lunchUrl(LoginTest.java:12)
at test.LoginTest.lunchUrl(LoginTest.java:12)
at test.LoginTest.lunchUrl(LoginTest.java:12)
at test.LoginTest.lunchUrl(LoginTest.java:12)
at test.LoginTest.lunchUrl(LoginTest.java:12)
at test.LoginTest.lunchUrl(LoginTest.java:12)
at test.LoginTest.lunchUrl(LoginTest.java:12)
at test.LoginTest.lunchUrl(LoginTest.java:12)
at test.LoginTest.lunchUrl(LoginTest.java:12)
at test.LoginTest.lunchUrl(LoginTest.java:12)
at test.LoginTest.lunchUrl(LoginTest.java:12)
at test.LoginTest.lunchUrl(LoginTest.java:12)
at test.LoginTest.lunchUrl(LoginTest.java:12)
at test.LoginTest.lunchUrl(LoginTest.java:12)
at test.LoginTest.lunchUrl(LoginTest.java:12)
at test.LoginTest.lunchUrl(LoginTest.java:12)
at test.LoginTest.lunchUrl(LoginTest.java:12)
at test.LoginTest.lunchUrl(LoginTest.java:12)
at test.LoginTest.lunchUrl(LoginTest.java:12)
at test.LoginTest.lunchUrl(LoginTest.java:12)
at test.LoginTest.lunchUrl(LoginTest.java:12)
at test.LoginTest.lunchUrl(LoginTest.java:12)
at test.LoginTest.lunchUrl(LoginTest.java:12)
at test.LoginTest.lunchUrl(LoginTest.java:12)
at test.LoginTest.lunchUrl(LoginTest.java:12)
at test.LoginTest.lunchUrl(LoginTest.java:12)
at test.LoginTest.lunchUrl(LoginTest.java:12)
at test.LoginTest.lunchUrl(LoginTest.java:12)
at test.LoginTest.lunchUrl(LoginTest.java:12)
at test.LoginTest.lunchUrl(LoginTest.java:12)
at test.LoginTest.lunchUrl(LoginTest.java:12)
at test.LoginTest.lunchUrl(LoginTest.java:12)
at test.LoginTest.lunchUrl(LoginTest.java:12)
at test.LoginTest.lunchUrl(LoginTest.java:12)
at test.LoginTest.lunchUrl(LoginTest.java:12)
at test.LoginTest.lunchUrl(LoginTest.java:12)
at test.LoginTest.lunchUrl(LoginTest.java:12)
at test.LoginTest.lunchUrl(LoginTest.java:12)
at test.LoginTest.lunchUrl(LoginTest.java:12)
at test.LoginTest.lunchUrl(LoginTest.java:12)
at test.LoginTest.lunchUrl(LoginTest.java:12)
at test.LoginTest.lunchUrl(LoginTest.java:12)
at test.LoginTest.lunchUrl(LoginTest.java:12)
at test.LoginTest.lunchUrl(LoginTest.java:12)
at test.LoginTest.lunchUrl(LoginTest.java:12)
at test.LoginTest.lunchUrl(LoginTest.java:12)
at test.LoginTest.lunchUrl(LoginTest.java:12)
at test.LoginTest.lunchUrl(LoginTest.java:12)
at test.LoginTest.lunchUrl(LoginTest.java:12)
at test.LoginTest.lunchUrl(LoginTest.java:12)
at test.LoginTest.lunchUrl(LoginTest.java:12)
at test.LoginTest.lunchUrl(LoginTest.java:12)
at test.LoginTest.lunchUrl(LoginTest.java:12)
at test.LoginTest.lunchUrl(LoginTest.java:12)
at test.LoginTest.lunchUrl(LoginTest.java:12)
at test.LoginTest.lunchUrl(LoginTest.java:12)
at test.LoginTest.lunchUrl(LoginTest.java:12)
at test.LoginTest.lunchUrl(LoginTest.java:12)
at test.LoginTest.lunchUrl(LoginTest.java:12)
at test.LoginTest.lunchUrl(LoginTest.java:12)
at test.LoginTest.lunchUrl(LoginTest.java:12)
at test.LoginTest.lunchUrl(LoginTest.java:12)
at test.LoginTest.lunchUrl(LoginTest.java:12)
at test.LoginTest.lunchUrl(LoginTest.java:12)
at test.LoginTest.lunchUrl(LoginTest.java:12)
at test.LoginTest.lunchUrl(LoginTest.java:12)
at test.LoginTest.lunchUrl(LoginTest.java:12)
at test.LoginTest.lunchUrl(LoginTest.java:12)
at test.LoginTest.lunchUrl(LoginTest.java:12)
at test.LoginTest.lunchUrl(LoginTest.java:12)
at test.LoginTest.lunchUrl(LoginTest.java:12)
at test.LoginTest.lunchUrl(LoginTest.java:12)
at test.LoginTest.lunchUrl(LoginTest.java:12)
at test.LoginTest.lunchUrl(LoginTest.java:12)
at test.LoginTest.lunchUrl(LoginTest.java:12)
at test.LoginTest.lunchUrl(LoginTest.java:12)
at test.LoginTest.lunchUrl(LoginTest.java:12)
at test.LoginTest.lunchUrl(LoginTest.java:12)
at test.LoginTest.lunchUrl(LoginTest.java:12)
at test.LoginTest.lunchUrl(LoginTest.java:12)
at test.LoginTest.lunchUrl(LoginTest.java:12)
at test.LoginTest.lunchUrl(LoginTest.java:12)
at test.LoginTest.lunchUrl(LoginTest.java:12)
at test.LoginTest.lunchUrl(LoginTest.java:12)
at test.LoginTest.lunchUrl(LoginTest.java:12)
at test.LoginTest.lunchUrl(LoginTest.java:12)
at test.LoginTest.lunchUrl(LoginTest.java:12)
at test.LoginTest.lunchUrl(LoginTest.java:12)
at test.LoginTest.lunchUrl(LoginTest.java:12)
at test.LoginTest.lunchUrl(LoginTest.java:12)
at test.LoginTest.lunchUrl(LoginTest.java:12)
at test.LoginTest.lunchUrl(LoginTest.java:12)
at test.LoginTest.lunchUrl(LoginTest.java:12)
at test.LoginTest.lunchUrl(LoginTest.java:12)
at test.LoginTest.lunchUrl(LoginTest.java:12)
at test.LoginTest.lunchUrl(LoginTest.java:12)
at test.LoginTest.lunchUrl(LoginTest.java:12)
at test.LoginTest.lunchUrl(LoginTest.java:12)
at test.LoginTest.lunchUrl(LoginTest.java:12)
at test.LoginTest.lunchUrl(LoginTest.java:12)
at test.LoginTest.lunchUrl(LoginTest.java:12)
at test.LoginTest.lunchUrl(LoginTest.java:12)
at test.LoginTest.lunchUrl(LoginTest.java:12)
at test.LoginTest.lunchUrl(LoginTest.java:12)
at test.LoginTest.lunchUrl(LoginTest.java:12)
at test.LoginTest.lunchUrl(LoginTest.java:12)
at test.LoginTest.lunchUrl(LoginTest.java:12)
at test.LoginTest.lunchUrl(LoginTest.java:12)
at test.LoginTest.lunchUrl(LoginTest.java:12)
at test.LoginTest.lunchUrl(LoginTest.java:12)
at test.LoginTest.lunchUrl(LoginTest.java:12)
at test.LoginTest.lunchUrl(LoginTest.java:12)
at test.LoginTest.lunchUrl(LoginTest.java:12)
at test.LoginTest.lunchUrl(LoginTest.java:12)
at test.LoginTest.lunchUrl(LoginTest.java:12)
at test.LoginTest.lunchUrl(LoginTest.java:12)
at test.LoginTest.lunchUrl(LoginTest.java:12)
at test.LoginTest.lunchUrl(LoginTest.java:12)
at test.LoginTest.lunchUrl(LoginTest.java:12)
at test.LoginTest.lunchUrl(LoginTest.java:12)
at test.LoginTest.lunchUrl(LoginTest.java:12)
at test.LoginTest.lunchUrl(LoginTest.java:12)
at test.LoginTest.lunchUrl(LoginTest.java:12)
at test.LoginTest.lunchUrl(LoginTest.java:12)
at test.LoginTest.lunchUrl(LoginTest.java:12)
at test.LoginTest.lunchUrl(LoginTest.java:12)
at test.LoginTest.lunchUrl(LoginTest.java:12)
at test.LoginTest.lunchUrl(LoginTest.java:12)
at test.LoginTest.lunchUrl(LoginTest.java:12)
at test.LoginTest.lunchUrl(LoginTest.java:12)
at test.LoginTest.lunchUrl(LoginTest.java:12)
at test.LoginTest.lunchUrl(LoginTest.java:12)
at test.LoginTest.lunchUrl(LoginTest.java:12)
at test.LoginTest.lunchUrl(LoginTest.java:12)
at test.LoginTest.lunchUrl(LoginTest.java:12)
at test.LoginTest.lunchUrl(LoginTest.java:12)
at test.LoginTest.lunchUrl(LoginTest.java:12)
at test.LoginTest.lunchUrl(LoginTest.java:12)
at test.LoginTest.lunchUrl(LoginTest.java:12)
at test.LoginTest.lunchUrl(LoginTest.java:12)
at test.LoginTest.lunchUrl(LoginTest.java:12)
at test.LoginTest.lunchUrl(LoginTest.java:12)
at test.LoginTest.lunchUrl(LoginTest.java:12)
at test.LoginTest.lunchUrl(LoginTest.java:12)
at test.LoginTest.lunchUrl(LoginTest.java:12)
at test.LoginTest.lunchUrl(LoginTest.java:12)
at test.LoginTest.lunchUrl(LoginTest.java:12)
at test.LoginTest.lunchUrl(LoginTest.java:12)
at test.LoginTest.lunchUrl(LoginTest.java:12)
at test.LoginTest.lunchUrl(LoginTest.java:12)
at test.LoginTest.lunchUrl(LoginTest.java:12)
at test.LoginTest.lunchUrl(LoginTest.java:12)
at test.LoginTest.lunchUrl(LoginTest.java:12)
at test.LoginTest.lunchUrl(LoginTest.java:12)
at test.LoginTest.lunchUrl(LoginTest.java:12)
at test.LoginTest.lunchUrl(LoginTest.java:12)
at test.LoginTest.lunchUrl(LoginTest.java:12)
at test.LoginTest.lunchUrl(LoginTest.java:12)
at test.LoginTest.lunchUrl(LoginTest.java:12)
at test.LoginTest.lunchUrl(LoginTest.java:12)
at test.LoginTest.lunchUrl(LoginTest.java:12)
at test.LoginTest.lunchUrl(LoginTest.java:12)
at test.LoginTest.lunchUrl(LoginTest.java:12)
at test.LoginTest.lunchUrl(LoginTest.java:12)
at test.LoginTest.lunchUrl(LoginTest.java:12)
at test.LoginTest.lunchUrl(LoginTest.java:12)
at test.LoginTest.lunchUrl(LoginTest.java:12)
at test.LoginTest.lunchUrl(LoginTest.java:12)
at test.LoginTest.lunchUrl(LoginTest.java:12)
at test.LoginTest.lunchUrl(LoginTest.java:12)
at test.LoginTest.lunchUrl(LoginTest.java:12)
at test.LoginTest.lunchUrl(LoginTest.java:12)
at test.LoginTest.lunchUrl(LoginTest.java:12)
at test.LoginTest.lunchUrl(LoginTest.java:12)
at test.LoginTest.lunchUrl(LoginTest.java:12)
at test.LoginTest.lunchUrl(LoginTest.java:12)
at test.LoginTest.lunchUrl(LoginTest.java:12)
at test.LoginTest.lunchUrl(LoginTest.java:12)
at test.LoginTest.lunchUrl(LoginTest.java:12)
at test.LoginTest.lunchUrl(LoginTest.java:12)
at test.LoginTest.lunchUrl(LoginTest.java:12)
at test.LoginTest.lunchUrl(LoginTest.java:12)
at test.LoginTest.lunchUrl(LoginTest.java:12)
at test.LoginTest.lunchUrl(LoginTest.java:12)
at test.LoginTest.lunchUrl(LoginTest.java:12)
at test.LoginTest.lunchUrl(LoginTest.java:12)
at test.LoginTest.lunchUrl(LoginTest.java:12)
at test.LoginTest.lunchUrl(LoginTest.java:12)
at test.LoginTest.lunchUrl(LoginTest.java:12)
at test.LoginTest.lunchUrl(LoginTest.java:12)
at test.LoginTest.lunchUrl(LoginTest.java:12)
at test.LoginTest.lunchUrl(LoginTest.java:12)
at test.LoginTest.lunchUrl(LoginTest.java:12)
at test.LoginTest.lunchUrl(LoginTest.java:12)
at test.LoginTest.lunchUrl(LoginTest.java:12)
at test.LoginTest.lunchUrl(LoginTest.java:12)
at test.LoginTest.lunchUrl(LoginTest.java:12)
at test.LoginTest.lunchUrl(LoginTest.java:12)
at test.LoginTest.lunchUrl(LoginTest.java:12)
at test.LoginTest.lunchUrl(LoginTest.java:12)
at test.LoginTest.lunchUrl(LoginTest.java:12)
at test.LoginTest.lunchUrl(LoginTest.java:12)
at test.LoginTest.lunchUrl(LoginTest.java:12)
at test.LoginTest.lunchUrl(LoginTest.java:12)
at test.LoginTest.lunchUrl(LoginTest.java:12)
at test.LoginTest.lunchUrl(LoginTest.java:12)
at test.LoginTest.lunchUrl(LoginTest.java:12)
at test.LoginTest.lunchUrl(LoginTest.java:12)
at test.LoginTest.lunchUrl(LoginTest.java:12)
at test.LoginTest.lunchUrl(LoginTest.java:12)
at test.LoginTest.lunchUrl(LoginTest.java:12)
at test.LoginTest.lunchUrl(LoginTest.java:12)
at test.LoginTest.lunchUrl(LoginTest.java:12)
at test.LoginTest.lunchUrl(LoginTest.java:12)
at test.LoginTest.lunchUrl(LoginTest.java:12)
at test.LoginTest.lunchUrl(LoginTest.java:12)
at test.LoginTest.lunchUrl(LoginTest.java:12)
at test.LoginTest.lunchUrl(LoginTest.java:12)
at test.LoginTest.lunchUrl(LoginTest.java:12)
at test.LoginTest.lunchUrl(LoginTest.java:12)
at test.LoginTest.lunchUrl(LoginTest.java:12)
at test.LoginTest.lunchUrl(LoginTest.java:12)
at test.LoginTest.lunchUrl(LoginTest.java:12)
at test.LoginTest.lunchUrl(LoginTest.java:12)
at test.LoginTest.lunchUrl(LoginTest.java:12)
at test.LoginTest.lunchUrl(LoginTest.java:12)
at test.LoginTest.lunchUrl(LoginTest.java:12)
at test.LoginTest.lunchUrl(LoginTest.java:12)
at test.LoginTest.lunchUrl(LoginTest.java:12)
at test.LoginTest.lunchUrl(LoginTest.java:12)
at test.LoginTest.lunchUrl(LoginTest.java:12)
at test.LoginTest.lunchUrl(LoginTest.java:12)
at test.LoginTest.lunchUrl(LoginTest.java:12)
at test.LoginTest.lunchUrl(LoginTest.java:12)
at test.LoginTest.lunchUrl(LoginTest.java:12)
at test.LoginTest.lunchUrl(LoginTest.java:12)
at test.LoginTest.lunchUrl(LoginTest.java:12)
at test.LoginTest.lunchUrl(LoginTest.java:12)
at test.LoginTest.lunchUrl(LoginTest.java:12)
at test.LoginTest.lunchUrl(LoginTest.java:12)
at test.LoginTest.lunchUrl(LoginTest.java:12)
at test.LoginTest.lunchUrl(LoginTest.java:12)
at test.LoginTest.lunchUrl(LoginTest.java:12)
at test.LoginTest.lunchUrl(LoginTest.java:12)
at test.LoginTest.lunchUrl(LoginTest.java:12)
at test.LoginTest.lunchUrl(LoginTest.java:12)
at test.LoginTest.lunchUrl(LoginTest.java:12)
at test.LoginTest.lunchUrl(LoginTest.java:12)
at test.LoginTest.lunchUrl(LoginTest.java:12)
at test.LoginTest.lunchUrl(LoginTest.java:12)
at test.LoginTest.lunchUrl(LoginTest.java:12)
at test.LoginTest.lunchUrl(LoginTest.java:12)
at test.LoginTest.lunchUrl(LoginTest.java:12)
at test.LoginTest.lunchUrl(LoginTest.java:12)
at test.LoginTest.lunchUrl(LoginTest.java:12)
at test.LoginTest.lunchUrl(LoginTest.java:12)
at test.LoginTest.lunchUrl(LoginTest.java:12)
at test.LoginTest.lunchUrl(LoginTest.java:12)
at test.LoginTest.lunchUrl(LoginTest.java:12)
at test.LoginTest.lunchUrl(LoginTest.java:12)
at test.LoginTest.lunchUrl(LoginTest.java:12)
at test.LoginTest.lunchUrl(LoginTest.java:12)
at test.LoginTest.lunchUrl(LoginTest.java:12)
at test.LoginTest.lunchUrl(LoginTest.java:12)
at test.LoginTest.lunchUrl(LoginTest.java:12)
at test.LoginTest.lunchUrl(LoginTest.java:12)
at test.LoginTest.lunchUrl(LoginTest.java:12)
at test.LoginTest.lunchUrl(LoginTest.java:12)
at test.LoginTest.lunchUrl(LoginTest.java:12)
at test.LoginTest.lunchUrl(LoginTest.java:12)
at test.LoginTest.lunchUrl(LoginTest.java:12)
at test.LoginTest.lunchUrl(LoginTest.java:12)
at test.LoginTest.lunchUrl(LoginTest.java:12)
at test.LoginTest.lunchUrl(LoginTest.java:12)
at test.LoginTest.lunchUrl(LoginTest.java:12)
at test.LoginTest.lunchUrl(LoginTest.java:12)
at test.LoginTest.lunchUrl(LoginTest.java:12)
at test.LoginTest.lunchUrl(LoginTest.java:12)
at test.LoginTest.lunchUrl(LoginTest.java:12)
at test.LoginTest.lunchUrl(LoginTest.java:12)
at test.LoginTest.lunchUrl(LoginTest.java:12)
at test.LoginTest.lunchUrl(LoginTest.java:12)
at test.LoginTest.lunchUrl(LoginTest.java:12)
at test.LoginTest.lunchUrl(LoginTest.java:12)
at test.LoginTest.lunchUrl(LoginTest.java:12)
at test.LoginTest.lunchUrl(LoginTest.java:12)
at test.LoginTest.lunchUrl(LoginTest.java:12)
at test.LoginTest.lunchUrl(LoginTest.java:12)
at test.LoginTest.lunchUrl(LoginTest.java:12)
at test.LoginTest.lunchUrl(LoginTest.java:12)
at test.LoginTest.lunchUrl(LoginTest.java:12)
at test.LoginTest.lunchUrl(LoginTest.java:12)
at test.LoginTest.lunchUrl(LoginTest.java:12)
at test.LoginTest.lunchUrl(LoginTest.java:12)
at test.LoginTest.lunchUrl(LoginTest.java:12)
at test.LoginTest.lunchUrl(LoginTest.java:12)
at test.LoginTest.lunchUrl(LoginTest.java:12)
at test.LoginTest.lunchUrl(LoginTest.java:12)
at test.LoginTest.lunchUrl(LoginTest.java:12)
at test.LoginTest.lunchUrl(LoginTest.java:12)
at test.LoginTest.lunchUrl(LoginTest.java:12)
at test.LoginTest.lunchUrl(LoginTest.java:12)
at test.LoginTest.lunchUrl(LoginTest.java:12)
at test.LoginTest.lunchUrl(LoginTest.java:12)
at test.LoginTest.lunchUrl(LoginTest.java:12)
at test.LoginTest.lunchUrl(LoginTest.java:12)
at test.LoginTest.lunchUrl(LoginTest.java:12)
at test.LoginTest.lunchUrl(LoginTest.java:12)
at test.LoginTest.lunchUrl(LoginTest.java:12)
at test.LoginTest.lunchUrl(LoginTest.java:12)
at test.LoginTest.lunchUrl(LoginTest.java:12)
at test.LoginTest.lunchUrl(LoginTest.java:12)
at test.LoginTest.lunchUrl(LoginTest.java:12)
at test.LoginTest.lunchUrl(LoginTest.java:12)
at test.LoginTest.lunchUrl(LoginTest.java:12)
at test.LoginTest.lunchUrl(LoginTest.java:12)
at test.LoginTest.lunchUrl(LoginTest.java:12)
at test.LoginTest.lunchUrl(LoginTest.java:12)
at test.LoginTest.lunchUrl(LoginTest.java:12)
at test.LoginTest.lunchUrl(LoginTest.java:12)
at test.LoginTest.lunchUrl(LoginTest.java:12)
at test.LoginTest.lunchUrl(LoginTest.java:12)
at test.LoginTest.lunchUrl(LoginTest.java:12)
at test.LoginTest.lunchUrl(LoginTest.java:12)
at test.LoginTest.lunchUrl(LoginTest.java:12)
at test.LoginTest.lunchUrl(LoginTest.java:12)
at test.LoginTest.lunchUrl(LoginTest.java:12)
at test.LoginTest.lunchUrl(LoginTest.java:12)
at test.LoginTest.lunchUrl(LoginTest.java:12)
at test.LoginTest.lunchUrl(LoginTest.java:12)
at test.LoginTest.lunchUrl(LoginTest.java:12)
at test.LoginTest.lunchUrl(LoginTest.java:12)
at test.LoginTest.lunchUrl(LoginTest.java:12)
at test.LoginTest.lunchUrl(LoginTest.java:12)
at test.LoginTest.lunchUrl(LoginTest.java:12)
at test.LoginTest.lunchUrl(LoginTest.java:12)
at test.LoginTest.lunchUrl(LoginTest.java:12)
at test.LoginTest.lunchUrl(LoginTest.java:12)
at test.LoginTest.lunchUrl(LoginTest.java:12)
at test.LoginTest.lunchUrl(LoginTest.java:12)
at test.LoginTest.lunchUrl(LoginTest.java:12)
at test.LoginTest.lunchUrl(LoginTest.java:12)
at test.LoginTest.lunchUrl(LoginTest.java:12)
at test.LoginTest.lunchUrl(LoginTest.java:12)
at test.LoginTest.lunchUrl(LoginTest.java:12)
at test.LoginTest.lunchUrl(LoginTest.java:12)
at test.LoginTest.lunchUrl(LoginTest.java:12)
at test.LoginTest.lunchUrl(LoginTest.java:12)
at test.LoginTest.lunchUrl(LoginTest.java:12)
at test.LoginTest.lunchUrl(LoginTest.java:12)
at test.LoginTest.lunchUrl(LoginTest.java:12)
at test.LoginTest.lunchUrl(LoginTest.java:12)
at test.LoginTest.lunchUrl(LoginTest.java:12)
at test.LoginTest.lunchUrl(LoginTest.java:12)
at test.LoginTest.lunchUrl(LoginTest.java:12)
at test.LoginTest.lunchUrl(LoginTest.java:12)
at test.LoginTest.lunchUrl(LoginTest.java:12)
at test.LoginTest.lunchUrl(LoginTest.java:12)
at test.LoginTest.lunchUrl(LoginTest.java:12)
at test.LoginTest.lunchUrl(LoginTest.java:12)
at test.LoginTest.lunchUrl(LoginTest.java:12)
at test.LoginTest.lunchUrl(LoginTest.java:12)
at test.LoginTest.lunchUrl(LoginTest.java:12)
at test.LoginTest.lunchUrl(LoginTest.java:12)
at test.LoginTest.lunchUrl(LoginTest.java:12)
at test.LoginTest.lunchUrl(LoginTest.java:12)
at test.LoginTest.lunchUrl(LoginTest.java:12)
at test.LoginTest.lunchUrl(LoginTest.java:12)
at test.LoginTest.lunchUrl(LoginTest.java:12)
at test.LoginTest.lunchUrl(LoginTest.java:12)
at test.LoginTest.lunchUrl(LoginTest.java:12)
at test.LoginTest.lunchUrl(LoginTest.java:12)
at test.LoginTest.lunchUrl(LoginTest.java:12)
at test.LoginTest.lunchUrl(LoginTest.java:12)
at test.LoginTest.lunchUrl(LoginTest.java:12)
at test.LoginTest.lunchUrl(LoginTest.java:12)
at test.LoginTest.lunchUrl(LoginTest.java:12)
at test.LoginTest.lunchUrl(LoginTest.java:12)
at test.LoginTest.lunchUrl(LoginTest.java:12)
at test.LoginTest.lunchUrl(LoginTest.java:12)
at test.LoginTest.lunchUrl(LoginTest.java:12)
at test.LoginTest.lunchUrl(LoginTest.java:12)
at test.LoginTest.lunchUrl(LoginTest.java:12)
at test.LoginTest.lunchUrl(LoginTest.java:12)
at test.LoginTest.lunchUrl(LoginTest.java:12)
at test.LoginTest.lunchUrl(LoginTest.java:12)
at test.LoginTest.lunchUrl(LoginTest.java:12)
at test.LoginTest.lunchUrl(LoginTest.java:12)
at test.LoginTest.lunchUrl(LoginTest.java:12)
at test.LoginTest.lunchUrl(LoginTest.java:12)
at test.LoginTest.lunchUrl(LoginTest.java:12)
at test.LoginTest.lunchUrl(LoginTest.java:12)
at test.LoginTest.lunchUrl(LoginTest.java:12)
at test.LoginTest.lunchUrl(LoginTest.java:12)
at test.LoginTest.lunchUrl(LoginTest.java:12)
at test.LoginTest.lunchUrl(LoginTest.java:12)
at test.LoginTest.lunchUrl(LoginTest.java:12)
at test.LoginTest.lunchUrl(LoginTest.java:12)
at test.LoginTest.lunchUrl(LoginTest.java:12)
at test.LoginTest.lunchUrl(LoginTest.java:12)
at test.LoginTest.lunchUrl(LoginTest.java:12)
at test.LoginTest.lunchUrl(LoginTest.java:12)
at test.LoginTest.lunchUrl(LoginTest.java:12)
at test.LoginTest.lunchUrl(LoginTest.java:12)
at test.LoginTest.lunchUrl(LoginTest.java:12)
at test.LoginTest.lunchUrl(LoginTest.java:12)
at test.LoginTest.lunchUrl(LoginTest.java:12)
at test.LoginTest.lunchUrl(LoginTest.java:12)
at test.LoginTest.lunchUrl(LoginTest.java:12)
at test.LoginTest.lunchUrl(LoginTest.java:12)
at test.LoginTest.lunchUrl(LoginTest.java:12)
at test.LoginTest.lunchUrl(LoginTest.java:12)
at test.LoginTest.lunchUrl(LoginTest.java:12)
at test.LoginTest.lunchUrl(LoginTest.java:12)
at test.LoginTest.lunchUrl(LoginTest.java:12)
at test.LoginTest.lunchUrl(LoginTest.java:12)
at test.LoginTest.lunchUrl(LoginTest.java:12)
at test.LoginTest.lunchUrl(LoginTest.java:12)
at test.LoginTest.lunchUrl(LoginTest.java:12)
at test.LoginTest.lunchUrl(LoginTest.java:12)
at test.LoginTest.lunchUrl(LoginTest.java:12)
at test.LoginTest.lunchUrl(LoginTest.java:12)
at test.LoginTest.lunchUrl(LoginTest.java:12)
at test.LoginTest.lunchUrl(LoginTest.java:12)
at test.LoginTest.lunchUrl(LoginTest.java:12)
at test.LoginTest.lunchUrl(LoginTest.java:12)
at test.LoginTest.lunchUrl(LoginTest.java:12)
at test.LoginTest.lunchUrl(LoginTest.java:12)
at test.LoginTest.lunchUrl(LoginTest.java:12)
at test.LoginTest.lunchUrl(LoginTest.java:12)
at test.LoginTest.lunchUrl(LoginTest.java:12)
at test.LoginTest.lunchUrl(LoginTest.java:12)
at test.LoginTest.lunchUrl(LoginTest.java:12)
at test.LoginTest.lunchUrl(LoginTest.java:12)
at test.LoginTest.lunchUrl(LoginTest.java:12)
at test.LoginTest.lunchUrl(LoginTest.java:12)
at test.LoginTest.lunchUrl(LoginTest.java:12)
at test.LoginTest.lunchUrl(LoginTest.java:12)
at test.LoginTest.lunchUrl(LoginTest.java:12)
at test.LoginTest.lunchUrl(LoginTest.java:12)
at test.LoginTest.lunchUrl(LoginTest.java:12)
at test.LoginTest.lunchUrl(LoginTest.java:12)
at test.LoginTest.lunchUrl(LoginTest.java:12)
at test.LoginTest.lunchUrl(LoginTest.java:12)
at test.LoginTest.lunchUrl(LoginTest.java:12)
at test.LoginTest.lunchUrl(LoginTest.java:12)
at test.LoginTest.lunchUrl(LoginTest.java:12)
at test.LoginTest.lunchUrl(LoginTest.java:12)
at test.LoginTest.lunchUrl(LoginTest.java:12)
at test.LoginTest.lunchUrl(LoginTest.java:12)
at test.LoginTest.lunchUrl(LoginTest.java:12)
at test.LoginTest.lunchUrl(LoginTest.java:12)
at test.LoginTest.lunchUrl(LoginTest.java:12)
at test.LoginTest.lunchUrl(LoginTest.java:12)
at test.LoginTest.lunchUrl(LoginTest.java:12)
at test.LoginTest.lunchUrl(LoginTest.java:12)
at test.LoginTest.lunchUrl(LoginTest.java:12)
at test.LoginTest.lunchUrl(LoginTest.java:12)
at test.LoginTest.lunchUrl(LoginTest.java:12)
at test.LoginTest.lunchUrl(LoginTest.java:12)
at test.LoginTest.lunchUrl(LoginTest.java:12)
at test.LoginTest.lunchUrl(LoginTest.java:12)
at test.LoginTest.lunchUrl(LoginTest.java:12)
at test.LoginTest.lunchUrl(LoginTest.java:12)
at test.LoginTest.lunchUrl(LoginTest.java:12)
at test.LoginTest.lunchUrl(LoginTest.java:12)
at test.LoginTest.lunchUrl(LoginTest.java:12)
at test.LoginTest.lunchUrl(LoginTest.java:12)
at test.LoginTest.lunchUrl(LoginTest.java:12)
at test.LoginTest.lunchUrl(LoginTest.java:12)
at test.LoginTest.lunchUrl(LoginTest.java:12)
at test.LoginTest.lunchUrl(LoginTest.java:12)
at test.LoginTest.lunchUrl(LoginTest.java:12)
at test.LoginTest.lunchUrl(LoginTest.java:12)
at test.LoginTest.lunchUrl(LoginTest.java:12)
at test.LoginTest.lunchUrl(LoginTest.java:12)
at test.LoginTest.lunchUrl(LoginTest.java:12)
at test.LoginTest.lunchUrl(LoginTest.java:12)
at test.LoginTest.lunchUrl(LoginTest.java:12)
at test.LoginTest.lunchUrl(LoginTest.java:12)
at test.LoginTest.lunchUrl(LoginTest.java:12)
at test.LoginTest.lunchUrl(LoginTest.java:12)
at test.LoginTest.lunchUrl(LoginTest.java:12)
at test.LoginTest.lunchUrl(LoginTest.java:12)
at test.LoginTest.lunchUrl(LoginTest.java:12)
at test.LoginTest.lunchUrl(LoginTest.java:12)
at test.LoginTest.lunchUrl(LoginTest.java:12)
at test.LoginTest.lunchUrl(LoginTest.java:12)
at test.LoginTest.lunchUrl(LoginTest.java:12)
at test.LoginTest.lunchUrl(LoginTest.java:12)
at test.LoginTest.lunchUrl(LoginTest.java:12)
at test.LoginTest.lunchUrl(LoginTest.java:12)
at test.LoginTest.lunchUrl(LoginTest.java:12)
at test.LoginTest.lunchUrl(LoginTest.java:12)
at test.LoginTest.lunchUrl(LoginTest.java:12)
at test.LoginTest.lunchUrl(LoginTest.java:12)
at test.LoginTest.lunchUrl(LoginTest.java:12)
at test.LoginTest.lunchUrl(LoginTest.java:12)
at test.LoginTest.lunchUrl(LoginTest.java:12)
at test.LoginTest.lunchUrl(LoginTest.java:12)
at test.LoginTest.lunchUrl(LoginTest.java:12)
at test.LoginTest.lunchUrl(LoginTest.java:12)
at test.LoginTest.lunchUrl(LoginTest.java:12)
at test.LoginTest.lunchUrl(LoginTest.java:12)
at test.LoginTest.lunchUrl(LoginTest.java:12)
at test.LoginTest.lunchUrl(LoginTest.java:12)
at test.LoginTest.lunchUrl(LoginTest.java:12)
at test.LoginTest.lunchUrl(LoginTest.java:12)
at test.LoginTest.lunchUrl(LoginTest.java:12)
at test.LoginTest.lunchUrl(LoginTest.java:12)
at test.LoginTest.lunchUrl(LoginTest.java:12)
at test.LoginTest.lunchUrl(LoginTest.java:12)
at test.LoginTest.lunchUrl(LoginTest.java:12)
at test.LoginTest.lunchUrl(LoginTest.java:12)
at test.LoginTest.lunchUrl(LoginTest.java:12)
at test.LoginTest.lunchUrl(LoginTest.java:12)
at test.LoginTest.lunchUrl(LoginTest.java:12)
at test.LoginTest.lunchUrl(LoginTest.java:12)
at test.LoginTest.lunchUrl(LoginTest.java:12)
at test.LoginTest.lunchUrl(LoginTest.java:12)
at test.LoginTest.lunchUrl(LoginTest.java:12)
at test.LoginTest.lunchUrl(LoginTest.java:12)
at test.LoginTest.lunchUrl(LoginTest.java:12)
at test.LoginTest.lunchUrl(LoginTest.java:12)
at test.LoginTest.lunchUrl(LoginTest.java:12)
at test.LoginTest.lunchUrl(LoginTest.java:12)
at test.LoginTest.lunchUrl(LoginTest.java:12)
at test.LoginTest.lunchUrl(LoginTest.java:12)
at test.LoginTest.lunchUrl(LoginTest.java:12)
at test.LoginTest.lunchUrl(LoginTest.java:12)
at test.LoginTest.lunchUrl(LoginTest.java:12)
at test.LoginTest.lunchUrl(LoginTest.java:12)
at test.LoginTest.lunchUrl(LoginTest.java:12)
at test.LoginTest.lunchUrl(LoginTest.java:12)
at test.LoginTest.lunchUrl(LoginTest.java:12)
at test.LoginTest.lunchUrl(LoginTest.java:12)
at test.LoginTest.lunchUrl(LoginTest.java:12)
at test.LoginTest.lunchUrl(LoginTest.java:12)
at test.LoginTest.lunchUrl(LoginTest.java:12)
at test.LoginTest.lunchUrl(LoginTest.java:12)
at test.LoginTest.lunchUrl(LoginTest.java:12)
at test.LoginTest.lunchUrl(LoginTest.java:12)
at test.LoginTest.lunchUrl(LoginTest.java:12)
at test.LoginTest.lunchUrl(LoginTest.java:12)
at test.LoginTest.lunchUrl(LoginTest.java:12)
at test.LoginTest.lunchUrl(LoginTest.java:12)
at test.LoginTest.lunchUrl(LoginTest.java:12)
at test.LoginTest.lunchUrl(LoginTest.java:12)
at test.LoginTest.lunchUrl(LoginTest.java:12)
at test.LoginTest.lunchUrl(LoginTest.java:12)
at test.LoginTest.lunchUrl(LoginTest.java:12)
at test.LoginTest.lunchUrl(LoginTest.java:12)
at test.LoginTest.lunchUrl(LoginTest.java:12)
at test.LoginTest.lunchUrl(LoginTest.java:12)
at test.LoginTest.lunchUrl(LoginTest.java:12)
at test.LoginTest.lunchUrl(LoginTest.java:12)
at test.LoginTest.lunchUrl(LoginTest.java:12)
at test.LoginTest.lunchUrl(LoginTest.java:12)
at test.LoginTest.lunchUrl(LoginTest.java:12)
at test.LoginTest.lunchUrl(LoginTest.java:12)
at test.LoginTest.lunchUrl(LoginTest.java:12)
at test.LoginTest.lunchUrl(LoginTest.java:12)
at test.LoginTest.lunchUrl(LoginTest.java:12)
at test.LoginTest.lunchUrl(LoginTest.java:12)
at test.LoginTest.lunchUrl(LoginTest.java:12)
at test.LoginTest.lunchUrl(LoginTest.java:12)
at test.LoginTest.lunchUrl(LoginTest.java:12)
at test.LoginTest.lunchUrl(LoginTest.java:12)
at test.LoginTest.lunchUrl(LoginTest.java:12)
at test.LoginTest.lunchUrl(LoginTest.java:12)
at test.LoginTest.lunchUrl(LoginTest.java:12)
at test.LoginTest.lunchUrl(LoginTest.java:12)
at test.LoginTest.lunchUrl(LoginTest.java:12)
at test.LoginTest.lunchUrl(LoginTest.java:12)
at test.LoginTest.lunchUrl(LoginTest.java:12)
at test.LoginTest.lunchUrl(LoginTest.java:12)
at test.LoginTest.lunchUrl(LoginTest.java:12)
at test.LoginTest.lunchUrl(LoginTest.java:12)
at test.LoginTest.lunchUrl(LoginTest.java:12)
at test.LoginTest.lunchUrl(LoginTest.java:12)
at test.LoginTest.lunchUrl(LoginTest.java:12)
at test.LoginTest.lunchUrl(LoginTest.java:12)
at test.LoginTest.lunchUrl(LoginTest.java:12)
at test.LoginTest.lunchUrl(LoginTest.java:12)
at test.LoginTest.lunchUrl(LoginTest.java:12)
at test.LoginTest.lunchUrl(LoginTest.java:12)
at test.LoginTest.lunchUrl(LoginTest.java:12)
at test.LoginTest.lunchUrl(LoginTest.java:12)
at test.LoginTest.lunchUrl(LoginTest.java:12)
at test.LoginTest.lunchUrl(LoginTest.java:12)
at test.LoginTest.lunchUrl(LoginTest.java:12)
at test.LoginTest.lunchUrl(LoginTest.java:12)
at test.LoginTest.lunchUrl(LoginTest.java:12)
at test.LoginTest.lunchUrl(LoginTest.java:12)
at test.LoginTest.lunchUrl(LoginTest.java:12)
at test.LoginTest.lunchUrl(LoginTest.java:12)
at test.LoginTest.lunchUrl(LoginTest.java:12)
at test.LoginTest.lunchUrl(LoginTest.java:12)
at test.LoginTest.lunchUrl(LoginTest.java:12)
at test.LoginTest.lunchUrl(LoginTest.java:12)
at test.LoginTest.lunchUrl(LoginTest.java:12)
at test.LoginTest.lunchUrl(LoginTest.java:12)
at test.LoginTest.lunchUrl(LoginTest.java:12)
at test.LoginTest.lunchUrl(LoginTest.java:12)
at test.LoginTest.lunchUrl(LoginTest.java:12)
at test.LoginTest.lunchUrl(LoginTest.java:12)
at test.LoginTest.lunchUrl(LoginTest.java:12)
at test.LoginTest.lunchUrl(LoginTest.java:12)
at test.LoginTest.lunchUrl(LoginTest.java:12)
at test.LoginTest.lunchUrl(LoginTest.java:12)
at test.LoginTest.lunchUrl(LoginTest.java:12)
at test.LoginTest.lunchUrl(LoginTest.java:12)
at test.LoginTest.lunchUrl(LoginTest.java:12)
at test.LoginTest.lunchUrl(LoginTest.java:12)
at test.LoginTest.lunchUrl(LoginTest.java:12)
at test.LoginTest.lunchUrl(LoginTest.java:12)
at test.LoginTest.lunchUrl(LoginTest.java:12)
at test.LoginTest.lunchUrl(LoginTest.java:12)
at test.LoginTest.lunchUrl(LoginTest.java:12)
at test.LoginTest.lunchUrl(LoginTest.java:12)
at test.LoginTest.lunchUrl(LoginTest.java:12)
at test.LoginTest.lunchUrl(LoginTest.java:12)
at test.LoginTest.lunchUrl(LoginTest.java:12)
at test.LoginTest.lunchUrl(LoginTest.java:12)
at test.LoginTest.lunchUrl(LoginTest.java:12)
at test.LoginTest.lunchUrl(LoginTest.java:12)
at test.LoginTest.lunchUrl(LoginTest.java:12)
at test.LoginTest.lunchUrl(LoginTest.java:12)
at test.LoginTest.lunchUrl(LoginTest.java:12)
at test.LoginTest.lunchUrl(LoginTest.java:12)
at test.LoginTest.lunchUrl(LoginTest.java:12)
at test.LoginTest.lunchUrl(LoginTest.java:12)
at test.LoginTest.lunchUrl(LoginTest.java:12)
at test.LoginTest.lunchUrl(LoginTest.java:12)
at test.LoginTest.lunchUrl(LoginTest.java:12)
at test.LoginTest.lunchUrl(LoginTest.java:12)
at test.LoginTest.lunchUrl(LoginTest.java:12)
at test.LoginTest.lunchUrl(LoginTest.java:12)
at test.LoginTest.lunchUrl(LoginTest.java:12)
at test.LoginTest.lunchUrl(LoginTest.java:12)
at test.LoginTest.lunchUrl(LoginTest.java:12)
at test.LoginTest.lunchUrl(LoginTest.java:12)
at test.LoginTest.lunchUrl(LoginTest.java:12)
at test.LoginTest.lunchUrl(LoginTest.java:12)
at test.LoginTest.lunchUrl(LoginTest.java:12)
at test.LoginTest.lunchUrl(LoginTest.java:12)
at test.LoginTest.lunchUrl(LoginTest.java:12)
at test.LoginTest.lunchUrl(LoginTest.java:12)
at test.LoginTest.lunchUrl(LoginTest.java:12)
at test.LoginTest.lunchUrl(LoginTest.java:12)
at test.LoginTest.lunchUrl(LoginTest.java:12)
at test.LoginTest.lunchUrl(LoginTest.java:12)
at test.LoginTest.lunchUrl(LoginTest.java:12)
at test.LoginTest.lunchUrl(LoginTest.java:12)
at test.LoginTest.lunchUrl(LoginTest.java:12)
at test.LoginTest.lunchUrl(LoginTest.java:12)
at test.LoginTest.lunchUrl(LoginTest.java:12)
at test.LoginTest.lunchUrl(LoginTest.java:12)
at test.LoginTest.lunchUrl(LoginTest.java:12)
at test.LoginTest.lunchUrl(LoginTest.java:12)
at test.LoginTest.lunchUrl(LoginTest.java:12)
at test.LoginTest.lunchUrl(LoginTest.java:12)
at test.LoginTest.lunchUrl(LoginTest.java:12)
at test.LoginTest.lunchUrl(LoginTest.java:12)
at test.LoginTest.lunchUrl(LoginTest.java:12)
at test.LoginTest.lunchUrl(LoginTest.java:12)
at test.LoginTest.lunchUrl(LoginTest.java:12)
at test.LoginTest.lunchUrl(LoginTest.java:12)
at test.LoginTest.lunchUrl(LoginTest.java:12)
at test.LoginTest.lunchUrl(LoginTest.java:12)
at test.LoginTest.lunchUrl(LoginTest.java:12)
at test.LoginTest.lunchUrl(LoginTest.java:12)
at test.LoginTest.lunchUrl(LoginTest.java:12)
at test.LoginTest.lunchUrl(LoginTest.java:12)
at test.LoginTest.lunchUrl(LoginTest.java:12)
at test.LoginTest.lunchUrl(LoginTest.java:12)
at test.LoginTest.lunchUrl(LoginTest.java:12)
at test.LoginTest.lunchUrl(LoginTest.java:12)
at test.LoginTest.lunchUrl(LoginTest.java:12)
at test.LoginTest.lunchUrl(LoginTest.java:12)
at test.LoginTest.lunchUrl(LoginTest.java:12)
at test.LoginTest.lunchUrl(LoginTest.java:12)
at test.LoginTest.lunchUrl(LoginTest.java:12)
at test.LoginTest.lunchUrl(LoginTest.java:12)
at test.LoginTest.lunchUrl(LoginTest.java:12)
at test.LoginTest.lunchUrl(LoginTest.java:12)
at test.LoginTest.lunchUrl(LoginTest.java:12)
at test.LoginTest.lunchUrl(LoginTest.java:12)
at test.LoginTest.lunchUrl(LoginTest.java:12)
at test.LoginTest.lunchUrl(LoginTest.java:12)
at test.LoginTest.lunchUrl(LoginTest.java:12)
at test.LoginTest.lunchUrl(LoginTest.java:12)
at test.LoginTest.lunchUrl(LoginTest.java:12)
at test.LoginTest.lunchUrl(LoginTest.java:12)
at test.LoginTest.lunchUrl(LoginTest.java:12)
at test.LoginTest.lunchUrl(LoginTest.java:12)
at test.LoginTest.lunchUrl(LoginTest.java:12)
at test.LoginTest.lunchUrl(LoginTest.java:12)
at test.LoginTest.lunchUrl(LoginTest.java:12)
at test.LoginTest.lunchUrl(LoginTest.java:12)
at test.LoginTest.lunchUrl(LoginTest.java:12)
at test.LoginTest.lunchUrl(LoginTest.java:12)
at test.LoginTest.lunchUrl(LoginTest.java:12)
at test.LoginTest.lunchUrl(LoginTest.java:12)
at test.LoginTest.lunchUrl(LoginTest.java:12)
at test.LoginTest.lunchUrl(LoginTest.java:12)
at test.LoginTest.lunchUrl(LoginTest.java:12)
at test.LoginTest.lunchUrl(LoginTest.java:12)
at test.LoginTest.lunchUrl(LoginTest.java:12)
at test.LoginTest.lunchUrl(LoginTest.java:12)
at test.LoginTest.lunchUrl(LoginTest.java:12)
at test.LoginTest.lunchUrl(LoginTest.java:12)
at test.LoginTest.lunchUrl(LoginTest.java:12)
at test.LoginTest.lunchUrl(LoginTest.java:12)
at test.LoginTest.lunchUrl(LoginTest.java:12)
at test.LoginTest.lunchUrl(LoginTest.java:12)
at test.LoginTest.lunchUrl(LoginTest.java:12)
at test.LoginTest.lunchUrl(LoginTest.java:12)
at test.LoginTest.lunchUrl(LoginTest.java:12)
at test.LoginTest.lunchUrl(LoginTest.java:12)
at test.LoginTest.lunchUrl(LoginTest.java:12)
at test.LoginTest.lunchUrl(LoginTest.java:12)
at test.LoginTest.lunchUrl(LoginTest.java:12)
at test.LoginTest.lunchUrl(LoginTest.java:12)
at test.LoginTest.lunchUrl(LoginTest.java:12)
at test.LoginTest.lunchUrl(LoginTest.java:12)
at test.LoginTest.lunchUrl(LoginTest.java:12)
at test.LoginTest.lunchUrl(LoginTest.java:12)
at test.LoginTest.lunchUrl(LoginTest.java:12)
at test.LoginTest.lunchUrl(LoginTest.java:12)
at test.LoginTest.lunchUrl(LoginTest.java:12)
at test.LoginTest.lunchUrl(LoginTest.java:12)
at test.LoginTest.lunchUrl(LoginTest.java:12)
at test.LoginTest.lunchUrl(LoginTest.java:12)
at test.LoginTest.lunchUrl(LoginTest.java:12)
at test.LoginTest.lunchUrl(LoginTest.java:12)
at test.LoginTest.lunchUrl(LoginTest.java:12)
at test.LoginTest.lunchUrl(LoginTest.java:12)
at test.LoginTest.lunchUrl(LoginTest.java:12)
at test.LoginTest.lunchUrl(LoginTest.java:12)
at test.LoginTest.lunchUrl(LoginTest.java:12)
at test.LoginTest.lunchUrl(LoginTest.java:12)
at test.LoginTest.lunchUrl(LoginTest.java:12)
at test.LoginTest.lunchUrl(LoginTest.java:12)
at test.LoginTest.lunchUrl(LoginTest.java:12)
at test.LoginTest.lunchUrl(LoginTest.java:12)
at test.LoginTest.lunchUrl(LoginTest.java:12)
at test.LoginTest.lunchUrl(LoginTest.java:12)
at test.LoginTest.lunchUrl(LoginTest.java:12)
at test.LoginTest.lunchUrl(LoginTest.java:12)
at test.LoginTest.lunchUrl(LoginTest.java:12)
at test.LoginTest.lunchUrl(LoginTest.java:12)
at test.LoginTest.lunchUrl(LoginTest.java:12)
at test.LoginTest.lunchUrl(LoginTest.java:12)
at test.LoginTest.lunchUrl(LoginTest.java:12)
at test.LoginTest.lunchUrl(LoginTest.java:12)
at test.LoginTest.lunchUrl(LoginTest.java:12)
at test.LoginTest.lunchUrl(LoginTest.java:12)
at test.LoginTest.lunchUrl(LoginTest.java:12)
at test.LoginTest.lunchUrl(LoginTest.java:12)
at test.LoginTest.lunchUrl(LoginTest.java:12)
at test.LoginTest.lunchUrl(LoginTest.java:12)
at test.LoginTest.lunchUrl(LoginTest.java:12)
at test.LoginTest.lunchUrl(LoginTest.java:12)
at test.LoginTest.lunchUrl(LoginTest.java:12)
at test.LoginTest.lunchUrl(LoginTest.java:12)
at test.LoginTest.lunchUrl(LoginTest.java:12)
at test.LoginTest.lunchUrl(LoginTest.java:12)
at test.LoginTest.lunchUrl(LoginTest.java:12)
at test.LoginTest.lunchUrl(LoginTest.java:12)
at test.LoginTest.lunchUrl(LoginTest.java:12)
at test.LoginTest.lunchUrl(LoginTest.java:12)
at test.LoginTest.lunchUrl(LoginTest.java:12)
at test.LoginTest.lunchUrl(LoginTest.java:12)
at test.LoginTest.lunchUrl(LoginTest.java:12)
at test.LoginTest.lunchUrl(LoginTest.java:12)
at test.LoginTest.lunchUrl(LoginTest.java:12)
at test.LoginTest.lunchUrl(LoginTest.java:12)
at test.LoginTest.lunchUrl(LoginTest.java:12)
at test.LoginTest.lunchUrl(LoginTest.java:12)
at test.LoginTest.lunchUrl(LoginTest.java:12)
at test.LoginTest.lunchUrl(LoginTest.java:12)
at test.LoginTest.lunchUrl(LoginTest.java:12)
at test.LoginTest.lunchUrl(LoginTest.java:12)
at test.LoginTest.lunchUrl(LoginTest.java:12)
at test.LoginTest.lunchUrl(LoginTest.java:12)
at test.LoginTest.lunchUrl(LoginTest.java:12)
at test.LoginTest.lunchUrl(LoginTest.java:12)
at test.LoginTest.lunchUrl(LoginTest.java:12)
at test.LoginTest.lunchUrl(LoginTest.java:12)
at test.LoginTest.lunchUrl(LoginTest.java:12)
at test.LoginTest.lunchUrl(LoginTest.java:12)
at test.LoginTest.lunchUrl(LoginTest.java:12)
at test.LoginTest.lunchUrl(LoginTest.java:12)
at test.LoginTest.lunchUrl(LoginTest.java:12)
at test.LoginTest.lunchUrl(LoginTest.java:12)
at test.LoginTest.lunchUrl(LoginTest.java:12)
at test.LoginTest.lunchUrl(LoginTest.java:12)
at test.LoginTest.lunchUrl(LoginTest.java:12)
at test.LoginTest.lunchUrl(LoginTest.java:12)
at test.LoginTest.lunchUrl(LoginTest.java:12)
at test.LoginTest.lunchUrl(LoginTest.java:12)
at test.LoginTest.lunchUrl(LoginTest.java:12)
at test.LoginTest.lunchUrl(LoginTest.java:12)
at test.LoginTest.lunchUrl(LoginTest.java:12)
at test.LoginTest.lunchUrl(LoginTest.java:12)
at test.LoginTest.lunchUrl(LoginTest.java:12)
at test.LoginTest.lunchUrl(LoginTest.java:12)
at test.LoginTest.lunchUrl(LoginTest.java:12)
at test.LoginTest.lunchUrl(LoginTest.java:12)
at test.LoginTest.lunchUrl(LoginTest.java:12)
at test.LoginTest.lunchUrl(LoginTest.java:12)
at test.LoginTest.lunchUrl(LoginTest.java:12)
at test.LoginTest.lunchUrl(LoginTest.java:12)
at test.LoginTest.lunchUrl(LoginTest.java:12)
at test.LoginTest.lunchUrl(LoginTest.java:12)
at test.LoginTest.lunchUrl(LoginTest.java:12)
at test.LoginTest.lunchUrl(LoginTest.java:12)
at test.LoginTest.lunchUrl(LoginTest.java:12)
at test.LoginTest.lunchUrl(LoginTest.java:12)
at test.LoginTest.lunchUrl(LoginTest.java:12)
at test.LoginTest.lunchUrl(LoginTest.java:12)
at test.LoginTest.lunchUrl(LoginTest.java:12)
at test.LoginTest.lunchUrl(LoginTest.java:12)
at test.LoginTest.lunchUrl(LoginTest.java:12)
at test.LoginTest.lunchUrl(LoginTest.java:12)
at test.LoginTest.lunchUrl(LoginTest.java:12)
at test.LoginTest.lunchUrl(LoginTest.java:12)
at test.LoginTest.lunchUrl(LoginTest.java:12)
at test.LoginTest.lunchUrl(LoginTest.java:12)
at test.LoginTest.lunchUrl(LoginTest.java:12)
at test.LoginTest.lunchUrl(LoginTest.java:12)
at test.LoginTest.lunchUrl(LoginTest.java:12)
at test.LoginTest.lunchUrl(LoginTest.java:12)
at test.LoginTest.lunchUrl(LoginTest.java:12)
at test.LoginTest.lunchUrl(LoginTest.java:12)
]]>
    </error>
  </testcase> <!-- lunchUrl -->
  <testcase classname="test.LoginTest" name="clickonclose" time="0.001">
    <skipped/>
  </testcase> <!-- clickonclose -->
</testsuite> <!-- test.LoginTest -->
